Log file open, 10/02/18 22:09:53
LogWindows: Failed to load 'aqProf.dll' (GetLastError=126)
LogWindows: File 'aqProf.dll' does not exist
LogWindows: Failed to load 'VtuneApi.dll' (GetLastError=126)
LogWindows: File 'VtuneApi.dll' does not exist
LogWindows: Failed to load 'VtuneApi32e.dll' (GetLastError=126)
LogWindows: File 'VtuneApi32e.dll' does not exist
LogInit: Display: Running engine for game: MCompProject
LogPlatformFile: Not using cached read wrapper
LogInit: Display: RandInit(-92782141) SRandInit(-92782141).
LogInit: Read version file with build ID '3944462'
LogInit: Overriding engine version to CL 4033788, compatible CL 3944462
LogInit: Registered custom module enumerator with build ID '3944462'
LogTaskGraph: Started task graph with 5 named threads and 23 total threads with 3 sets of task threads.
LogStats: Stats thread started at 0.402678
LogD3D11RHI: Aftermath initialized
LogICUInternationalization: Display: ICU TimeZone Detection - Raw Offset: +0:00, Platform Override: ''
LogModuleManager: Display: Found up-to-date module file ../../../Engine/Plugins/2D/Paper2D/Binaries/Win64/UE4Editor-Paper2D.dll (API version 3944462).
LogModuleManager: Display: Found up-to-date module file ../../../Engine/Plugins/2D/Paper2D/Binaries/Win64/UE4Editor-Paper2DEditor.dll (API version 3944462).
LogModuleManager: Display: Found up-to-date module file ../../../Engine/Plugins/2D/Paper2D/Binaries/Win64/UE4Editor-PaperSpriteSheetImporter.dll (API version 3944462).
LogModuleManager: Display: Found up-to-date module file ../../../Engine/Plugins/2D/Paper2D/Binaries/Win64/UE4Editor-PaperTiledImporter.dll (API version 3944462).
LogModuleManager: Display: Found up-to-date module file ../../../Engine/Plugins/2D/Paper2D/Binaries/Win64/UE4Editor-SmartSnapping.dll (API version 3944462).
LogModuleManager: Display: Found up-to-date module file ../../../Engine/Plugins/Blendables/LightPropagationVolume/Binaries/Win64/UE4Editor-LightPropagationVolumeRuntime.dll (API version 3944462).
LogModuleManager: Display: Found up-to-date module file ../../../Engine/Plugins/Blendables/LightPropagationVolume/Binaries/Win64/UE4Editor-LightPropagationVolumeEditor.dll (API version 3944462).
LogModuleManager: Display: Found up-to-date module file ../../../Engine/Plugins/Developer/CLionSourceCodeAccess/Binaries/Win64/UE4Editor-CLionSourceCodeAccess.dll (API version 3944462).
LogModuleManager: Display: Found up-to-date module file ../../../Engine/Plugins/Developer/GitSourceControl/Binaries/Win64/UE4Editor-GitSourceControl.dll (API version 3944462).
LogModuleManager: Display: Found up-to-date module file ../../../Engine/Plugins/Developer/PerforceSourceControl/Binaries/Win64/UE4Editor-PerforceSourceControl.dll (API version 3944462).
LogModuleManager: Display: Found up-to-date module file ../../../Engine/Plugins/Developer/SubversionSourceControl/Binaries/Win64/UE4Editor-SubversionSourceControl.dll (API version 3944462).
LogModuleManager: Display: Found up-to-date module file ../../../Engine/Plugins/Developer/UObjectPlugin/Binaries/Win64/UE4Editor-UObjectPlugin.dll (API version 3944462).
LogModuleManager: Display: Found up-to-date module file ../../../Engine/Plugins/Developer/VisualStudioCodeSourceCodeAccess/Binaries/Win64/UE4Editor-VisualStudioCodeSourceCodeAccess.dll (API version 3944462).
LogModuleManager: Display: Found up-to-date module file ../../../Engine/Plugins/Developer/VisualStudioSourceCodeAccess/Binaries/Win64/UE4Editor-VisualStudioSourceCodeAccess.dll (API version 3944462).
LogModuleManager: Display: Found up-to-date module file ../../../Engine/Plugins/Editor/AssetManagerEditor/Binaries/Win64/UE4Editor-AssetManagerEditor.dll (API version 3944462).
LogModuleManager: Display: Found up-to-date module file ../../../Engine/Plugins/Editor/CryptoKeys/Binaries/Win64/UE4Editor-CryptoKeys.dll (API version 3944462).
LogModuleManager: Display: Found up-to-date module file ../../../Engine/Plugins/Editor/CryptoKeys/Binaries/Win64/UE4Editor-CryptoKeysOpenSSL.dll (API version 3944462).
LogModuleManager: Display: Found up-to-date module file ../../../Engine/Plugins/Editor/DataValidation/Binaries/Win64/UE4Editor-DataValidation.dll (API version 3944462).
LogModuleManager: Display: Found up-to-date module file ../../../Engine/Plugins/Editor/FacialAnimation/Binaries/Win64/UE4Editor-FacialAnimation.dll (API version 3944462).
LogModuleManager: Display: Found up-to-date module file ../../../Engine/Plugins/Editor/FacialAnimation/Binaries/Win64/UE4Editor-FacialAnimationEditor.dll (API version 3944462).
LogModuleManager: Display: Found up-to-date module file ../../../Engine/Plugins/Editor/GameplayTagsEditor/Binaries/Win64/UE4Editor-GameplayTagsEditor.dll (API version 3944462).
LogModuleManager: Display: Found up-to-date module file ../../../Engine/Plugins/Editor/MobileLauncherProfileWizard/Binaries/Win64/UE4Editor-MobileLauncherProfileWizard.dll (API version 3944462).
LogModuleManager: Display: Found up-to-date module file ../../../Engine/Plugins/Editor/PluginBrowser/Binaries/Win64/UE4Editor-PluginBrowser.dll (API version 3944462).
LogModuleManager: Display: Found up-to-date module file ../../../Engine/Plugins/Editor/SpeedTreeImporter/Binaries/Win64/UE4Editor-SpeedTreeImporter.dll (API version 3944462).
LogModuleManager: Display: Found up-to-date module file ../../../Engine/Plugins/Enterprise/DatasmithContent/Binaries/Win64/UE4Editor-DatasmithContent.dll (API version 3944462).
LogModuleManager: Display: Found up-to-date module file ../../../Engine/Plugins/Experimental/AlembicImporter/Binaries/Win64/UE4Editor-AlembicImporter.dll (API version 3944462).
LogModuleManager: Display: Found up-to-date module file ../../../Engine/Plugins/Experimental/AlembicImporter/Binaries/Win64/UE4Editor-AlembicLibrary.dll (API version 3944462).
LogModuleManager: Display: Found up-to-date module file ../../../Engine/Plugins/Experimental/CharacterAI/Binaries/Win64/UE4Editor-CharacterAI.dll (API version 3944462).
LogModuleManager: Display: Found up-to-date module file ../../../Engine/Plugins/Experimental/HTML5Networking/Binaries/Win64/UE4Editor-HTML5Networking.dll (API version 3944462).
LogModuleManager: Display: Found up-to-date module file ../../../Engine/Plugins/Media/AndroidMedia/Binaries/Win64/UE4Editor-AndroidMediaEditor.dll (API version 3944462).
LogModuleManager: Display: Found up-to-date module file ../../../Engine/Plugins/Media/AndroidMedia/Binaries/Win64/UE4Editor-AndroidMediaFactory.dll (API version 3944462).
LogModuleManager: Display: Found up-to-date module file ../../../Engine/Plugins/Media/AvfMedia/Binaries/Win64/UE4Editor-AvfMediaEditor.dll (API version 3944462).
LogModuleManager: Display: Found up-to-date module file ../../../Engine/Plugins/Media/AvfMedia/Binaries/Win64/UE4Editor-AvfMediaFactory.dll (API version 3944462).
LogModuleManager: Display: Found up-to-date module file ../../../Engine/Plugins/Media/AvfMedia/Binaries/Win64/UE4Editor-AvfMediaFactory.dll (API version 3944462).
LogModuleManager: Display: Found up-to-date module file ../../../Engine/Plugins/Media/ImgMedia/Binaries/Win64/UE4Editor-ImgMedia.dll (API version 3944462).
LogModuleManager: Display: Found up-to-date module file ../../../Engine/Plugins/Media/ImgMedia/Binaries/Win64/UE4Editor-ImgMediaEditor.dll (API version 3944462).
LogModuleManager: Display: Found up-to-date module file ../../../Engine/Plugins/Media/ImgMedia/Binaries/Win64/UE4Editor-ImgMediaFactory.dll (API version 3944462).
LogModuleManager: Display: Found up-to-date module file ../../../Engine/Plugins/Media/ImgMedia/Binaries/Win64/UE4Editor-ImgMediaFactory.dll (API version 3944462).
LogModuleManager: Display: Found up-to-date module file ../../../Engine/Plugins/Media/ImgMedia/Binaries/Win64/UE4Editor-OpenExrWrapper.dll (API version 3944462).
LogModuleManager: Display: Found up-to-date module file ../../../Engine/Plugins/Media/LinearTimecode/Binaries/Win64/UE4Editor-LinearTimecode.dll (API version 3944462).
LogModuleManager: Display: Found up-to-date module file ../../../Engine/Plugins/Media/MediaCompositing/Binaries/Win64/UE4Editor-MediaCompositing.dll (API version 3944462).
LogModuleManager: Display: Found up-to-date module file ../../../Engine/Plugins/Media/MediaCompositing/Binaries/Win64/UE4Editor-MediaCompositingEditor.dll (API version 3944462).
LogModuleManager: Display: Found up-to-date module file ../../../Engine/Plugins/Media/MediaPlayerEditor/Binaries/Win64/UE4Editor-MediaPlayerEditor.dll (API version 3944462).
LogModuleManager: Display: Found up-to-date module file ../../../Engine/Plugins/Media/WmfMedia/Binaries/Win64/UE4Editor-WmfMedia.dll (API version 3944462).
LogModuleManager: Display: Found up-to-date module file ../../../Engine/Plugins/Media/WmfMedia/Binaries/Win64/UE4Editor-WmfMediaEditor.dll (API version 3944462).
LogModuleManager: Display: Found up-to-date module file ../../../Engine/Plugins/Media/WmfMedia/Binaries/Win64/UE4Editor-WmfMediaFactory.dll (API version 3944462).
LogModuleManager: Display: Found up-to-date module file ../../../Engine/Plugins/Media/WmfMedia/Binaries/Win64/UE4Editor-WmfMediaFactory.dll (API version 3944462).
LogModuleManager: Display: Found up-to-date module file ../../../Engine/Plugins/Messaging/TcpMessaging/Binaries/Win64/UE4Editor-TcpMessaging.dll (API version 3944462).
LogModuleManager: Display: Found up-to-date module file ../../../Engine/Plugins/Messaging/UdpMessaging/Binaries/Win64/UE4Editor-UdpMessaging.dll (API version 3944462).
LogModuleManager: Display: Found up-to-date module file ../../../Engine/Plugins/MovieScene/ActorSequence/Binaries/Win64/UE4Editor-ActorSequence.dll (API version 3944462).
LogModuleManager: Display: Found up-to-date module file ../../../Engine/Plugins/MovieScene/LevelSequenceEditor/Binaries/Win64/UE4Editor-LevelSequenceEditor.dll (API version 3944462).
LogModuleManager: Display: Found up-to-date module file ../../../Engine/Plugins/MovieScene/MatineeToLevelSequence/Binaries/Win64/UE4Editor-MatineeToLevelSequence.dll (API version 3944462).
LogModuleManager: Display: Found up-to-date module file ../../../Engine/Plugins/NetcodeUnitTest/NetcodeUnitTest/Binaries/Win64/UE4Editor-NetcodeUnitTest.dll (API version 3944462).
LogModuleManager: Display: Found up-to-date module file ../../../Engine/Plugins/NetcodeUnitTest/NUTUnrealEngine4/Binaries/Win64/UE4Editor-NUTUnrealEngine4.dll (API version 3944462).
LogModuleManager: Display: Found up-to-date module file ../../../Engine/Plugins/Online/OnlineSubsystem/Binaries/Win64/UE4Editor-OnlineSubsystem.dll (API version 3944462).
LogModuleManager: Display: Found up-to-date module file ../../../Engine/Plugins/Runtime/AndroidPermission/Binaries/Win64/UE4Editor-AndroidPermission.dll (API version 3944462).
LogModuleManager: Display: Found up-to-date module file ../../../Engine/Plugins/Online/OnlineSubsystemNull/Binaries/Win64/UE4Editor-OnlineSubsystemNull.dll (API version 3944462).
LogModuleManager: Display: Found up-to-date module file ../../../Engine/Plugins/Online/OnlineSubsystemUtils/Binaries/Win64/UE4Editor-OnlineSubsystemUtils.dll (API version 3944462).
LogModuleManager: Display: Found up-to-date module file ../../../Engine/Plugins/Online/OnlineSubsystemUtils/Binaries/Win64/UE4Editor-OnlineBlueprintSupport.dll (API version 3944462).
LogModuleManager: Display: Found up-to-date module file ../../../Engine/Plugins/Runtime/AndroidDeviceProfileSelector/Binaries/Win64/UE4Editor-AndroidDeviceProfileSelector.dll (API version 3944462).
LogModuleManager: Display: Found up-to-date module file ../../../Engine/Plugins/Runtime/AppleARKit/Binaries/Win64/UE4Editor-AppleARKit.dll (API version 3944462).
LogModuleManager: Display: Found up-to-date module file ../../../Engine/Plugins/Runtime/ProceduralMeshComponent/Binaries/Win64/UE4Editor-ProceduralMeshComponent.dll (API version 3944462).
LogModuleManager: Display: Found up-to-date module file ../../../Engine/Plugins/Runtime/ProceduralMeshComponent/Binaries/Win64/UE4Editor-ProceduralMeshComponentEditor.dll (API version 3944462).
LogModuleManager: Display: Found up-to-date module file ../../../Engine/Plugins/Animation/LiveLink/Binaries/Win64/UE4Editor-LiveLink.dll (API version 3944462).
LogModuleManager: Display: Found up-to-date module file ../../../Engine/Plugins/Animation/LiveLink/Binaries/Win64/UE4Editor-LiveLinkEditor.dll (API version 3944462).
LogModuleManager: Display: Found up-to-date module file ../../../Engine/Plugins/Runtime/ArchVisCharacter/Binaries/Win64/UE4Editor-ArchVisCharacter.dll (API version 3944462).
LogModuleManager: Display: Found up-to-date module file ../../../Engine/Plugins/Runtime/AudioCapture/Binaries/Win64/UE4Editor-AudioCapture.dll (API version 3944462).
LogModuleManager: Display: Found up-to-date module file ../../../Engine/Plugins/Runtime/AudioCapture/Binaries/Win64/UE4Editor-AudioCaptureEditor.dll (API version 3944462).
LogModuleManager: Display: Found up-to-date module file ../../../Engine/Plugins/Runtime/CableComponent/Binaries/Win64/UE4Editor-CableComponent.dll (API version 3944462).
LogModuleManager: Display: Found up-to-date module file ../../../Engine/Plugins/Runtime/CustomMeshComponent/Binaries/Win64/UE4Editor-CustomMeshComponent.dll (API version 3944462).
LogModuleManager: Display: Found up-to-date module file ../../../Engine/Plugins/Runtime/ExampleDeviceProfileSelector/Binaries/Win64/UE4Editor-ExampleDeviceProfileSelector.dll (API version 3944462).
LogModuleManager: Display: Found up-to-date module file ../../../Engine/Plugins/Runtime/ImmediatePhysics/Binaries/Win64/UE4Editor-ImmediatePhysics.dll (API version 3944462).
LogModuleManager: Display: Found up-to-date module file ../../../Engine/Plugins/Runtime/ImmediatePhysics/Binaries/Win64/UE4Editor-ImmediatePhysicsEditor.dll (API version 3944462).
LogModuleManager: Display: Found up-to-date module file ../../../Engine/Plugins/Runtime/LocationServicesBPLibrary/Binaries/Win64/UE4Editor-LocationServicesBPLibrary.dll (API version 3944462).
LogModuleManager: Display: Found up-to-date module file ../../../Engine/Plugins/Runtime/MobilePatchingUtils/Binaries/Win64/UE4Editor-MobilePatchingUtils.dll (API version 3944462).
LogModuleManager: Display: Found up-to-date module file ../../../Engine/Plugins/Runtime/Oculus/OculusVR/Binaries/Win64/UE4Editor-OculusHMD.dll (API version 3944462).
LogModuleManager: Display: Found up-to-date module file ../../../Engine/Plugins/Runtime/Oculus/OculusVR/Binaries/Win64/UE4Editor-OculusInput.dll (API version 3944462).
LogModuleManager: Display: Found up-to-date module file ../../../Engine/Plugins/Runtime/Oculus/OculusVR/Binaries/Win64/UE4Editor-OculusEditor.dll (API version 3944462).
LogModuleManager: Display: Found up-to-date module file ../../../Engine/Plugins/Runtime/PhysXVehicles/Binaries/Win64/UE4Editor-PhysXVehicles.dll (API version 3944462).
LogModuleManager: Display: Found up-to-date module file ../../../Engine/Plugins/Runtime/PhysXVehicles/Binaries/Win64/UE4Editor-PhysXVehiclesEditor.dll (API version 3944462).
LogModuleManager: Display: Found up-to-date module file ../../../Engine/Plugins/Runtime/RuntimePhysXCooking/Binaries/Win64/UE4Editor-RuntimePhysXCooking.dll (API version 3944462).
LogModuleManager: Display: Found up-to-date module file ../../../Engine/Plugins/Runtime/Steam/SteamVR/Binaries/Win64/UE4Editor-SteamVR.dll (API version 3944462).
LogModuleManager: Display: Found up-to-date module file ../../../Engine/Plugins/Runtime/Steam/SteamVR/Binaries/Win64/UE4Editor-SteamVRController.dll (API version 3944462).
LogModuleManager: Display: Found up-to-date module file ../../../Engine/Plugins/Runtime/WindowsMoviePlayer/Binaries/Win64/UE4Editor-WindowsMoviePlayer.dll (API version 3944462).
LogPluginManager: Mounting plugin Paper2D
LogPluginManager: Mounting plugin LiveLink
LogPluginManager: Mounting plugin LightPropagationVolume
LogPluginManager: Mounting plugin CLionSourceCodeAccess
LogPluginManager: Mounting plugin CodeLiteSourceCodeAccess
LogPluginManager: Mounting plugin GitSourceControl
LogPluginManager: Mounting plugin KDevelopSourceCodeAccess
LogPluginManager: Mounting plugin NullSourceCodeAccess
LogPluginManager: Mounting plugin PerforceSourceControl
LogPluginManager: Mounting plugin SubversionSourceControl
LogPluginManager: Mounting plugin UObjectPlugin
LogPluginManager: Mounting plugin VisualStudioCodeSourceCodeAccess
LogPluginManager: Mounting plugin VisualStudioSourceCodeAccess
LogPluginManager: Mounting plugin XCodeSourceCodeAccess
LogPluginManager: Mounting plugin AssetManagerEditor
LogPluginManager: Mounting plugin CryptoKeys
LogPluginManager: Mounting plugin DataValidation
LogPluginManager: Mounting plugin FacialAnimation
LogPluginManager: Mounting plugin GameplayTagsEditor
LogPluginManager: Mounting plugin MobileLauncherProfileWizard
LogPluginManager: Mounting plugin PluginBrowser
LogPluginManager: Mounting plugin SpeedTreeImporter
LogPluginManager: Mounting plugin DatasmithContent
LogPluginManager: Mounting plugin AlembicImporter
LogPluginManager: Mounting plugin CharacterAI
LogPluginManager: Mounting plugin HTML5Networking
LogPluginManager: Mounting plugin AndroidMedia
LogPluginManager: Mounting plugin AvfMedia
LogPluginManager: Mounting plugin ImgMedia
LogPluginManager: Mounting plugin LinearTimecode
LogPluginManager: Mounting plugin MediaCompositing
LogPluginManager: Mounting plugin MediaPlayerEditor
LogPluginManager: Mounting plugin WmfMedia
LogPluginManager: Mounting plugin TcpMessaging
LogPluginManager: Mounting plugin UdpMessaging
LogPluginManager: Mounting plugin ActorSequence
LogPluginManager: Mounting plugin LevelSequenceEditor
LogPluginManager: Mounting plugin MatineeToLevelSequence
LogPluginManager: Mounting plugin NetcodeUnitTest
LogPluginManager: Mounting plugin NUTUnrealEngine4
LogPluginManager: Mounting plugin OnlineSubsystemGooglePlay
LogPluginManager: Mounting plugin OnlineSubsystemIOS
LogPluginManager: Mounting plugin OnlineSubsystem
LogPluginManager: Mounting plugin OnlineSubsystemNull
LogPluginManager: Mounting plugin OnlineSubsystemUtils
LogPluginManager: Mounting plugin AndroidDeviceProfileSelector
LogPluginManager: Mounting plugin AndroidMoviePlayer
LogPluginManager: Mounting plugin AndroidPermission
LogPluginManager: Mounting plugin AppleARKit
LogPluginManager: Mounting plugin AppleMoviePlayer
LogPluginManager: Mounting plugin ArchVisCharacter
LogPluginManager: Mounting plugin AudioCapture
LogPluginManager: Mounting plugin CableComponent
LogPluginManager: Mounting plugin CustomMeshComponent
LogPluginManager: Mounting plugin ExampleDeviceProfileSelector
LogPluginManager: Mounting plugin GoogleCloudMessaging
LogPluginManager: Mounting plugin ImmediatePhysics
LogPluginManager: Mounting plugin IOSDeviceProfileSelector
LogPluginManager: Mounting plugin LinuxDeviceProfileSelector
LogPluginManager: Mounting plugin LocationServicesBPLibrary
LogPluginManager: Mounting plugin MobilePatchingUtils
LogPluginManager: Mounting plugin OculusVR
LogPluginManager: Plugin shader directory ../../../Engine/Plugins/Runtime/Oculus/OculusVR/Shaders found
LogPluginManager: Mapping shader source directory ../../../Engine/Plugins/Runtime/Oculus/OculusVR/Shaders to virtual directory /Plugin/OculusVR
LogPluginManager: Mounting plugin PhysXVehicles
LogPluginManager: Mounting plugin ProceduralMeshComponent
LogPluginManager: Mounting plugin RuntimePhysXCooking
LogPluginManager: Mounting plugin SteamVR
LogPluginManager: Mounting plugin WindowsMoviePlayer
LogStreaming: Display: Took  2.202s to configure plugins.
LogInit: Using libcurl 7.47.1
LogInit:  - built for x86_64-pc-win32
LogInit:  - supports SSL with OpenSSL/1.0.2g
LogInit:  - supports HTTP deflate (compression) using libz 1.2.8
LogInit:  - other features:
LogInit:      CURL_VERSION_SSL
LogInit:      CURL_VERSION_LIBZ
LogInit:      CURL_VERSION_IPV6
LogInit:      CURL_VERSION_ASYNCHDNS
LogInit:      CURL_VERSION_LARGEFILE
LogInit:      CURL_VERSION_IDN
LogInit:  CurlRequestOptions (configurable via config and command line):
LogInit:  - bVerifyPeer = false  - Libcurl will NOT verify peer certificate
LogInit:  - bUseHttpProxy = false  - Libcurl will NOT use HTTP proxy
LogInit:  - bDontReuseConnections = false  - Libcurl will reuse connections
LogInit:  - CertBundlePath = nullptr  - Libcurl will use whatever was configured at build time.
LogInit:  - MaxHostConnections = 16  - Libcurl will limit the number of connections to a host
LogInit:  - LocalHostAddr = Default
LogInit: WinSock: version 1.1 (2.2), MaxSocks=32767, MaxUdp=65467
LogInit: WinSock: I am ADAMS-PC (172.18.101.2:0)
LogInit: Build: ++UE4+Release-4.19-CL-4033788
LogInit: Engine Version: 4.19.2-4033788+++UE4+Release-4.19
LogInit: Compatible Engine Version: 4.19.0-3944462+++UE4+Release-4.19
LogInit: Net CL: 3944462
LogDevObjectVersion: Number of dev versions registered: 18
LogDevObjectVersion:   Dev-Blueprints (B0D832E4-1F89-4F0D-ACCF-7EB736FD4AA2): 10
LogDevObjectVersion:   Dev-Build (E1C64328-A22C-4D53-A36C-8E866417BD8C): 0
LogDevObjectVersion:   Dev-Core (375EC13C-06E4-48FB-B500-84F0262A717E): 2
LogDevObjectVersion:   Dev-Editor (E4B068ED-F494-42E9-A231-DA0B2E46BB41): 23
LogDevObjectVersion:   Dev-Framework (CFFC743F-43B0-4480-9391-14DF171D2073): 33
LogDevObjectVersion:   Dev-Mobile (B02B49B5-BB20-44E9-A304-32B752E40360): 2
LogDevObjectVersion:   Dev-Networking (A4E4105C-59A1-49B5-A7C5-40C4547EDFEE): 0
LogDevObjectVersion:   Dev-Online (39C831C9-5AE6-47DC-9A44-9C173E1C8E7C): 0
LogDevObjectVersion:   Dev-Physics (78F01B33-EBEA-4F98-B9B4-84EACCB95AA2): 0
LogDevObjectVersion:   Dev-Platform (6631380F-2D4D-43E0-8009-CF276956A95A): 0
LogDevObjectVersion:   Dev-Rendering (12F88B9F-8875-4AFC-A67C-D90C383ABD29): 25
LogDevObjectVersion:   Dev-Sequencer (7B5AE74C-D270-4C10-A958-57980B212A5A): 6
LogDevObjectVersion:   Dev-VR (D7296918-1DD6-4BDD-9DE2-64A83CC13884): 1
LogDevObjectVersion:   Dev-LoadTimes (C2A15278-BFE7-4AFE-6C17-90FF531DF755): 1
LogDevObjectVersion:   Private-Geometry (6EACA3D4-40EC-4CC1-B786-8BED09428FC5): 2
LogDevObjectVersion:   Dev-AnimPhys (29E575DD-E0A3-4627-9D10-D276232CDCEA): 16
LogDevObjectVersion:   Dev-ReflectionCapture (6B266CEC-1EC7-4B8F-A30B-E4D90942FC07): 1
LogDevObjectVersion:   Dev-Automation (0DF73D61-A23F-47EA-B727-89E90C41499A): 1
LogInit: Compiled (64-bit): Apr 27 2018 02:06:57
LogInit: Compiled with Visual C++: 19.00.24215.01
LogInit: Build Configuration: Development
LogInit: Branch Name: ++UE4+Release-4.19
LogInit: Command Line: 
LogInit: Base Directory: C:/Program Files/Epic Games/UE_4.19/Engine/Binaries/Win64/
LogInit: Installed Engine Build: 1
LogStreaming: Display: Took  0.003s to delete old logs.
LogInit: Presizing for max 8388607 objects, including 0 objects not considered by GC, pre-allocating 0 bytes for permanent pool.
LogInit: Object subsystem initialized
[2018.10.02-21.09.56:088][  0]LogInit: Selected Device Profile: [Windows]
[2018.10.02-21.09.56:088][  0]LogInit: Applying CVar settings loaded from the selected device profile: [Windows]
[2018.10.02-21.09.56:114][  0]LogInit: Computer: ADAMS-PC
[2018.10.02-21.09.56:114][  0]LogInit: User: Osixjoh
[2018.10.02-21.09.56:114][  0]LogInit: CPU Page size=4096, Cores=4
[2018.10.02-21.09.56:114][  0]LogInit: High frequency timer resolution =10.000000 MHz
[2018.10.02-21.09.56:115][  0]LogMemory: Memory total: Physical=16.0GB (16GB approx)
[2018.10.02-21.09.56:115][  0]LogMemory: Platform Memory Stats for Windows
[2018.10.02-21.09.56:115][  0]LogMemory: Process Physical Memory: 277.23 MB used, 277.23 MB peak
[2018.10.02-21.09.56:115][  0]LogMemory: Process Virtual Memory: 265.35 MB used, 265.35 MB peak
[2018.10.02-21.09.56:115][  0]LogMemory: Physical Memory: 6122.25 MB used,  10225.83 MB free, 16348.08 MB total
[2018.10.02-21.09.56:115][  0]LogMemory: Virtual Memory: 4791.61 MB used,  10225.83 MB free, 134217728.00 MB total
[2018.10.02-21.09.56:372][  0]LogInit: Using OS detected language (en-GB).
[2018.10.02-21.09.56:372][  0]LogInit: Using OS detected locale (en-GB).
[2018.10.02-21.09.56:378][  0]LogTextLocalizationManager: No specific localization for 'en-GB' exists, so the 'en' localization will be used.
[2018.10.02-21.09.56:885][  0]LogStreaming: Display: Took  0.513s to EndInitTextLocalization.
[2018.10.02-21.09.56:886][  0]LogInit: Setting process to per monitor DPI aware
[2018.10.02-21.09.56:960][  0]LogSlate: New Slate User Created.  User Index 0, Is Virtual User: 0
[2018.10.02-21.09.56:960][  0]LogSlate: Slate User Registered.  User Index 0, Is Virtual User: 0
[2018.10.02-21.09.57:283][  0]LogD3D11RHI: D3D11 adapters:
[2018.10.02-21.09.57:447][  0]LogD3D11RHI:    0. 'AMD Radeon (TM) R9 390 Series' (Feature Level 11_0)
[2018.10.02-21.09.57:447][  0]LogD3D11RHI:       8168/0/8174 MB DedicatedVideo/DedicatedSystem/SharedSystem, Outputs:2, VendorId:0x1002
[2018.10.02-21.09.57:451][  0]LogD3D11RHI:    1. 'Microsoft Basic Render Driver' (Feature Level 11_0)
[2018.10.02-21.09.57:451][  0]LogD3D11RHI:       0/0/8174 MB DedicatedVideo/DedicatedSystem/SharedSystem, Outputs:0, VendorId:0x1414
[2018.10.02-21.09.57:451][  0]LogD3D11RHI: Chosen D3D11 Adapter: 0
[2018.10.02-21.09.57:461][  0]LogD3D11RHI: Creating new Direct3DDevice
[2018.10.02-21.09.57:461][  0]LogD3D11RHI:     GPU DeviceId: 0x67b0 (for the marketing name, search the web for "GPU Device Id")
[2018.10.02-21.09.57:461][  0]LogWindows: EnumDisplayDevices:
[2018.10.02-21.09.57:462][  0]LogWindows:    0. 'AMD Radeon (TM) R9 390 Series' (P:0 D:1)
[2018.10.02-21.09.57:462][  0]LogWindows:    1. 'AMD Radeon (TM) R9 390 Series' (P:1 D:1)
[2018.10.02-21.09.57:462][  0]LogWindows:    2. 'AMD Radeon (TM) R9 390 Series' (P:0 D:0)
[2018.10.02-21.09.57:463][  0]LogWindows:    3. 'AMD Radeon (TM) R9 390 Series' (P:0 D:0)
[2018.10.02-21.09.57:463][  0]LogWindows:    4. 'AMD Radeon (TM) R9 390 Series' (P:0 D:0)
[2018.10.02-21.09.57:464][  0]LogWindows:    5. 'AMD Radeon (TM) R9 390 Series' (P:0 D:0)
[2018.10.02-21.09.57:464][  0]LogWindows:    6. 'AMD Radeon (TM) R9 390 Series' (P:0 D:0)
[2018.10.02-21.09.57:465][  0]LogWindows: DebugString: GetVideoDriverDetailsInvalid PrimaryIsNotTheChoosenAdapter GetVideoDriverDetailsInvalid PrimaryIsNotTheChoosenAdapter GetVideoDriverDetailsInvalid PrimaryIsNotTheChoosenAdapter GetVideoDriverDetailsInvalid PrimaryIsNotTheChoosenAdapter GetVideoDriverDetailsInvalid PrimaryIsNotTheChoosenAdapter GetVideoDriverDetailsInvalid PrimaryIsNotTheChoosenAdapter GetVideoDriverDetailsInvalid PrimaryIsNotTheChoosenAdapter FoundDriverCount:0 
[2018.10.02-21.09.57:465][  0]LogD3D11RHI:     Adapter Name: AMD Radeon (TM) R9 390 Series
[2018.10.02-21.09.57:465][  0]LogD3D11RHI:   Driver Version: Unknown (internal:Unknown, unified:Unknown)
[2018.10.02-21.09.57:465][  0]LogD3D11RHI:      Driver Date: Unknown
[2018.10.02-21.09.57:465][  0]LogRHI: Texture pool is 5717 MB (70% of 8168 MB)
[2018.10.02-21.09.57:562][  0]LogD3D11RHI: Async texture creation enabled
[2018.10.02-21.09.57:575][  0]LogD3D11RHI: GPU Timing Frequency: 27.000000 (Debug: 2 1)
[2018.10.02-21.09.57:577][  0]LogShaderCompilers: Guid format shader working directory is -31 characters bigger than the processId version (../../../../../../Users/Osixjoh/Documents/GitHub/MCompGamesDev2018/MCompProject/Intermediate/Shaders/WorkingDirectory/6204/).
[2018.10.02-21.09.57:577][  0]LogShaderCompilers: Cleaned the shader compiler working directory 'C:/Users/Osixjoh/AppData/Local/Temp/UnrealShaderWorkingDir/3F9CECBF4DF8CDAA1682B2A39A9C3E94/'.
[2018.10.02-21.09.58:117][  0]LogTemp: Display: Loaded TP AllDesktopTargetPlatform
[2018.10.02-21.09.58:154][  0]LogTemp: Display: Loaded TP MacClientTargetPlatform
[2018.10.02-21.09.58:191][  0]LogTemp: Display: Loaded TP MacNoEditorTargetPlatform
[2018.10.02-21.09.58:230][  0]LogTemp: Display: Loaded TP MacServerTargetPlatform
[2018.10.02-21.09.58:264][  0]LogTemp: Display: Loaded TP MacTargetPlatform
[2018.10.02-21.09.58:297][  0]LogTemp: Display: Loaded TP WindowsClientTargetPlatform
[2018.10.02-21.09.58:332][  0]LogTemp: Display: Loaded TP WindowsNoEditorTargetPlatform
[2018.10.02-21.09.58:367][  0]LogTemp: Display: Loaded TP WindowsServerTargetPlatform
[2018.10.02-21.09.58:394][  0]LogTemp: Display: Loaded TP WindowsTargetPlatform
[2018.10.02-21.09.58:426][  0]LogTemp: Display: Loaded TP Android_ASTCTargetPlatform
[2018.10.02-21.09.58:460][  0]LogTemp: Display: Loaded TP Android_ATCTargetPlatform
[2018.10.02-21.09.58:493][  0]LogTemp: Display: Loaded TP Android_DXTTargetPlatform
[2018.10.02-21.09.58:528][  0]LogTemp: Display: Loaded TP Android_ETC1aTargetPlatform
[2018.10.02-21.09.58:561][  0]LogTemp: Display: Loaded TP Android_ETC1TargetPlatform
[2018.10.02-21.09.58:596][  0]LogTemp: Display: Loaded TP Android_ETC2TargetPlatform
[2018.10.02-21.09.58:662][  0]LogTemp: Display: Loaded TP Android_MultiTargetPlatform
[2018.10.02-21.09.58:662][  0]LogTemp: Display: Loaded TP Android_PVRTCTargetPlatform
[2018.10.02-21.09.58:695][  0]LogTemp: Display: Loaded TP AndroidTargetPlatform
[2018.10.02-21.09.58:714][  0]LogTemp: Display: Loaded TP HTML5TargetPlatform
[2018.10.02-21.09.58:807][  0]LogTemp: Display: Loaded TP IOSTargetPlatform
[2018.10.02-21.09.58:838][  0]LogTemp: Display: Loaded TP TVOSTargetPlatform
[2018.10.02-21.09.58:872][  0]LogTemp: Display: Loaded TP LinuxClientTargetPlatform
[2018.10.02-21.09.58:905][  0]LogTemp: Display: Loaded TP LinuxNoEditorTargetPlatform
[2018.10.02-21.09.58:938][  0]LogTemp: Display: Loaded TP LinuxServerTargetPlatform
[2018.10.02-21.09.58:973][  0]LogTemp: Display: Loaded TP LinuxTargetPlatform
[2018.10.02-21.09.58:973][  0]LogTargetPlatformManager: Display: Building Assets For Windows
[2018.10.02-21.09.59:645][  0]LogXGEController: Cannot use XGE Controller as Incredibuild is not installed on this machine.
[2018.10.02-21.09.59:645][  0]LogShaderCompilers: Cannot use XGE Shader Compiler as Incredibuild is not installed on this machine.
[2018.10.02-21.09.59:645][  0]LogShaderCompilers: Display: Using Local Shader Compiler.
[2018.10.02-21.10.00:646][  0]LogDerivedDataCache: Display: Max Cache Size: 512 MB
[2018.10.02-21.10.00:753][  0]LogDerivedDataCache: Loaded boot cache 0.11s 74MB C:/Users/Osixjoh/AppData/Local/UnrealEngine/4.19/DerivedDataCache/Boot.ddc.
[2018.10.02-21.10.00:754][  0]LogDerivedDataCache: Display: Loaded Boot cache: C:/Users/Osixjoh/AppData/Local/UnrealEngine/4.19/DerivedDataCache/Boot.ddc
[2018.10.02-21.10.00:754][  0]LogDerivedDataCache: FDerivedDataBackendGraph:  Pak pak cache file ../../../../../../Users/Osixjoh/Documents/GitHub/MCompGamesDev2018/MCompProject/DerivedDataCache/DDC.ddp not found, will not use a pak cache.
[2018.10.02-21.10.00:754][  0]LogDerivedDataCache: Unable to find inner node Pak for hierarchical cache Hierarchy.
[2018.10.02-21.10.00:754][  0]LogDerivedDataCache: FDerivedDataBackendGraph:  CompressedPak pak cache file ../../../../../../Users/Osixjoh/Documents/GitHub/MCompGamesDev2018/MCompProject/DerivedDataCache/Compressed.ddp not found, will not use a pak cache.
[2018.10.02-21.10.00:754][  0]LogDerivedDataCache: Unable to find inner node CompressedPak for hierarchical cache Hierarchy.
[2018.10.02-21.10.00:777][  0]LogDerivedDataCache: Display: Pak cache opened for reading ../../../Engine/DerivedDataCache/Compressed.ddp.
[2018.10.02-21.10.00:793][  0]LogDerivedDataCache: Using Local data cache path C:/Users/Osixjoh/AppData/Local/UnrealEngine/Common/DerivedDataCache: Writable
[2018.10.02-21.10.00:793][  0]LogDerivedDataCache: Shared data cache path not found in *engine.ini, will not use an Shared cache.
[2018.10.02-21.10.00:793][  0]LogDerivedDataCache: Unable to find inner node Shared for hierarchical cache Hierarchy.
[2018.10.02-21.10.00:809][  0]LogMaterial: Verifying Global Shaders for PCD3D_SM5
[2018.10.02-21.10.00:810][  0]LogSlate: Using Freetype 2.6.0
[2018.10.02-21.10.00:811][  0]LogSlate: SlateFontCache - WITH_FREETYPE: 1, WITH_HARFBUZZ: 1
[2018.10.02-21.10.00:811][  0]LogSlate: SlateFontCache - WITH_FREETYPE: 1, WITH_HARFBUZZ: 1
[2018.10.02-21.10.01:022][  0]LogAssetRegistry: FAssetRegistry took 0.0276 seconds to start up
[2018.10.02-21.10.01:529][  0]LogInit: Selected Device Profile: [Windows]
[2018.10.02-21.10.01:869][  0]LogSimplygon: Simplygon DLL not present - disabling.
[2018.10.02-21.10.01:891][  0]LogMeshReduction: Using SimplygonSwarm for distributed automatic mesh merging
[2018.10.02-21.10.01:891][  0]LogMeshReduction: Using QuadricMeshReduction for automatic static mesh reduction
[2018.10.02-21.10.01:891][  0]LogMeshReduction: No automatic skeletal mesh reduction module available
[2018.10.02-21.10.01:891][  0]LogMeshReduction: No automatic mesh merging module available
[2018.10.02-21.10.01:891][  0]LogMeshMerging: No automatic mesh merging module available
[2018.10.02-21.10.02:057][  0]LogNetVersion: MCompProject , NetCL: 3944462, EngineNetVer: 2, GameNetVer: 0 (Checksum: 693527995)
[2018.10.02-21.10.02:933][  0]LogPackageLocalizationCache: Processed 9 localized package path(s) for 2 prioritized culture(s) in 0.332609 seconds
[2018.10.02-21.10.02:940][  0]LogUObjectArray: 36728 objects as part of root set at end of initial load.
[2018.10.02-21.10.02:940][  0]LogUObjectAllocator: 7314312 out of 0 bytes used by permanent object pool.
[2018.10.02-21.10.02:940][  0]LogUObjectArray: CloseDisregardForGC: 0/0 objects in disregard for GC pool
[2018.10.02-21.10.06:459][  0]LogTcpMessaging: Initializing TcpMessaging bridge
[2018.10.02-21.10.06:528][  0]LogUdpMessaging: Initializing bridge on interface 0.0.0.0:0 to multicast group 230.0.0.1:6666.
[2018.10.02-21.10.07:502][  0]SourceControl: Source control is disabled
[2018.10.02-21.10.07:502][  0]SourceControl: Source control is disabled
[2018.10.02-21.10.07:573][  0]SourceControl: Source control is disabled
[2018.10.02-21.10.07:632][  0]SourceControl: Source control is disabled
[2018.10.02-21.10.09:156][  0]LogAndroidPermission: UAndroidPermissionCallbackProxy::GetInstance
[2018.10.02-21.10.09:740][  0]LogOcInput: OculusInput pre-init called
[2018.10.02-21.10.10:059][  0]LogEngine: Initializing Engine...
[2018.10.02-21.10.10:062][  0]LogHMD: Failed to initialize OpenVR with code 110
[2018.10.02-21.10.10:064][  0]LogStats: UGameplayTagsManager::ConstructGameplayTagTree: Construct from data asset -  0.000 s
[2018.10.02-21.10.10:064][  0]LogStats: UGameplayTagsManager::ConstructGameplayTagTree: GameplayTagTreeChangedEvent.Broadcast -  0.000 s
[2018.10.02-21.10.10:444][  0]LogAIModule: Creating AISystem for world Untitled
[2018.10.02-21.10.10:530][  0]LogInit: XAudio2 using 'Headphones (3- SteelSeries Arctis 7 Game)' : 2 channels at 48 kHz using 16 bits per sample (channel mask 0x3)
[2018.10.02-21.10.10:629][  0]LogInit: FAudioDevice initialized.
[2018.10.02-21.10.10:776][  0]LogDerivedDataCache: Saved boot cache 0.15s 74MB C:/Users/Osixjoh/AppData/Local/UnrealEngine/4.19/DerivedDataCache/Boot.ddc.
[2018.10.02-21.10.10:799][  0]LogInit: Texture streaming: Enabled
[2018.10.02-21.10.10:899][  0]LogEngineSessionManager: EngineSessionManager initialized
[2018.10.02-21.10.10:952][  0]LogInit: Transaction tracking system initialized
[2018.10.02-21.10.11:082][  0]BlueprintLog: New page: Editor Load
[2018.10.02-21.10.11:647][  0]LocalizationService: Localization service is disabled
[2018.10.02-21.10.12:150][  0]LogConsoleResponse: Display: 
[2018.10.02-21.10.12:438][  0]LogCook: Display: Max memory allowance for cook 16384mb min free memory 0mb
[2018.10.02-21.10.12:438][  0]LogCook: Display: Mobile HDR setting 1
[2018.10.02-21.10.12:438][  0]LogGameplayTags: Display: UGameplayTagsManager::DoneAddingNativeTags. DelegateIsBound: 0
[2018.10.02-21.10.12:438][  0]LogStats: UGameplayTagsManager::ConstructGameplayTagTree: Construct from data asset -  0.000 s
[2018.10.02-21.10.12:438][  0]LogStats: UGameplayTagsManager::ConstructGameplayTagTree: GameplayTagTreeChangedEvent.Broadcast -  0.000 s
[2018.10.02-21.10.13:157][  0]LogFileCache: Scanning file cache for directory 'C:/Users/Osixjoh/Documents/GitHub/MCompGamesDev2018/MCompProject/Content/' took 0.03s
[2018.10.02-21.10.13:739][  0]SourceControl: Source control is disabled
[2018.10.02-21.10.13:739][  0]Cmd: MAP LOAD FILE="../../../../../../Users/Osixjoh/Documents/GitHub/MCompGamesDev2018/MCompProject/Content/TopDownBP/Maps/TopDownExampleMap.umap" TEMPLATE=0 SHOWPROGRESS=1 FEATURELEVEL=3
[2018.10.02-21.10.13:739][  0]LightingResults: New page: Lighting Build
[2018.10.02-21.10.13:744][  0]MapCheck: New page: Map Check
[2018.10.02-21.10.13:744][  0]LightingResults: New page: Lighting Build
[2018.10.02-21.10.13:878][  0]LogUObjectGlobals: Created PersistentFrame Addr=0x000002c420615a80, Size=64, Default__ThirdPerson_AnimBP_C Function /Game/Mannequin/Animations/ThirdPerson_AnimBP.ThirdPerson_AnimBP_C:ExecuteUbergraph_ThirdPerson_AnimBP
[2018.10.02-21.10.13:898][  0]LogUObjectGlobals: Destroyed PersistentFrame Addr=0x000002c420615a80, Size=64
[2018.10.02-21.10.13:898][  0]LogUObjectGlobals: Created PersistentFrame Addr=0x000002c420615b00, Size=64, Default__ThirdPerson_AnimBP_C Function /Engine/Transient.REINST_ThirdPerson_AnimBP_C_0:ExecuteUbergraph_ThirdPerson_AnimBP
[2018.10.02-21.10.13:913][  0]LogUObjectGlobals: Created PersistentFrame Addr=0x000002c4017ca610, Size=72, Default__ThirdPerson_AnimBP_C Function /Game/Mannequin/Animations/ThirdPerson_AnimBP.ThirdPerson_AnimBP_C:ExecuteUbergraph_ThirdPerson_AnimBP
[2018.10.02-21.10.13:933][  0]LogUObjectGlobals: Created PersistentFrame Addr=0x000002c4017d2200, Size=544, Default__MasterRoom_C Function /Game/Rooms/MasterRoom/MasterRoom.MasterRoom_C:ExecuteUbergraph_MasterRoom
[2018.10.02-21.10.13:936][  0]LogUObjectGlobals: Created PersistentFrame Addr=0x000002c4017ac800, Size=1064, Default__TopDownCharacter_C Function /Game/TopDownBP/Blueprints/TopDownCharacter.TopDownCharacter_C:ExecuteUbergraph_TopDownCharacter
[2018.10.02-21.10.14:166][  0]LogUObjectGlobals: Created PersistentFrame Addr=0x000002c40ca2ce00, Size=544, Default__Room_1_C Function /Game/Rooms/MasterRoom/MasterRoom.MasterRoom_C:ExecuteUbergraph_MasterRoom
[2018.10.02-21.10.14:168][  0]LogUObjectGlobals: Created PersistentFrame Addr=0x000002c4017a64e0, Size=112, Default__TopDownGameMode_C Function /Game/TopDownBP/Blueprints/TopDownGameMode.TopDownGameMode_C:ExecuteUbergraph_TopDownGameMode
[2018.10.02-21.10.14:177][  0]LogUObjectGlobals: Created PersistentFrame Addr=0x000002c40ca2c680, Size=544, Default__Room_2_C Function /Game/Rooms/MasterRoom/MasterRoom.MasterRoom_C:ExecuteUbergraph_MasterRoom
[2018.10.02-21.10.14:179][  0]LogUObjectGlobals: Created PersistentFrame Addr=0x000002c40ca2c400, Size=544, Default__Room_2_C Function /Game/Rooms/MasterRoom/MasterRoom.MasterRoom_C:ExecuteUbergraph_MasterRoom
[2018.10.02-21.10.14:179][  0]LogUObjectGlobals: Created PersistentFrame Addr=0x000002c40ca2c180, Size=544, Default__Room_1_C Function /Game/Rooms/MasterRoom/MasterRoom.MasterRoom_C:ExecuteUbergraph_MasterRoom
[2018.10.02-21.10.14:192][  0]LogUObjectGlobals: Created PersistentFrame Addr=0x000002c40ca17880, Size=544, Default__Room_3_C Function /Game/Rooms/MasterRoom/MasterRoom.MasterRoom_C:ExecuteUbergraph_MasterRoom
[2018.10.02-21.10.14:207][  0]LogUObjectGlobals: Created PersistentFrame Addr=0x000002c40ca17100, Size=520, Default__TopDownController_C Function /Game/TopDownBP/Blueprints/TopDownController.TopDownController_C:ExecuteUbergraph_TopDownController
[2018.10.02-21.10.14:239][  0]LogUObjectGlobals: Destroyed PersistentFrame Addr=0x000002c4017d2200, Size=544
[2018.10.02-21.10.14:239][  0]LogUObjectGlobals: Created PersistentFrame Addr=0x000002c40ca15080, Size=544, Default__MasterRoom_C Function /Engine/Transient.REINST_MasterRoom_C_4:ExecuteUbergraph_MasterRoom
[2018.10.02-21.10.14:240][  0]LogUObjectGlobals: Destroyed PersistentFrame Addr=0x000002c40ca2c180, Size=544
[2018.10.02-21.10.14:240][  0]LogUObjectGlobals: Created PersistentFrame Addr=0x000002c40ca16480, Size=544, Default__Room_1_C Function /Engine/Transient.REINST_MasterRoom_C_4:ExecuteUbergraph_MasterRoom
[2018.10.02-21.10.14:240][  0]LogUObjectGlobals: Destroyed PersistentFrame Addr=0x000002c40ca2c400, Size=544
[2018.10.02-21.10.14:240][  0]LogUObjectGlobals: Created PersistentFrame Addr=0x000002c40ca14e00, Size=544, Default__Room_2_C Function /Engine/Transient.REINST_MasterRoom_C_4:ExecuteUbergraph_MasterRoom
[2018.10.02-21.10.14:241][  0]LogUObjectGlobals: Destroyed PersistentFrame Addr=0x000002c40ca17880, Size=544
[2018.10.02-21.10.14:241][  0]LogUObjectGlobals: Created PersistentFrame Addr=0x000002c40ca17880, Size=544, Default__Room_3_C Function /Engine/Transient.REINST_MasterRoom_C_4:ExecuteUbergraph_MasterRoom
[2018.10.02-21.10.14:242][  0]LogUObjectGlobals: Destroyed PersistentFrame Addr=0x000002c4017ac800, Size=1064
[2018.10.02-21.10.14:242][  0]LogUObjectGlobals: Created PersistentFrame Addr=0x000002c401b50f00, Size=1064, Default__TopDownCharacter_C Function /Engine/Transient.REINST_TopDownCharacter_C_8:ExecuteUbergraph_TopDownCharacter
[2018.10.02-21.10.14:243][  0]LogUObjectGlobals: Destroyed PersistentFrame Addr=0x000002c40ca17100, Size=520
[2018.10.02-21.10.14:243][  0]LogUObjectGlobals: Created PersistentFrame Addr=0x000002c40ca17100, Size=520, Default__TopDownController_C Function /Engine/Transient.REINST_TopDownController_C_9:ExecuteUbergraph_TopDownController
[2018.10.02-21.10.14:243][  0]LogUObjectGlobals: Destroyed PersistentFrame Addr=0x000002c4017a64e0, Size=112
[2018.10.02-21.10.14:244][  0]LogUObjectGlobals: Created PersistentFrame Addr=0x000002c4206c4a30, Size=112, Default__TopDownGameMode_C Function /Engine/Transient.REINST_TopDownGameMode_C_10:ExecuteUbergraph_TopDownGameMode
[2018.10.02-21.10.14:284][  0]LogUObjectGlobals: Created PersistentFrame Addr=0x000002c4019f1080, Size=544, Default__MasterRoom_C Function /Game/Rooms/MasterRoom/MasterRoom.MasterRoom_C:ExecuteUbergraph_MasterRoom
[2018.10.02-21.10.14:285][  0]LogUObjectGlobals: Created PersistentFrame Addr=0x000002c4019f0b80, Size=544, Default__Room_1_C Function /Game/Rooms/MasterRoom/MasterRoom.MasterRoom_C:ExecuteUbergraph_MasterRoom
[2018.10.02-21.10.14:285][  0]LogUObjectGlobals: Created PersistentFrame Addr=0x000002c4019f0680, Size=544, Default__Room_2_C Function /Game/Rooms/MasterRoom/MasterRoom.MasterRoom_C:ExecuteUbergraph_MasterRoom
[2018.10.02-21.10.14:286][  0]LogUObjectGlobals: Created PersistentFrame Addr=0x000002c4019f0180, Size=544, Default__Room_3_C Function /Game/Rooms/MasterRoom/MasterRoom.MasterRoom_C:ExecuteUbergraph_MasterRoom
[2018.10.02-21.10.14:288][  0]LogUObjectGlobals: Created PersistentFrame Addr=0x000002c401961d00, Size=1064, Default__TopDownCharacter_C Function /Game/TopDownBP/Blueprints/TopDownCharacter.TopDownCharacter_C:ExecuteUbergraph_TopDownCharacter
[2018.10.02-21.10.14:292][  0]LogUObjectGlobals: Created PersistentFrame Addr=0x000002c40195ee80, Size=520, Default__TopDownController_C Function /Game/TopDownBP/Blueprints/TopDownController.TopDownController_C:ExecuteUbergraph_TopDownController
[2018.10.02-21.10.14:293][  0]LogUObjectGlobals: Created PersistentFrame Addr=0x000002c4018fc640, Size=112, Default__TopDownGameMode_C Function /Game/TopDownBP/Blueprints/TopDownGameMode.TopDownGameMode_C:ExecuteUbergraph_TopDownGameMode
[2018.10.02-21.10.14:476][  0]LogSkeletalMesh: Skeletal Mesh found in DDC [13.793400ms] /Game/Mannequin/Character/Mesh/SK_Mannequin.SK_Mannequin
[2018.10.02-21.10.14:625][  0]LogAIModule: Creating AISystem for world TopDownExampleMap
[2018.10.02-21.10.14:640][  0]LogEditorServer: Finished looking for orphan Actors (0.000 secs)
[2018.10.02-21.10.14:654][  0]LogUObjectGlobals: Destroyed PersistentFrame Addr=0x000002c420615b00, Size=64
[2018.10.02-21.10.14:654][  0]LogUObjectGlobals: Destroyed PersistentFrame Addr=0x000002c40ca15080, Size=544
[2018.10.02-21.10.14:654][  0]LogUObjectGlobals: Destroyed PersistentFrame Addr=0x000002c401b50f00, Size=1064
[2018.10.02-21.10.14:654][  0]LogUObjectGlobals: Destroyed PersistentFrame Addr=0x000002c40ca16480, Size=544
[2018.10.02-21.10.14:654][  0]LogUObjectGlobals: Destroyed PersistentFrame Addr=0x000002c4206c4a30, Size=112
[2018.10.02-21.10.14:654][  0]LogUObjectGlobals: Destroyed PersistentFrame Addr=0x000002c40ca14e00, Size=544
[2018.10.02-21.10.14:654][  0]LogUObjectGlobals: Destroyed PersistentFrame Addr=0x000002c40ca17880, Size=544
[2018.10.02-21.10.14:654][  0]LogUObjectGlobals: Destroyed PersistentFrame Addr=0x000002c40ca17100, Size=520
[2018.10.02-21.10.14:656][  0]Cmd: MAP CHECKDEP NOCLEARLOG
[2018.10.02-21.10.14:787][  0]MapCheck: Map check complete: 0 Error(s), 0 Warning(s), took 131.384ms to complete.
[2018.10.02-21.10.14:787][  0]LogFileHelpers: Loading map 'TopDownExampleMap' took 1.049
[2018.10.02-21.10.15:022][  0]LogCollectionManager: Loaded 0 collections in 0.004055 seconds
[2018.10.02-21.10.15:087][  0]LogFileCache: Scanning file cache for directory 'C:/Users/Osixjoh/Documents/GitHub/MCompGamesDev2018/MCompProject/Saved/Collections/' took 0.01s
[2018.10.02-21.10.15:087][  0]LogFileCache: Scanning file cache for directory 'C:/Users/Osixjoh/Documents/GitHub/MCompGamesDev2018/MCompProject/Content/Developers/Osixjoh/Collections/' took 0.01s
[2018.10.02-21.10.15:087][  0]LogFileCache: Scanning file cache for directory 'C:/Users/Osixjoh/Documents/GitHub/MCompGamesDev2018/MCompProject/Content/Collections/' took 0.01s
[2018.10.02-21.10.15:087][  0]LogCollectionManager: Rebuilt the GUID cache for 0 collections in 0.000001 seconds
[2018.10.02-21.10.15:098][  0]LogContentBrowser: Native class hierarchy populated in 0.0115 seconds. Added 2452 classes and 558 folders.
[2018.10.02-21.10.15:111][  0]LogContentBrowser: Native class hierarchy updated for 'WidgetCarousel' in 0.0004 seconds. Added 0 classes and 0 folders.
[2018.10.02-21.10.15:631][  0]LogContentBrowser: Native class hierarchy updated for 'AddContentDialog' in 0.0004 seconds. Added 0 classes and 0 folders.
[2018.10.02-21.10.15:677][  0]LogContentBrowser: Native class hierarchy updated for 'SceneOutliner' in 0.0003 seconds. Added 1 classes and 2 folders.
[2018.10.02-21.10.15:700][  0]LogSlate: Took 0.000383 seconds to synchronously load lazily loaded font '../../../Engine/Content/Slate/Fonts/Roboto-Regular.ttf' (155K)
[2018.10.02-21.10.15:703][  0]LogSlate: Took 0.000310 seconds to synchronously load lazily loaded font '../../../Engine/Content/Slate/Fonts/Roboto-Bold.ttf' (160K)
[2018.10.02-21.10.15:717][  0]LogSlate: Took 0.004603 seconds to synchronously load lazily loaded font '../../../Engine/Content/Editor/Slate/Fonts/FontAwesome.ttf' (139K)
[2018.10.02-21.10.15:923][  0]LogRenderer: Reallocating scene render targets to support 1208x572 Format 10 NumSamples 1 (Frame:1).
[2018.10.02-21.10.16:121][  0]LogContentBrowser: Native class hierarchy updated for 'HierarchicalLODOutliner' in 0.0003 seconds. Added 0 classes and 0 folders.
[2018.10.02-21.10.16:121][  0]LogLoad: (Engine Initialization) Total time: 25.45 seconds
[2018.10.02-21.10.16:121][  0]LogLoad: (Engine Initialization) Total Blueprint compile time: 0.00 seconds
[2018.10.02-21.10.16:483][  0]LogContentStreaming: Texture pool size now 1000 MB
[2018.10.02-21.10.16:551][  0]LogSlate: Took 0.004468 seconds to synchronously load lazily loaded font '../../../Engine/Content/Slate/Fonts/Roboto-Light.ttf' (167K)
[2018.10.02-21.10.16:829][  1]LogAssetRegistry: Asset discovery search completed in 15.8295 seconds
[2018.10.02-21.10.16:831][  1]LogCollectionManager: Rebuilt the object cache for 0 collections in 0.000001 seconds (found 0 objects)
[2018.10.02-21.10.16:831][  1]LogCollectionManager: Fixed up redirectors for 0 collections in 0.000063 seconds (updated 0 objects)
[2018.10.02-21.10.17:465][  3]LogSlate: Took 0.000325 seconds to synchronously load lazily loaded font '../../../Engine/Content/Slate/Fonts/Roboto-Light.ttf' (167K)
[2018.10.02-21.10.44:794][ 85]LogEditorViewport: Clicking Background
[2018.10.02-21.10.50:435][685]LogSlate: FSceneViewport::OnFocusLost() reason 0
[2018.10.02-21.10.50:602][705]LogTemp: Repeating last play command: Selected Viewport
[2018.10.02-21.10.50:621][705]LogBlueprintUserMessages: Early PlayInEditor Detection: Level '/Game/TopDownBP/Maps/TopDownExampleMap.TopDownExampleMap:PersistentLevel' has LevelScriptBlueprint '/Game/TopDownBP/Maps/TopDownExampleMap.TopDownExampleMap:PersistentLevel.TopDownExampleMap' with GeneratedClass '/Game/TopDownBP/Maps/TopDownExampleMap.TopDownExampleMap_C' with ClassGeneratedBy '/Game/TopDownBP/Maps/TopDownExampleMap.TopDownExampleMap:PersistentLevel.TopDownExampleMap'
[2018.10.02-21.10.50:621][705]LogPlayLevel: PlayLevel: No blueprints needed recompiling
[2018.10.02-21.10.50:622][705]PIE: New page: PIE session: TopDownExampleMap (2 Oct 2018 23:10:50)
[2018.10.02-21.10.50:622][705]LogPlayLevel: Creating play world package: /Game/TopDownBP/Maps/UEDPIE_0_TopDownExampleMap
[2018.10.02-21.10.50:626][705]LogPlayLevel: PIE: StaticDuplicateObject took: (0.004404s)
[2018.10.02-21.10.50:627][705]LogAIModule: Creating AISystem for world TopDownExampleMap
[2018.10.02-21.10.50:627][705]LogPlayLevel: PIE: World Init took: (0.000807s)
[2018.10.02-21.10.50:627][705]LogPlayLevel: PIE: Created PIE world by copying editor world from /Game/TopDownBP/Maps/TopDownExampleMap.TopDownExampleMap to /Game/TopDownBP/Maps/UEDPIE_0_TopDownExampleMap.TopDownExampleMap (0.005436s)
[2018.10.02-21.10.50:693][705]LogInit: XAudio2 using 'Headphones (3- SteelSeries Arctis 7 Game)' : 2 channels at 48 kHz using 16 bits per sample (channel mask 0x3)
[2018.10.02-21.10.50:776][705]LogInit: FAudioDevice initialized.
[2018.10.02-21.10.50:821][705]LogLoad: Game class is 'TopDownGameMode_C'
[2018.10.02-21.10.50:825][705]LogWorld: Bringing World /Game/TopDownBP/Maps/UEDPIE_0_TopDownExampleMap.TopDownExampleMap up for play (max tick rate 0) at 2018.10.02-22.10.50
[2018.10.02-21.10.50:826][705]LogWorld: Bringing up level for play took: 0.003074
[2018.10.02-21.10.50:831][705]LogContentBrowser: Native class hierarchy updated for 'MovieSceneCapture' in 0.0003 seconds. Added 11 classes and 0 folders.
[2018.10.02-21.10.50:832][705]PIE: Play in editor start time for /Game/TopDownBP/Maps/UEDPIE_0_TopDownExampleMap -0.492
[2018.10.02-21.10.50:832][705]LogBlueprintUserMessages: Late PlayInEditor Detection: Level '/Game/TopDownBP/Maps/TopDownExampleMap.TopDownExampleMap:PersistentLevel' has LevelScriptBlueprint '/Game/TopDownBP/Maps/TopDownExampleMap.TopDownExampleMap:PersistentLevel.TopDownExampleMap' with GeneratedClass '/Game/TopDownBP/Maps/TopDownExampleMap.TopDownExampleMap_C' with ClassGeneratedBy '/Game/TopDownBP/Maps/TopDownExampleMap.TopDownExampleMap:PersistentLevel.TopDownExampleMap'
[2018.10.02-21.10.54:788][140]LogRenderer: Reallocating scene render targets to support 1208x576 Format 10 NumSamples 1 (Frame:426).
[2018.10.02-21.10.54:838][141]LogRenderer: Reallocating scene render targets to support 1208x584 Format 10 NumSamples 1 (Frame:427).
[2018.10.02-21.10.54:888][142]LogRenderer: Reallocating scene render targets to support 1208x616 Format 10 NumSamples 1 (Frame:428).
[2018.10.02-21.10.54:935][143]LogRenderer: Reallocating scene render targets to support 1208x636 Format 10 NumSamples 1 (Frame:429).
[2018.10.02-21.10.54:981][144]LogRenderer: Reallocating scene render targets to support 1208x648 Format 10 NumSamples 1 (Frame:430).
[2018.10.02-21.10.55:108][146]LogRenderer: Reallocating scene render targets to support 1208x656 Format 10 NumSamples 1 (Frame:432).
[2018.10.02-21.12.14:851][362]LogSlate: FSceneViewport::OnFocusLost() reason 0
[2018.10.02-21.12.15:003][379]LogBlueprintUserMessages: Early EndPlayMap Detection: Level '/Game/TopDownBP/Maps/TopDownExampleMap.TopDownExampleMap:PersistentLevel' has LevelScriptBlueprint '/Game/TopDownBP/Maps/TopDownExampleMap.TopDownExampleMap:PersistentLevel.TopDownExampleMap' with GeneratedClass '/Game/TopDownBP/Maps/TopDownExampleMap.TopDownExampleMap_C' with ClassGeneratedBy '/Game/TopDownBP/Maps/TopDownExampleMap.TopDownExampleMap:PersistentLevel.TopDownExampleMap'
[2018.10.02-21.12.15:074][379]LogBlueprintUserMessages: Late EndPlayMap Detection: Level '/Game/TopDownBP/Maps/TopDownExampleMap.TopDownExampleMap:PersistentLevel' has LevelScriptBlueprint '/Game/TopDownBP/Maps/TopDownExampleMap.TopDownExampleMap:PersistentLevel.TopDownExampleMap' with GeneratedClass '/Game/TopDownBP/Maps/TopDownExampleMap.TopDownExampleMap_C' with ClassGeneratedBy '/Game/TopDownBP/Maps/TopDownExampleMap.TopDownExampleMap:PersistentLevel.TopDownExampleMap'
[2018.10.02-21.12.19:414][523]LogSlate: Window 'MCompProject - Unreal Editor' being destroyed
[2018.10.02-21.12.19:415][523]LogWindowsTextInputMethodSystem: Display: IME system now deactivated.
[2018.10.02-21.12.19:617][524]Cmd: QUIT_EDITOR
[2018.10.02-21.12.20:554][524]LogSlate: Slate User Destroyed.  User Index 0, Is Virtual User: 0
[2018.10.02-21.12.20:554][524]LogExit: Preparing to exit.
[2018.10.02-21.12.21:628][524]LogDirectoryWatcher: A directory notification for 'C:/Users/Osixjoh/Documents/GitHub/MCompGamesDev2018/MCompProject/Content/' was aborted.
[2018.10.02-21.12.21:656][524]LogExit: Editor shut down
[2018.10.02-21.12.21:662][524]LogExit: Transaction tracking system shut down
[2018.10.02-21.12.21:662][524]LogUObjectGlobals: Destroyed PersistentFrame Addr=0x000002c4017ca610, Size=72
[2018.10.02-21.12.21:663][524]LogUObjectGlobals: Destroyed PersistentFrame Addr=0x000002c4019f1080, Size=544
[2018.10.02-21.12.21:663][524]LogUObjectGlobals: Destroyed PersistentFrame Addr=0x000002c4019f0b80, Size=544
[2018.10.02-21.12.21:663][524]LogUObjectGlobals: Destroyed PersistentFrame Addr=0x000002c4019f0680, Size=544
[2018.10.02-21.12.21:663][524]LogUObjectGlobals: Destroyed PersistentFrame Addr=0x000002c4019f0180, Size=544
[2018.10.02-21.12.21:663][524]LogUObjectGlobals: Destroyed PersistentFrame Addr=0x000002c401961d00, Size=1064
[2018.10.02-21.12.21:663][524]LogUObjectGlobals: Destroyed PersistentFrame Addr=0x000002c40195ee80, Size=520
[2018.10.02-21.12.21:663][524]LogUObjectGlobals: Destroyed PersistentFrame Addr=0x000002c4018fc640, Size=112
[2018.10.02-21.12.21:810][524]LogDirectoryWatcher: A directory notification for '../../../Engine/Content/' was aborted.
[2018.10.02-21.12.21:810][524]LogDirectoryWatcher: A directory notification for '../../../../../../Users/Osixjoh/Documents/GitHub/MCompGamesDev2018/MCompProject/Content/' was aborted.
[2018.10.02-21.12.21:810][524]LogDirectoryWatcher: A directory notification for '../../Plugins/2D/Paper2D/Content/' was aborted.
[2018.10.02-21.12.21:810][524]LogDirectoryWatcher: A directory notification for '../../Plugins/Enterprise/DatasmithContent/Content/' was aborted.
[2018.10.02-21.12.21:810][524]LogDirectoryWatcher: A directory notification for '../../Plugins/Media/MediaCompositing/Content/' was aborted.
[2018.10.02-21.12.21:810][524]LogDirectoryWatcher: A directory notification for '../../Plugins/Runtime/AppleARKit/Content/' was aborted.
[2018.10.02-21.12.21:810][524]LogDirectoryWatcher: A directory notification for '../../Plugins/Runtime/Oculus/OculusVR/Content/' was aborted.
[2018.10.02-21.12.21:810][524]LogDirectoryWatcher: A directory notification for '../../Plugins/Runtime/Steam/SteamVR/Content/' was aborted.
[2018.10.02-21.12.21:875][524]LogExit: Object subsystem successfully closed.
[2018.10.02-21.12.21:889][524]LogShaderCompilers: Display: Shaders left to compile 0
[2018.10.02-21.12.21:893][524]LogD3D11RHI: Shutdown
[2018.10.02-21.12.21:893][524]LogD3D11RHI: CleanupD3DDevice
[2018.10.02-21.12.21:895][524]LogD3D11RHI: ~FD3D11DynamicRHI
[2018.10.02-21.12.21:947][524]LogModuleManager: Shutting down and abandoning module MovieSceneCapture (576)
[2018.10.02-21.12.21:947][524]LogModuleManager: Shutting down and abandoning module HierarchicalLODOutliner (574)
[2018.10.02-21.12.21:947][524]LogModuleManager: Shutting down and abandoning module SceneOutliner (572)
[2018.10.02-21.12.21:947][524]LogModuleManager: Shutting down and abandoning module AddContentDialog (570)
[2018.10.02-21.12.21:947][524]LogDirectoryWatcher: A directory notification for 'C:/Program Files/Epic Games/UE_4.19/FeaturePacks/' was aborted.
[2018.10.02-21.12.21:948][524]LogModuleManager: Shutting down and abandoning module WidgetCarousel (569)
[2018.10.02-21.12.21:948][524]LogModuleManager: Shutting down and abandoning module EditorWidgets (566)
[2018.10.02-21.12.21:948][524]LogModuleManager: Shutting down and abandoning module CollectionManager (564)
[2018.10.02-21.12.21:948][524]LogDirectoryWatcher: A directory notification for 'C:/Users/Osixjoh/Documents/GitHub/MCompGamesDev2018/MCompProject/Content/Collections/' was aborted.
[2018.10.02-21.12.21:948][524]LogDirectoryWatcher: A directory notification for 'C:/Users/Osixjoh/Documents/GitHub/MCompGamesDev2018/MCompProject/Content/Developers/Osixjoh/Collections/' was aborted.
[2018.10.02-21.12.21:949][524]LogDirectoryWatcher: A directory notification for 'C:/Users/Osixjoh/Documents/GitHub/MCompGamesDev2018/MCompProject/Saved/Collections/' was aborted.
[2018.10.02-21.12.21:949][524]LogModuleManager: Shutting down and abandoning module StatsViewer (562)
[2018.10.02-21.12.21:949][524]LogModuleManager: Shutting down and abandoning module FoliageEdit (560)
[2018.10.02-21.12.21:949][524]LogModuleManager: Shutting down and abandoning module LandscapeEditor (558)
[2018.10.02-21.12.21:949][524]LogModuleManager: Shutting down and abandoning module MeshPaintMode (556)
[2018.10.02-21.12.21:949][524]LogModuleManager: Shutting down and abandoning module SceneDepthPickerMode (554)
[2018.10.02-21.12.21:949][524]LogModuleManager: Shutting down and abandoning module ActorPickerMode (552)
[2018.10.02-21.12.21:949][524]LogModuleManager: Shutting down and abandoning module GeometryMode (550)
[2018.10.02-21.12.21:949][524]LogModuleManager: Shutting down and abandoning module TextureAlignMode (548)
[2018.10.02-21.12.21:949][524]LogModuleManager: Shutting down and abandoning module BspMode (546)
[2018.10.02-21.12.21:949][524]LogModuleManager: Shutting down and abandoning module PIEPreviewDeviceProfileSelector (544)
[2018.10.02-21.12.21:949][524]LogModuleManager: Shutting down and abandoning module HardwareSurvey (542)
[2018.10.02-21.12.21:949][524]LogModuleManager: Shutting down and abandoning module SequenceRecorderSections (540)
[2018.10.02-21.12.21:949][524]LogModuleManager: Shutting down and abandoning module AutomationWorker (538)
[2018.10.02-21.12.21:949][524]LogModuleManager: Shutting down and abandoning module AudioCaptureEditor (536)
[2018.10.02-21.12.21:949][524]LogModuleManager: Shutting down and abandoning module SequenceRecorder (535)
[2018.10.02-21.12.21:949][524]LogModuleManager: Shutting down and abandoning module MatineeToLevelSequence (532)
[2018.10.02-21.12.21:949][524]LogModuleManager: Shutting down and abandoning module LevelSequenceEditor (530)
[2018.10.02-21.12.21:950][524]LogModuleManager: Shutting down and abandoning module PlacementMode (529)
[2018.10.02-21.12.21:950][524]LogModuleManager: Shutting down and abandoning module MaterialEditor (528)
[2018.10.02-21.12.21:950][524]LogModuleManager: Shutting down and abandoning module WmfMediaFactory (524)
[2018.10.02-21.12.21:950][524]LogModuleManager: Shutting down and abandoning module WmfMediaEditor (522)
[2018.10.02-21.12.21:950][524]LogModuleManager: Shutting down and abandoning module MediaPlayerEditor (520)
[2018.10.02-21.12.21:950][524]LogModuleManager: Shutting down and abandoning module OpenExrWrapper (518)
[2018.10.02-21.12.21:950][524]LogModuleManager: Shutting down and abandoning module ImgMediaFactory (516)
[2018.10.02-21.12.21:950][524]LogModuleManager: Shutting down and abandoning module ImgMediaEditor (514)
[2018.10.02-21.12.21:950][524]LogModuleManager: Shutting down and abandoning module AvfMediaFactory (512)
[2018.10.02-21.12.21:950][524]LogModuleManager: Shutting down and abandoning module AvfMediaEditor (510)
[2018.10.02-21.12.21:950][524]LogModuleManager: Shutting down and abandoning module AndroidMediaFactory (508)
[2018.10.02-21.12.21:950][524]LogModuleManager: Shutting down and abandoning module AndroidMediaEditor (506)
[2018.10.02-21.12.21:950][524]LogModuleManager: Shutting down and abandoning module CharacterAI (504)
[2018.10.02-21.12.21:950][524]LogModuleManager: Shutting down and abandoning module SmartSnapping (502)
[2018.10.02-21.12.21:950][524]LogModuleManager: Shutting down and abandoning module SessionServices (500)
[2018.10.02-21.12.21:950][524]LogModuleManager: Shutting down and abandoning module ViewportSnapping (498)
[2018.10.02-21.12.21:950][524]LogModuleManager: Shutting down and abandoning module ViewportInteraction (496)
[2018.10.02-21.12.21:950][524]LogModuleManager: Shutting down and abandoning module ClothPainter (494)
[2018.10.02-21.12.21:950][524]LogModuleManager: Shutting down and abandoning module SkeletalMeshEditor (493)
[2018.10.02-21.12.21:950][524]LogModuleManager: Shutting down and abandoning module LogVisualizer (490)
[2018.10.02-21.12.21:950][524]LogModuleManager: Shutting down and abandoning module IntroTutorials (488)
[2018.10.02-21.12.21:950][524]LogModuleManager: Shutting down and abandoning module GameProjectGeneration (487)
[2018.10.02-21.12.21:951][524]LogModuleManager: Shutting down and abandoning module IOSPlatformEditor (484)
[2018.10.02-21.12.21:951][524]LogModuleManager: Shutting down and abandoning module HTML5PlatformEditor (482)
[2018.10.02-21.12.21:951][524]LogModuleManager: Shutting down and abandoning module AndroidPlatformEditor (480)
[2018.10.02-21.12.21:951][524]LogModuleManager: Shutting down and abandoning module AndroidDeviceDetection (479)
[2018.10.02-21.12.22:050][524]LogModuleManager: Shutting down and abandoning module WindowsPlatformEditor (476)
[2018.10.02-21.12.22:050][524]LogModuleManager: Shutting down and abandoning module IOSRuntimeSettings (474)
[2018.10.02-21.12.22:050][524]LogModuleManager: Shutting down and abandoning module AndroidRuntimeSettings (472)
[2018.10.02-21.12.22:050][524]LogModuleManager: Shutting down and abandoning module InputBindingEditor (470)
[2018.10.02-21.12.22:050][524]LogModuleManager: Shutting down and abandoning module MergeActors (468)
[2018.10.02-21.12.22:050][524]LogModuleManager: Shutting down and abandoning module LocalizationDashboard (466)
[2018.10.02-21.12.22:050][524]LogModuleManager: Shutting down and abandoning module LocalizationService (465)
[2018.10.02-21.12.22:050][524]LogModuleManager: Shutting down and abandoning module HardwareTargeting (462)
[2018.10.02-21.12.22:050][524]LogModuleManager: Shutting down and abandoning module DeviceProfileEditor (460)
[2018.10.02-21.12.22:050][524]LogModuleManager: Shutting down and abandoning module UndoHistory (458)
[2018.10.02-21.12.22:050][524]LogModuleManager: Shutting down and abandoning module XmlParser (456)
[2018.10.02-21.12.22:050][524]LogModuleManager: Shutting down and abandoning module Blutility (454)
[2018.10.02-21.12.22:050][524]LogModuleManager: Shutting down and abandoning module ProjectSettingsViewer (452)
[2018.10.02-21.12.22:050][524]LogModuleManager: Shutting down and abandoning module ProjectTargetPlatformEditor (451)
[2018.10.02-21.12.22:050][524]LogModuleManager: Shutting down and abandoning module EditorSettingsViewer (448)
[2018.10.02-21.12.22:050][524]LogModuleManager: Shutting down and abandoning module SettingsEditor (446)
[2018.10.02-21.12.22:050][524]LogModuleManager: Shutting down and abandoning module ProjectLauncher (444)
[2018.10.02-21.12.22:050][524]LogModuleManager: Shutting down and abandoning module SessionFrontend (442)
[2018.10.02-21.12.22:050][524]LogModuleManager: Shutting down and abandoning module ProfilerClient (440)
[2018.10.02-21.12.22:051][524]LogModuleManager: Shutting down and abandoning module DeviceManager (438)
[2018.10.02-21.12.22:051][524]LogModuleManager: Shutting down and abandoning module TargetDeviceServices (437)
[2018.10.02-21.12.22:117][524]LogModuleManager: Shutting down and abandoning module AutomationController (434)
[2018.10.02-21.12.22:117][524]LogModuleManager: Shutting down and abandoning module AutomationWindow (432)
[2018.10.02-21.12.22:117][524]LogModuleManager: Shutting down and abandoning module Layers (430)
[2018.10.02-21.12.22:117][524]LogModuleManager: Shutting down and abandoning module ComponentVisualizers (428)
[2018.10.02-21.12.22:117][524]LogModuleManager: Shutting down and abandoning module DetailCustomizations (426)
[2018.10.02-21.12.22:117][524]LogModuleManager: Shutting down and abandoning module PackagesDialog (424)
[2018.10.02-21.12.22:117][524]LogModuleManager: Shutting down and abandoning module Persona (422)
[2018.10.02-21.12.22:117][524]LogModuleManager: Shutting down and abandoning module AdvancedPreviewScene (421)
[2018.10.02-21.12.22:117][524]LogModuleManager: Shutting down and abandoning module AnimGraph (419)
[2018.10.02-21.12.22:117][524]LogModuleManager: Shutting down and abandoning module Kismet (416)
[2018.10.02-21.12.22:118][524]LogModuleManager: Shutting down and abandoning module GraphEditor (414)
[2018.10.02-21.12.22:118][524]LogModuleManager: Shutting down and abandoning module ClassViewer (412)
[2018.10.02-21.12.22:118][524]LogModuleManager: Shutting down and abandoning module Toolbox (410)
[2018.10.02-21.12.22:118][524]LogModuleManager: Shutting down and abandoning module ModuleUI (408)
[2018.10.02-21.12.22:118][524]LogModuleManager: Shutting down and abandoning module MovieSceneTools (406)
[2018.10.02-21.12.22:118][524]LogModuleManager: Shutting down and abandoning module OutputLog (404)
[2018.10.02-21.12.22:118][524]LogModuleManager: Shutting down and abandoning module GammaUI (402)
[2018.10.02-21.12.22:118][524]LogModuleManager: Shutting down and abandoning module Documentation (400)
[2018.10.02-21.12.22:118][524]LogModuleManager: Shutting down and abandoning module MovieSceneTracks (398)
[2018.10.02-21.12.22:118][524]LogModuleManager: Shutting down and abandoning module MovieScene (396)
[2018.10.02-21.12.22:118][524]LogModuleManager: Shutting down and abandoning module StreamingPauseRendering (394)
[2018.10.02-21.12.22:118][524]LogModuleManager: Shutting down and abandoning module LauncherPlatform (392)
[2018.10.02-21.12.22:118][524]LogModuleManager: Shutting down and abandoning module AnalyticsET (390)
[2018.10.02-21.12.22:118][524]LogModuleManager: Shutting down and abandoning module PortalServices (388)
[2018.10.02-21.12.22:118][524]LogModuleManager: Shutting down and abandoning module PortalRpc (386)
[2018.10.02-21.12.22:118][524]LogModuleManager: Shutting down and abandoning module MessagingRpc (384)
[2018.10.02-21.12.22:118][524]LogModuleManager: Shutting down and abandoning module AIModule (382)
[2018.10.02-21.12.22:118][524]LogModuleManager: Shutting down and abandoning module GameplayDebugger (381)
[2018.10.02-21.12.22:118][524]LogModuleManager: Shutting down and abandoning module AITestSuite (379)
[2018.10.02-21.12.22:118][524]LogModuleManager: Shutting down and abandoning module DesktopPlatform (376)
[2018.10.02-21.12.22:118][524]LogModuleManager: Shutting down and abandoning module ProfilerService (374)
[2018.10.02-21.12.22:308][524]LogModuleManager: Shutting down and abandoning module TaskGraph (372)
[2018.10.02-21.12.22:309][524]LogModuleManager: Shutting down and abandoning module SteamVRController (370)
[2018.10.02-21.12.22:309][524]LogModuleManager: Shutting down and abandoning module ProceduralMeshComponentEditor (368)
[2018.10.02-21.12.22:309][524]LogModuleManager: Shutting down and abandoning module ProceduralMeshComponent (366)
[2018.10.02-21.12.22:309][524]LogModuleManager: Shutting down and abandoning module OculusInput (364)
[2018.10.02-21.12.22:309][524]LogModuleManager: Shutting down and abandoning module MobilePatchingUtils (362)
[2018.10.02-21.12.22:309][524]LogModuleManager: Shutting down and abandoning module CustomMeshComponent (360)
[2018.10.02-21.12.22:309][524]LogModuleManager: Shutting down and abandoning module CableComponent (358)
[2018.10.02-21.12.22:309][524]LogModuleManager: Shutting down and abandoning module AudioCapture (356)
[2018.10.02-21.12.22:309][524]LogModuleManager: Shutting down and abandoning module ArchVisCharacter (354)
[2018.10.02-21.12.22:309][524]LogModuleManager: Shutting down and abandoning module AndroidPermission (352)
[2018.10.02-21.12.22:309][524]LogModuleManager: Shutting down and abandoning module NUTUnrealEngine4 (348)
[2018.10.02-21.12.22:309][524]LogModuleManager: Shutting down and abandoning module NetcodeUnitTest (346)
[2018.10.02-21.12.22:309][524]LogModuleManager: Shutting down and abandoning module MediaCompositingEditor (344)
[2018.10.02-21.12.22:309][524]LogModuleManager: Shutting down and abandoning module MediaCompositing (342)
[2018.10.02-21.12.22:309][524]LogModuleManager: Shutting down and abandoning module LinearTimecode (340)
[2018.10.02-21.12.22:309][524]LogModuleManager: Shutting down and abandoning module ImgMedia (338)
[2018.10.02-21.12.22:313][524]LogModuleManager: Shutting down and abandoning module HTML5Networking (336)
[2018.10.02-21.12.22:313][524]LogModuleManager: Shutting down and abandoning module AlembicImporter (334)
[2018.10.02-21.12.22:313][524]LogModuleManager: Shutting down and abandoning module AlembicLibrary (333)
[2018.10.02-21.12.22:313][524]LogModuleManager: Shutting down and abandoning module GeometryCache (332)
[2018.10.02-21.12.22:313][524]LogModuleManager: Shutting down and abandoning module GeometryCacheEd (331)
[2018.10.02-21.12.22:313][524]LogModuleManager: Shutting down and abandoning module DatasmithContent (326)
[2018.10.02-21.12.22:313][524]LogModuleManager: Shutting down and abandoning module SpeedTreeImporter (324)
[2018.10.02-21.12.22:313][524]LogModuleManager: Shutting down and abandoning module PluginBrowser (322)
[2018.10.02-21.12.22:313][524]LogModuleManager: Shutting down and abandoning module MobileLauncherProfileWizard (320)
[2018.10.02-21.12.22:313][524]LogModuleManager: Shutting down and abandoning module CryptoKeysOpenSSL (318)
[2018.10.02-21.12.22:313][524]LogModuleManager: Shutting down and abandoning module CryptoKeys (316)
[2018.10.02-21.12.22:313][524]LogModuleManager: Shutting down and abandoning module VisualStudioSourceCodeAccess (314)
[2018.10.02-21.12.22:313][524]LogModuleManager: Shutting down and abandoning module VisualStudioCodeSourceCodeAccess (312)
[2018.10.02-21.12.22:313][524]LogModuleManager: Shutting down and abandoning module UObjectPlugin (310)
[2018.10.02-21.12.22:313][524]LogModuleManager: Shutting down and abandoning module SubversionSourceControl (308)
[2018.10.02-21.12.22:313][524]LogModuleManager: Shutting down and abandoning module PerforceSourceControl (306)
[2018.10.02-21.12.22:313][524]LogModuleManager: Shutting down and abandoning module GitSourceControl (304)
[2018.10.02-21.12.22:314][524]LogModuleManager: Shutting down and abandoning module SourceControl (303)
[2018.10.02-21.12.22:314][524]LogModuleManager: Shutting down and abandoning module CLionSourceCodeAccess (300)
[2018.10.02-21.12.22:314][524]LogModuleManager: Shutting down and abandoning module LightPropagationVolumeEditor (298)
[2018.10.02-21.12.22:314][524]LogModuleManager: Shutting down and abandoning module PaperTiledImporter (296)
[2018.10.02-21.12.22:314][524]LogModuleManager: Shutting down and abandoning module PaperSpriteSheetImporter (294)
[2018.10.02-21.12.22:314][524]LogModuleManager: Shutting down and abandoning module Paper2DEditor (292)
[2018.10.02-21.12.22:314][524]LogModuleManager: Shutting down and abandoning module MeshPaint (291)
[2018.10.02-21.12.22:314][524]LogModuleManager: Shutting down and abandoning module RuntimePhysXCooking (288)
[2018.10.02-21.12.22:314][524]LogModuleManager: Shutting down and abandoning module PhysXVehiclesEditor (286)
[2018.10.02-21.12.22:314][524]LogModuleManager: Shutting down and abandoning module PhysXVehicles (284)
[2018.10.02-21.12.22:314][524]LogModuleManager: Shutting down and abandoning module OculusEditor (282)
[2018.10.02-21.12.22:314][524]LogModuleManager: Shutting down and abandoning module LocationServicesBPLibrary (280)
[2018.10.02-21.12.22:314][524]LogModuleManager: Shutting down and abandoning module ImmediatePhysicsEditor (278)
[2018.10.02-21.12.22:314][524]LogModuleManager: Shutting down and abandoning module ImmediatePhysics (276)
[2018.10.02-21.12.22:314][524]LogModuleManager: Shutting down and abandoning module ActorSequence (274)
[2018.10.02-21.12.22:314][524]LogModuleManager: Shutting down and abandoning module UdpMessaging (272)
[2018.10.02-21.12.22:415][524]LogModuleManager: Shutting down and abandoning module TcpMessaging (270)
[2018.10.02-21.12.22:574][524]LogModuleManager: Shutting down and abandoning module GameplayTagsEditor (268)
[2018.10.02-21.12.22:575][524]LogModuleManager: Shutting down and abandoning module FacialAnimationEditor (266)
[2018.10.02-21.12.22:575][524]LogModuleManager: Shutting down and abandoning module FacialAnimation (264)
[2018.10.02-21.12.22:575][524]LogModuleManager: Shutting down and abandoning module DataValidation (262)
[2018.10.02-21.12.22:575][524]LogModuleManager: Shutting down and abandoning module AssetManagerEditor (260)
[2018.10.02-21.12.22:575][524]LogModuleManager: Shutting down and abandoning module LevelEditor (259)
[2018.10.02-21.12.22:576][524]LogModuleManager: Shutting down and abandoning module PixelInspectorModule (258)
[2018.10.02-21.12.22:576][524]LogModuleManager: Shutting down and abandoning module CommonMenuExtensions (256)
[2018.10.02-21.12.22:576][524]LogModuleManager: Shutting down and abandoning module MainFrame (254)
[2018.10.02-21.12.22:576][524]LogModuleManager: Shutting down and abandoning module HotReload (253)
[2018.10.02-21.12.22:577][524]LogModuleManager: Shutting down and abandoning module ContentBrowser (249)
[2018.10.02-21.12.22:578][524]LogModuleManager: Shutting down and abandoning module TreeMap (247)
[2018.10.02-21.12.22:578][524]LogModuleManager: Shutting down and abandoning module LightPropagationVolumeRuntime (244)
[2018.10.02-21.12.22:578][524]LogModuleManager: Shutting down and abandoning module LiveLinkEditor (242)
[2018.10.02-21.12.22:578][524]LogModuleManager: Shutting down and abandoning module LiveLink (240)
[2018.10.02-21.12.22:622][524]LogModuleManager: Shutting down and abandoning module Paper2D (238)
[2018.10.02-21.12.22:623][524]LogModuleManager: Shutting down and abandoning module WindowsMoviePlayer (236)
[2018.10.02-21.12.22:623][524]LogModuleManager: Shutting down and abandoning module WmfMedia (234)
[2018.10.02-21.12.22:624][524]LogModuleManager: Shutting down and abandoning module Media (233)
[2018.10.02-21.12.22:630][524]LogModuleManager: Shutting down and abandoning module PacketHandler (230)
[2018.10.02-21.12.22:630][524]LogModuleManager: Shutting down and abandoning module ClothingSystemEditor (228)
[2018.10.02-21.12.22:630][524]LogModuleManager: Shutting down and abandoning module ClothingSystemRuntime (226)
[2018.10.02-21.12.22:630][524]LogModuleManager: Shutting down and abandoning module MediaAssets (224)
[2018.10.02-21.12.22:630][524]LogModuleManager: Shutting down and abandoning module Overlay (222)
[2018.10.02-21.12.22:630][524]LogModuleManager: Shutting down and abandoning module OverlayEditor (221)
[2018.10.02-21.12.22:630][524]LogModuleManager: Shutting down and abandoning module VREditor (218)
[2018.10.02-21.12.22:630][524]LogModuleManager: Shutting down and abandoning module StringTableEditor (216)
[2018.10.02-21.12.22:630][524]LogModuleManager: Shutting down and abandoning module GameplayTasksEditor (214)
[2018.10.02-21.12.22:630][524]LogModuleManager: Shutting down and abandoning module BehaviorTreeEditor (212)
[2018.10.02-21.12.22:631][524]LogModuleManager: Shutting down and abandoning module FunctionalTesting (210)
[2018.10.02-21.12.22:631][524]LogModuleManager: Shutting down and abandoning module CollisionAnalyzer (208)
[2018.10.02-21.12.22:631][524]LogModuleManager: Shutting down and abandoning module WorkspaceMenuStructure (207)
[2018.10.02-21.12.22:631][524]LogModuleManager: Shutting down and abandoning module UMG (204)
[2018.10.02-21.12.22:631][524]LogModuleManager: Shutting down and abandoning module UMGEditor (203)
[2018.10.02-21.12.22:631][524]LogModuleManager: Shutting down and abandoning module Sequencer (202)
[2018.10.02-21.12.22:631][524]LogModuleManager: Shutting down and abandoning module MessageLog (199)
[2018.10.02-21.12.22:631][524]LogModuleManager: Shutting down and abandoning module SlateReflector (194)
[2018.10.02-21.12.22:631][524]LogModuleManager: Shutting down and abandoning module Slate (192)
[2018.10.02-21.12.22:631][524]LogModuleManager: Shutting down and abandoning module EditorStyle (190)
[2018.10.02-21.12.22:633][524]LogModuleManager: Shutting down and abandoning module MRMesh (188)
[2018.10.02-21.12.22:633][524]LogModuleManager: Shutting down and abandoning module SourceCodeAccess (186)
[2018.10.02-21.12.22:633][524]LogModuleManager: Shutting down and abandoning module HeadMountedDisplay (184)
[2018.10.02-21.12.22:633][524]LogModuleManager: Shutting down and abandoning module XAudio2 (182)
[2018.10.02-21.12.22:633][524]LogModuleManager: Shutting down and abandoning module Networking (180)
[2018.10.02-21.12.22:633][524]LogModuleManager: Shutting down and abandoning module Core (178)
[2018.10.02-21.12.22:633][524]LogModuleManager: Shutting down and abandoning module LevelSequence (176)
[2018.10.02-21.12.22:633][524]LogModuleManager: Shutting down and abandoning module KismetCompiler (174)
[2018.10.02-21.12.22:633][524]LogModuleManager: Shutting down and abandoning module MeshUtilities (172)
[2018.10.02-21.12.22:633][524]LogModuleManager: Shutting down and abandoning module MeshMergeUtilities (171)
[2018.10.02-21.12.22:634][524]LogModuleManager: Shutting down and abandoning module MeshReductionInterface (170)
[2018.10.02-21.12.22:634][524]LogModuleManager: Shutting down and abandoning module SimplygonSwarm (169)
[2018.10.02-21.12.22:634][524]LogModuleManager: Shutting down and abandoning module SimplygonMeshReduction (167)
[2018.10.02-21.12.22:634][524]LogModuleManager: Shutting down and abandoning module QuadricMeshReduction (165)
[2018.10.02-21.12.22:634][524]LogModuleManager: Shutting down and abandoning module MaterialBaking (161)
[2018.10.02-21.12.22:634][524]LogModuleManager: Shutting down and abandoning module DirectoryWatcher (157)
[2018.10.02-21.12.22:635][524]LogModuleManager: Shutting down and abandoning module DerivedDataCache (154)
[2018.10.02-21.12.22:696][524]LogDerivedDataCache: Shutdown
[2018.10.02-21.12.22:696][524]LogModuleManager: Shutting down and abandoning module XGEController (152)
[2018.10.02-21.12.22:696][524]LogModuleManager: Shutting down and abandoning module TargetPlatform (150)
[2018.10.02-21.12.22:696][524]LogModuleManager: Shutting down and abandoning module VulkanShaderFormat (149)
[2018.10.02-21.12.22:696][524]LogModuleManager: Shutting down and abandoning module ShaderFormatVectorVM (147)
[2018.10.02-21.12.22:696][524]LogModuleManager: Shutting down and abandoning module ShaderFormatOpenGL (145)
[2018.10.02-21.12.22:696][524]LogModuleManager: Shutting down and abandoning module ShaderFormatD3D (143)
[2018.10.02-21.12.22:696][524]LogModuleManager: Shutting down and abandoning module MetalShaderFormat (141)
[2018.10.02-21.12.22:696][524]LogModuleManager: Shutting down and abandoning module TextureFormatUncompressed (139)
[2018.10.02-21.12.22:696][524]LogModuleManager: Shutting down and abandoning module TextureFormatPVR (137)
[2018.10.02-21.12.22:696][524]LogModuleManager: Shutting down and abandoning module TextureFormatDXT (135)
[2018.10.02-21.12.22:696][524]LogModuleManager: Shutting down and abandoning module TextureFormatIntelISPCTexComp (133)
[2018.10.02-21.12.22:696][524]LogModuleManager: Shutting down and abandoning module TextureFormatASTC (131)
[2018.10.02-21.12.22:696][524]LogModuleManager: Shutting down and abandoning module ImageWrapper (130)
[2018.10.02-21.12.22:696][524]LogModuleManager: Shutting down and abandoning module TextureFormatAndroid (127)
[2018.10.02-21.12.22:696][524]LogModuleManager: Shutting down and abandoning module AudioFormatOpus (125)
[2018.10.02-21.12.22:696][524]LogModuleManager: Shutting down and abandoning module AudioFormatOgg (123)
[2018.10.02-21.12.22:696][524]LogModuleManager: Shutting down and abandoning module AudioFormatADPCM (121)
[2018.10.02-21.12.22:696][524]LogModuleManager: Shutting down and abandoning module LinuxTargetPlatform (119)
[2018.10.02-21.12.22:696][524]LogModuleManager: Shutting down and abandoning module LinuxServerTargetPlatform (117)
[2018.10.02-21.12.22:696][524]LogModuleManager: Shutting down and abandoning module LinuxNoEditorTargetPlatform (115)
[2018.10.02-21.12.22:696][524]LogModuleManager: Shutting down and abandoning module LinuxClientTargetPlatform (113)
[2018.10.02-21.12.22:696][524]LogModuleManager: Shutting down and abandoning module TVOSTargetPlatform (111)
[2018.10.02-21.12.22:696][524]LogModuleManager: Shutting down and abandoning module Messaging (109)
[2018.10.02-21.12.22:696][524]LogModuleManager: Shutting down and abandoning module IOSTargetPlatform (107)
[2018.10.02-21.12.22:696][524]LogModuleManager: Shutting down and abandoning module HTML5TargetPlatform (105)
[2018.10.02-21.12.22:696][524]LogModuleManager: Shutting down and abandoning module AndroidTargetPlatform (103)
[2018.10.02-21.12.22:696][524]LogModuleManager: Shutting down and abandoning module Android_PVRTCTargetPlatform (101)
[2018.10.02-21.12.22:696][524]LogModuleManager: Shutting down and abandoning module Android_MultiTargetPlatform (99)
[2018.10.02-21.12.22:697][524]LogModuleManager: Shutting down and abandoning module Android_ETC2TargetPlatform (97)
[2018.10.02-21.12.22:697][524]LogModuleManager: Shutting down and abandoning module Android_ETC1TargetPlatform (95)
[2018.10.02-21.12.22:697][524]LogModuleManager: Shutting down and abandoning module Android_ETC1aTargetPlatform (93)
[2018.10.02-21.12.22:697][524]LogModuleManager: Shutting down and abandoning module Android_DXTTargetPlatform (91)
[2018.10.02-21.12.22:697][524]LogModuleManager: Shutting down and abandoning module Android_ATCTargetPlatform (89)
[2018.10.02-21.12.22:697][524]LogModuleManager: Shutting down and abandoning module Android_ASTCTargetPlatform (87)
[2018.10.02-21.12.22:697][524]LogModuleManager: Shutting down and abandoning module WindowsTargetPlatform (85)
[2018.10.02-21.12.22:697][524]LogModuleManager: Shutting down and abandoning module WindowsServerTargetPlatform (83)
[2018.10.02-21.12.22:697][524]LogModuleManager: Shutting down and abandoning module WindowsNoEditorTargetPlatform (81)
[2018.10.02-21.12.22:697][524]LogModuleManager: Shutting down and abandoning module WindowsClientTargetPlatform (79)
[2018.10.02-21.12.22:697][524]LogModuleManager: Shutting down and abandoning module MacTargetPlatform (77)
[2018.10.02-21.12.22:697][524]LogModuleManager: Shutting down and abandoning module MacServerTargetPlatform (75)
[2018.10.02-21.12.22:697][524]LogModuleManager: Shutting down and abandoning module MacNoEditorTargetPlatform (73)
[2018.10.02-21.12.22:697][524]LogModuleManager: Shutting down and abandoning module MacClientTargetPlatform (71)
[2018.10.02-21.12.22:697][524]LogModuleManager: Shutting down and abandoning module AllDesktopTargetPlatform (69)
[2018.10.02-21.12.22:697][524]LogModuleManager: Shutting down and abandoning module InputCore (66)
[2018.10.02-21.12.22:697][524]LogModuleManager: Shutting down and abandoning module Settings (64)
[2018.10.02-21.12.22:697][524]LogModuleManager: Shutting down and abandoning module PhysXCooking (62)
[2018.10.02-21.12.22:697][524]LogModuleManager: Shutting down and abandoning module SteamVR (60)
[2018.10.02-21.12.22:697][524]LogModuleManager: Shutting down and abandoning module OculusHMD (58)
[2018.10.02-21.12.22:697][524]LogModuleManager: Shutting down and abandoning module ExampleDeviceProfileSelector (56)
[2018.10.02-21.12.22:697][524]LogModuleManager: Shutting down and abandoning module AppleARKit (54)
[2018.10.02-21.12.22:697][524]LogModuleManager: Shutting down and abandoning module AugmentedReality (51)
[2018.10.02-21.12.22:697][524]LogModuleManager: Shutting down and abandoning module OnlineBlueprintSupport (48)
[2018.10.02-21.12.22:697][524]LogModuleManager: Shutting down and abandoning module OnlineSubsystem (44)
[2018.10.02-21.12.22:697][524]LogModuleManager: Shutting down and abandoning module XMPP (43)
[2018.10.02-21.12.22:697][524]LogModuleManager: Shutting down and abandoning module HTTP (41)
[2018.10.02-21.12.22:697][524]LogHttp: Display: Http module shutting down, but needs to wait on 1 outstanding Http requests:
[2018.10.02-21.12.22:697][524]LogHttp: Display: 	verb=[POST] url=[https://datarouter.ol.epicgames.com/datarouter/api/v1/public/data?SessionID=%7BA712B710-49E5-2DB4-6074-C583CCF1AD75%7D&AppID=UEEditor.Rocket.Release&AppVersion=4.19.2-4033788%2B%2B%2BUE4%2BRelease-4.19&UserID=6412899d4903e07f24c6e29734910d63%7Cbf1dde592aa6410985931c6d0875c514%7C1c3ea8c7-ed40-4a73-9efc-69780e59d8ba&AppEnvironment=datacollector-binary&UploadType=eteventstream] status=Processing
[2018.10.02-21.12.22:725][524]LogModuleManager: Shutting down and abandoning module SSL (40)
[2018.10.02-21.12.22:727][524]LogModuleManager: Shutting down and abandoning module AnimationModifiers (36)
[2018.10.02-21.12.22:727][524]LogModuleManager: Shutting down and abandoning module PropertyEditor (35)
[2018.10.02-21.12.22:727][524]LogModuleManager: Shutting down and abandoning module AudioEditor (32)
[2018.10.02-21.12.22:727][524]LogModuleManager: Shutting down and abandoning module TextureCompressor (30)
[2018.10.02-21.12.22:727][524]LogModuleManager: Shutting down and abandoning module ShaderCore (28)
[2018.10.02-21.12.22:728][524]LogModuleManager: Shutting down and abandoning module Landscape (26)
[2018.10.02-21.12.22:728][524]LogModuleManager: Shutting down and abandoning module SlateRHIRenderer (24)
[2018.10.02-21.12.22:728][524]LogModuleManager: Shutting down and abandoning module OpenGLDrv (22)
[2018.10.02-21.12.22:729][524]LogModuleManager: Shutting down and abandoning module D3D11RHI (20)
[2018.10.02-21.12.22:729][524]LogModuleManager: Shutting down and abandoning module AnimGraphRuntime (18)
[2018.10.02-21.12.22:729][524]LogModuleManager: Shutting down and abandoning module Renderer (16)
[2018.10.02-21.12.22:729][524]LogModuleManager: Shutting down and abandoning module Engine (14)
[2018.10.02-21.12.22:729][524]LogModuleManager: Shutting down and abandoning module CoreUObject (12)
[2018.10.02-21.12.22:729][524]LogModuleManager: Shutting down and abandoning module NetworkFile (10)
[2018.10.02-21.12.22:729][524]LogModuleManager: Shutting down and abandoning module CookedIterativeFile (8)
[2018.10.02-21.12.22:729][524]LogModuleManager: Shutting down and abandoning module StreamingFile (6)
[2018.10.02-21.12.22:729][524]LogModuleManager: Shutting down and abandoning module SandboxFile (4)
[2018.10.02-21.12.22:729][524]LogModuleManager: Shutting down and abandoning module PakFile (2)
[2018.10.02-21.12.22:737][524]LogExit: Exiting.
[2018.10.02-21.12.22:753][524]Log file closed, 10/02/18 22:12:22
