Log file open, 11/21/18 15:21:56
LogWindows: Failed to load 'aqProf.dll' (GetLastError=126)
LogWindows: File 'aqProf.dll' does not exist
LogWindows: Failed to load 'VtuneApi.dll' (GetLastError=126)
LogWindows: File 'VtuneApi.dll' does not exist
LogWindows: Failed to load 'VtuneApi32e.dll' (GetLastError=126)
LogWindows: File 'VtuneApi32e.dll' does not exist
LogInit: Display: Running engine for game: MCompProject
LogPlatformFile: Not using cached read wrapper
LogInit: Display: RandInit(1834306016) SRandInit(1834306016).
LogInit: Read version file with build ID '3944462'
LogInit: Overriding engine version to CL 4033788, compatible CL 3944462
LogInit: Registered custom module enumerator with build ID '3944462'
LogTaskGraph: Started task graph with 5 named threads and 35 total threads with 3 sets of task threads.
LogStats: Stats thread started at 0.504885
LogD3D11RHI: Aftermath initialized
LogICUInternationalization: Display: ICU TimeZone Detection - Raw Offset: +0:00, Platform Override: ''
LogModuleManager: Display: Found up-to-date module file ../../../Engine/Plugins/2D/Paper2D/Binaries/Win64/UE4Editor-Paper2D.dll (API version 3944462).
LogModuleManager: Display: Found up-to-date module file ../../../Engine/Plugins/2D/Paper2D/Binaries/Win64/UE4Editor-Paper2DEditor.dll (API version 3944462).
LogModuleManager: Display: Found up-to-date module file ../../../Engine/Plugins/2D/Paper2D/Binaries/Win64/UE4Editor-PaperSpriteSheetImporter.dll (API version 3944462).
LogModuleManager: Display: Found up-to-date module file ../../../Engine/Plugins/2D/Paper2D/Binaries/Win64/UE4Editor-PaperTiledImporter.dll (API version 3944462).
LogModuleManager: Display: Found up-to-date module file ../../../Engine/Plugins/2D/Paper2D/Binaries/Win64/UE4Editor-SmartSnapping.dll (API version 3944462).
LogModuleManager: Display: Found up-to-date module file ../../../Engine/Plugins/Blendables/LightPropagationVolume/Binaries/Win64/UE4Editor-LightPropagationVolumeRuntime.dll (API version 3944462).
LogModuleManager: Display: Found up-to-date module file ../../../Engine/Plugins/Blendables/LightPropagationVolume/Binaries/Win64/UE4Editor-LightPropagationVolumeEditor.dll (API version 3944462).
LogModuleManager: Display: Found up-to-date module file ../../../Engine/Plugins/Developer/CLionSourceCodeAccess/Binaries/Win64/UE4Editor-CLionSourceCodeAccess.dll (API version 3944462).
LogModuleManager: Display: Found up-to-date module file ../../../Engine/Plugins/Developer/GitSourceControl/Binaries/Win64/UE4Editor-GitSourceControl.dll (API version 3944462).
LogModuleManager: Display: Found up-to-date module file ../../../Engine/Plugins/Developer/PerforceSourceControl/Binaries/Win64/UE4Editor-PerforceSourceControl.dll (API version 3944462).
LogModuleManager: Display: Found up-to-date module file ../../../Engine/Plugins/Developer/SubversionSourceControl/Binaries/Win64/UE4Editor-SubversionSourceControl.dll (API version 3944462).
LogModuleManager: Display: Found up-to-date module file ../../../Engine/Plugins/Developer/UObjectPlugin/Binaries/Win64/UE4Editor-UObjectPlugin.dll (API version 3944462).
LogModuleManager: Display: Found up-to-date module file ../../../Engine/Plugins/Developer/VisualStudioCodeSourceCodeAccess/Binaries/Win64/UE4Editor-VisualStudioCodeSourceCodeAccess.dll (API version 3944462).
LogModuleManager: Display: Found up-to-date module file ../../../Engine/Plugins/Developer/VisualStudioSourceCodeAccess/Binaries/Win64/UE4Editor-VisualStudioSourceCodeAccess.dll (API version 3944462).
LogModuleManager: Display: Found up-to-date module file ../../../Engine/Plugins/Editor/AssetManagerEditor/Binaries/Win64/UE4Editor-AssetManagerEditor.dll (API version 3944462).
LogModuleManager: Display: Found up-to-date module file ../../../Engine/Plugins/Editor/CryptoKeys/Binaries/Win64/UE4Editor-CryptoKeys.dll (API version 3944462).
LogModuleManager: Display: Found up-to-date module file ../../../Engine/Plugins/Editor/CryptoKeys/Binaries/Win64/UE4Editor-CryptoKeysOpenSSL.dll (API version 3944462).
LogModuleManager: Display: Found up-to-date module file ../../../Engine/Plugins/Editor/DataValidation/Binaries/Win64/UE4Editor-DataValidation.dll (API version 3944462).
LogModuleManager: Display: Found up-to-date module file ../../../Engine/Plugins/Editor/FacialAnimation/Binaries/Win64/UE4Editor-FacialAnimation.dll (API version 3944462).
LogModuleManager: Display: Found up-to-date module file ../../../Engine/Plugins/Editor/FacialAnimation/Binaries/Win64/UE4Editor-FacialAnimationEditor.dll (API version 3944462).
LogModuleManager: Display: Found up-to-date module file ../../../Engine/Plugins/Editor/GameplayTagsEditor/Binaries/Win64/UE4Editor-GameplayTagsEditor.dll (API version 3944462).
LogModuleManager: Display: Found up-to-date module file ../../../Engine/Plugins/Editor/MobileLauncherProfileWizard/Binaries/Win64/UE4Editor-MobileLauncherProfileWizard.dll (API version 3944462).
LogModuleManager: Display: Found up-to-date module file ../../../Engine/Plugins/Editor/PluginBrowser/Binaries/Win64/UE4Editor-PluginBrowser.dll (API version 3944462).
LogModuleManager: Display: Found up-to-date module file ../../../Engine/Plugins/Editor/SpeedTreeImporter/Binaries/Win64/UE4Editor-SpeedTreeImporter.dll (API version 3944462).
LogModuleManager: Display: Found up-to-date module file ../../../Engine/Plugins/Enterprise/DatasmithContent/Binaries/Win64/UE4Editor-DatasmithContent.dll (API version 3944462).
LogModuleManager: Display: Found up-to-date module file ../../../Engine/Plugins/Experimental/AlembicImporter/Binaries/Win64/UE4Editor-AlembicImporter.dll (API version 3944462).
LogModuleManager: Display: Found up-to-date module file ../../../Engine/Plugins/Experimental/AlembicImporter/Binaries/Win64/UE4Editor-AlembicLibrary.dll (API version 3944462).
LogModuleManager: Display: Found up-to-date module file ../../../Engine/Plugins/Experimental/CharacterAI/Binaries/Win64/UE4Editor-CharacterAI.dll (API version 3944462).
LogModuleManager: Display: Found up-to-date module file ../../../Engine/Plugins/Experimental/HTML5Networking/Binaries/Win64/UE4Editor-HTML5Networking.dll (API version 3944462).
LogModuleManager: Display: Found up-to-date module file ../../../Engine/Plugins/Media/AndroidMedia/Binaries/Win64/UE4Editor-AndroidMediaEditor.dll (API version 3944462).
LogModuleManager: Display: Found up-to-date module file ../../../Engine/Plugins/Media/AndroidMedia/Binaries/Win64/UE4Editor-AndroidMediaFactory.dll (API version 3944462).
LogModuleManager: Display: Found up-to-date module file ../../../Engine/Plugins/Media/AvfMedia/Binaries/Win64/UE4Editor-AvfMediaEditor.dll (API version 3944462).
LogModuleManager: Display: Found up-to-date module file ../../../Engine/Plugins/Media/AvfMedia/Binaries/Win64/UE4Editor-AvfMediaFactory.dll (API version 3944462).
LogModuleManager: Display: Found up-to-date module file ../../../Engine/Plugins/Media/AvfMedia/Binaries/Win64/UE4Editor-AvfMediaFactory.dll (API version 3944462).
LogModuleManager: Display: Found up-to-date module file ../../../Engine/Plugins/Media/ImgMedia/Binaries/Win64/UE4Editor-ImgMedia.dll (API version 3944462).
LogModuleManager: Display: Found up-to-date module file ../../../Engine/Plugins/Media/ImgMedia/Binaries/Win64/UE4Editor-ImgMediaEditor.dll (API version 3944462).
LogModuleManager: Display: Found up-to-date module file ../../../Engine/Plugins/Media/ImgMedia/Binaries/Win64/UE4Editor-ImgMediaFactory.dll (API version 3944462).
LogModuleManager: Display: Found up-to-date module file ../../../Engine/Plugins/Media/ImgMedia/Binaries/Win64/UE4Editor-ImgMediaFactory.dll (API version 3944462).
LogModuleManager: Display: Found up-to-date module file ../../../Engine/Plugins/Media/ImgMedia/Binaries/Win64/UE4Editor-OpenExrWrapper.dll (API version 3944462).
LogModuleManager: Display: Found up-to-date module file ../../../Engine/Plugins/Media/LinearTimecode/Binaries/Win64/UE4Editor-LinearTimecode.dll (API version 3944462).
LogModuleManager: Display: Found up-to-date module file ../../../Engine/Plugins/Media/MediaCompositing/Binaries/Win64/UE4Editor-MediaCompositing.dll (API version 3944462).
LogModuleManager: Display: Found up-to-date module file ../../../Engine/Plugins/Media/MediaCompositing/Binaries/Win64/UE4Editor-MediaCompositingEditor.dll (API version 3944462).
LogModuleManager: Display: Found up-to-date module file ../../../Engine/Plugins/Media/MediaPlayerEditor/Binaries/Win64/UE4Editor-MediaPlayerEditor.dll (API version 3944462).
LogModuleManager: Display: Found up-to-date module file ../../../Engine/Plugins/Media/WmfMedia/Binaries/Win64/UE4Editor-WmfMedia.dll (API version 3944462).
LogModuleManager: Display: Found up-to-date module file ../../../Engine/Plugins/Media/WmfMedia/Binaries/Win64/UE4Editor-WmfMediaEditor.dll (API version 3944462).
LogModuleManager: Display: Found up-to-date module file ../../../Engine/Plugins/Media/WmfMedia/Binaries/Win64/UE4Editor-WmfMediaFactory.dll (API version 3944462).
LogModuleManager: Display: Found up-to-date module file ../../../Engine/Plugins/Media/WmfMedia/Binaries/Win64/UE4Editor-WmfMediaFactory.dll (API version 3944462).
LogModuleManager: Display: Found up-to-date module file ../../../Engine/Plugins/Messaging/TcpMessaging/Binaries/Win64/UE4Editor-TcpMessaging.dll (API version 3944462).
LogModuleManager: Display: Found up-to-date module file ../../../Engine/Plugins/Messaging/UdpMessaging/Binaries/Win64/UE4Editor-UdpMessaging.dll (API version 3944462).
LogModuleManager: Display: Found up-to-date module file ../../../Engine/Plugins/MovieScene/ActorSequence/Binaries/Win64/UE4Editor-ActorSequence.dll (API version 3944462).
LogModuleManager: Display: Found up-to-date module file ../../../Engine/Plugins/MovieScene/LevelSequenceEditor/Binaries/Win64/UE4Editor-LevelSequenceEditor.dll (API version 3944462).
LogModuleManager: Display: Found up-to-date module file ../../../Engine/Plugins/MovieScene/MatineeToLevelSequence/Binaries/Win64/UE4Editor-MatineeToLevelSequence.dll (API version 3944462).
LogModuleManager: Display: Found up-to-date module file ../../../Engine/Plugins/NetcodeUnitTest/NetcodeUnitTest/Binaries/Win64/UE4Editor-NetcodeUnitTest.dll (API version 3944462).
LogModuleManager: Display: Found up-to-date module file ../../../Engine/Plugins/NetcodeUnitTest/NUTUnrealEngine4/Binaries/Win64/UE4Editor-NUTUnrealEngine4.dll (API version 3944462).
LogModuleManager: Display: Found up-to-date module file ../../../Engine/Plugins/Online/OnlineSubsystem/Binaries/Win64/UE4Editor-OnlineSubsystem.dll (API version 3944462).
LogModuleManager: Display: Found up-to-date module file ../../../Engine/Plugins/Runtime/AndroidPermission/Binaries/Win64/UE4Editor-AndroidPermission.dll (API version 3944462).
LogModuleManager: Display: Found up-to-date module file ../../../Engine/Plugins/Online/OnlineSubsystemNull/Binaries/Win64/UE4Editor-OnlineSubsystemNull.dll (API version 3944462).
LogModuleManager: Display: Found up-to-date module file ../../../Engine/Plugins/Online/OnlineSubsystemUtils/Binaries/Win64/UE4Editor-OnlineSubsystemUtils.dll (API version 3944462).
LogModuleManager: Display: Found up-to-date module file ../../../Engine/Plugins/Online/OnlineSubsystemUtils/Binaries/Win64/UE4Editor-OnlineBlueprintSupport.dll (API version 3944462).
LogModuleManager: Display: Found up-to-date module file ../../../Engine/Plugins/Runtime/AndroidDeviceProfileSelector/Binaries/Win64/UE4Editor-AndroidDeviceProfileSelector.dll (API version 3944462).
LogModuleManager: Display: Found up-to-date module file ../../../Engine/Plugins/Runtime/AppleARKit/Binaries/Win64/UE4Editor-AppleARKit.dll (API version 3944462).
LogModuleManager: Display: Found up-to-date module file ../../../Engine/Plugins/Runtime/ProceduralMeshComponent/Binaries/Win64/UE4Editor-ProceduralMeshComponent.dll (API version 3944462).
LogModuleManager: Display: Found up-to-date module file ../../../Engine/Plugins/Runtime/ProceduralMeshComponent/Binaries/Win64/UE4Editor-ProceduralMeshComponentEditor.dll (API version 3944462).
LogModuleManager: Display: Found up-to-date module file ../../../Engine/Plugins/Animation/LiveLink/Binaries/Win64/UE4Editor-LiveLink.dll (API version 3944462).
LogModuleManager: Display: Found up-to-date module file ../../../Engine/Plugins/Animation/LiveLink/Binaries/Win64/UE4Editor-LiveLinkEditor.dll (API version 3944462).
LogModuleManager: Display: Found up-to-date module file ../../../Engine/Plugins/Runtime/ArchVisCharacter/Binaries/Win64/UE4Editor-ArchVisCharacter.dll (API version 3944462).
LogModuleManager: Display: Found up-to-date module file ../../../Engine/Plugins/Runtime/AudioCapture/Binaries/Win64/UE4Editor-AudioCapture.dll (API version 3944462).
LogModuleManager: Display: Found up-to-date module file ../../../Engine/Plugins/Runtime/AudioCapture/Binaries/Win64/UE4Editor-AudioCaptureEditor.dll (API version 3944462).
LogModuleManager: Display: Found up-to-date module file ../../../Engine/Plugins/Runtime/CableComponent/Binaries/Win64/UE4Editor-CableComponent.dll (API version 3944462).
LogModuleManager: Display: Found up-to-date module file ../../../Engine/Plugins/Runtime/CustomMeshComponent/Binaries/Win64/UE4Editor-CustomMeshComponent.dll (API version 3944462).
LogModuleManager: Display: Found up-to-date module file ../../../Engine/Plugins/Runtime/ExampleDeviceProfileSelector/Binaries/Win64/UE4Editor-ExampleDeviceProfileSelector.dll (API version 3944462).
LogModuleManager: Display: Found up-to-date module file ../../../Engine/Plugins/Runtime/ImmediatePhysics/Binaries/Win64/UE4Editor-ImmediatePhysics.dll (API version 3944462).
LogModuleManager: Display: Found up-to-date module file ../../../Engine/Plugins/Runtime/ImmediatePhysics/Binaries/Win64/UE4Editor-ImmediatePhysicsEditor.dll (API version 3944462).
LogModuleManager: Display: Found up-to-date module file ../../../Engine/Plugins/Runtime/LocationServicesBPLibrary/Binaries/Win64/UE4Editor-LocationServicesBPLibrary.dll (API version 3944462).
LogModuleManager: Display: Found up-to-date module file ../../../Engine/Plugins/Runtime/MobilePatchingUtils/Binaries/Win64/UE4Editor-MobilePatchingUtils.dll (API version 3944462).
LogModuleManager: Display: Found up-to-date module file ../../../Engine/Plugins/Runtime/Oculus/OculusVR/Binaries/Win64/UE4Editor-OculusHMD.dll (API version 3944462).
LogModuleManager: Display: Found up-to-date module file ../../../Engine/Plugins/Runtime/Oculus/OculusVR/Binaries/Win64/UE4Editor-OculusInput.dll (API version 3944462).
LogModuleManager: Display: Found up-to-date module file ../../../Engine/Plugins/Runtime/Oculus/OculusVR/Binaries/Win64/UE4Editor-OculusEditor.dll (API version 3944462).
LogModuleManager: Display: Found up-to-date module file ../../../Engine/Plugins/Runtime/PhysXVehicles/Binaries/Win64/UE4Editor-PhysXVehicles.dll (API version 3944462).
LogModuleManager: Display: Found up-to-date module file ../../../Engine/Plugins/Runtime/PhysXVehicles/Binaries/Win64/UE4Editor-PhysXVehiclesEditor.dll (API version 3944462).
LogModuleManager: Display: Found up-to-date module file ../../../Engine/Plugins/Runtime/RuntimePhysXCooking/Binaries/Win64/UE4Editor-RuntimePhysXCooking.dll (API version 3944462).
LogModuleManager: Display: Found up-to-date module file ../../../Engine/Plugins/Runtime/Steam/SteamVR/Binaries/Win64/UE4Editor-SteamVR.dll (API version 3944462).
LogModuleManager: Display: Found up-to-date module file ../../../Engine/Plugins/Runtime/Steam/SteamVR/Binaries/Win64/UE4Editor-SteamVRController.dll (API version 3944462).
LogModuleManager: Display: Found up-to-date module file ../../../Engine/Plugins/Runtime/WindowsMoviePlayer/Binaries/Win64/UE4Editor-WindowsMoviePlayer.dll (API version 3944462).
LogPluginManager: Mounting plugin Paper2D
LogPluginManager: Mounting plugin LiveLink
LogPluginManager: Mounting plugin LightPropagationVolume
LogPluginManager: Mounting plugin CLionSourceCodeAccess
LogPluginManager: Mounting plugin CodeLiteSourceCodeAccess
LogPluginManager: Mounting plugin GitSourceControl
LogPluginManager: Mounting plugin KDevelopSourceCodeAccess
LogPluginManager: Mounting plugin NullSourceCodeAccess
LogPluginManager: Mounting plugin PerforceSourceControl
LogPluginManager: Mounting plugin SubversionSourceControl
LogPluginManager: Mounting plugin UObjectPlugin
LogPluginManager: Mounting plugin VisualStudioCodeSourceCodeAccess
LogPluginManager: Mounting plugin VisualStudioSourceCodeAccess
LogPluginManager: Mounting plugin XCodeSourceCodeAccess
LogPluginManager: Mounting plugin AssetManagerEditor
LogPluginManager: Mounting plugin CryptoKeys
LogPluginManager: Mounting plugin DataValidation
LogPluginManager: Mounting plugin FacialAnimation
LogPluginManager: Mounting plugin GameplayTagsEditor
LogPluginManager: Mounting plugin MobileLauncherProfileWizard
LogPluginManager: Mounting plugin PluginBrowser
LogPluginManager: Mounting plugin SpeedTreeImporter
LogPluginManager: Mounting plugin DatasmithContent
LogPluginManager: Mounting plugin AlembicImporter
LogPluginManager: Mounting plugin CharacterAI
LogPluginManager: Mounting plugin HTML5Networking
LogPluginManager: Mounting plugin AndroidMedia
LogPluginManager: Mounting plugin AvfMedia
LogPluginManager: Mounting plugin ImgMedia
LogPluginManager: Mounting plugin LinearTimecode
LogPluginManager: Mounting plugin MediaCompositing
LogPluginManager: Mounting plugin MediaPlayerEditor
LogPluginManager: Mounting plugin WmfMedia
LogPluginManager: Mounting plugin TcpMessaging
LogPluginManager: Mounting plugin UdpMessaging
LogPluginManager: Mounting plugin ActorSequence
LogPluginManager: Mounting plugin LevelSequenceEditor
LogPluginManager: Mounting plugin MatineeToLevelSequence
LogPluginManager: Mounting plugin NetcodeUnitTest
LogPluginManager: Mounting plugin NUTUnrealEngine4
LogPluginManager: Mounting plugin OnlineSubsystemGooglePlay
LogPluginManager: Mounting plugin OnlineSubsystemIOS
LogPluginManager: Mounting plugin OnlineSubsystem
LogPluginManager: Mounting plugin OnlineSubsystemNull
LogPluginManager: Mounting plugin OnlineSubsystemUtils
LogPluginManager: Mounting plugin AndroidDeviceProfileSelector
LogPluginManager: Mounting plugin AndroidMoviePlayer
LogPluginManager: Mounting plugin AndroidPermission
LogPluginManager: Mounting plugin AppleARKit
LogPluginManager: Mounting plugin AppleMoviePlayer
LogPluginManager: Mounting plugin ArchVisCharacter
LogPluginManager: Mounting plugin AudioCapture
LogPluginManager: Mounting plugin CableComponent
LogPluginManager: Mounting plugin CustomMeshComponent
LogPluginManager: Mounting plugin ExampleDeviceProfileSelector
LogPluginManager: Mounting plugin GoogleCloudMessaging
LogPluginManager: Mounting plugin ImmediatePhysics
LogPluginManager: Mounting plugin IOSDeviceProfileSelector
LogPluginManager: Mounting plugin LinuxDeviceProfileSelector
LogPluginManager: Mounting plugin LocationServicesBPLibrary
LogPluginManager: Mounting plugin MobilePatchingUtils
LogPluginManager: Mounting plugin OculusVR
LogPluginManager: Plugin shader directory ../../../Engine/Plugins/Runtime/Oculus/OculusVR/Shaders found
LogPluginManager: Mapping shader source directory ../../../Engine/Plugins/Runtime/Oculus/OculusVR/Shaders to virtual directory /Plugin/OculusVR
LogPluginManager: Mounting plugin PhysXVehicles
LogPluginManager: Mounting plugin ProceduralMeshComponent
LogPluginManager: Mounting plugin RuntimePhysXCooking
LogPluginManager: Mounting plugin SteamVR
LogPluginManager: Mounting plugin WindowsMoviePlayer
LogStreaming: Display: Took  3.547s to configure plugins.
LogInit: Using libcurl 7.47.1
LogInit:  - built for x86_64-pc-win32
LogInit:  - supports SSL with OpenSSL/1.0.2g
LogInit:  - supports HTTP deflate (compression) using libz 1.2.8
LogInit:  - other features:
LogInit:      CURL_VERSION_SSL
LogInit:      CURL_VERSION_LIBZ
LogInit:      CURL_VERSION_IPV6
LogInit:      CURL_VERSION_ASYNCHDNS
LogInit:      CURL_VERSION_LARGEFILE
LogInit:      CURL_VERSION_IDN
LogInit:  CurlRequestOptions (configurable via config and command line):
LogInit:  - bVerifyPeer = false  - Libcurl will NOT verify peer certificate
LogInit:  - bUseHttpProxy = false  - Libcurl will NOT use HTTP proxy
LogInit:  - bDontReuseConnections = false  - Libcurl will reuse connections
LogInit:  - CertBundlePath = nullptr  - Libcurl will use whatever was configured at build time.
LogInit:  - MaxHostConnections = 16  - Libcurl will limit the number of connections to a host
LogInit:  - LocalHostAddr = Default
LogInit: WinSock: version 1.1 (2.2), MaxSocks=32767, MaxUdp=65467
LogInit: WinSock: I am DESKTOP-G9AEHUG (192.168.0.3:0)
LogInit: Build: ++UE4+Release-4.19-CL-4033788
LogInit: Engine Version: 4.19.2-4033788+++UE4+Release-4.19
LogInit: Compatible Engine Version: 4.19.0-3944462+++UE4+Release-4.19
LogInit: Net CL: 3944462
LogDevObjectVersion: Number of dev versions registered: 18
LogDevObjectVersion:   Dev-Blueprints (B0D832E4-1F89-4F0D-ACCF-7EB736FD4AA2): 10
LogDevObjectVersion:   Dev-Build (E1C64328-A22C-4D53-A36C-8E866417BD8C): 0
LogDevObjectVersion:   Dev-Core (375EC13C-06E4-48FB-B500-84F0262A717E): 2
LogDevObjectVersion:   Dev-Editor (E4B068ED-F494-42E9-A231-DA0B2E46BB41): 23
LogDevObjectVersion:   Dev-Framework (CFFC743F-43B0-4480-9391-14DF171D2073): 33
LogDevObjectVersion:   Dev-Mobile (B02B49B5-BB20-44E9-A304-32B752E40360): 2
LogDevObjectVersion:   Dev-Networking (A4E4105C-59A1-49B5-A7C5-40C4547EDFEE): 0
LogDevObjectVersion:   Dev-Online (39C831C9-5AE6-47DC-9A44-9C173E1C8E7C): 0
LogDevObjectVersion:   Dev-Physics (78F01B33-EBEA-4F98-B9B4-84EACCB95AA2): 0
LogDevObjectVersion:   Dev-Platform (6631380F-2D4D-43E0-8009-CF276956A95A): 0
LogDevObjectVersion:   Dev-Rendering (12F88B9F-8875-4AFC-A67C-D90C383ABD29): 25
LogDevObjectVersion:   Dev-Sequencer (7B5AE74C-D270-4C10-A958-57980B212A5A): 6
LogDevObjectVersion:   Dev-VR (D7296918-1DD6-4BDD-9DE2-64A83CC13884): 1
LogDevObjectVersion:   Dev-LoadTimes (C2A15278-BFE7-4AFE-6C17-90FF531DF755): 1
LogDevObjectVersion:   Private-Geometry (6EACA3D4-40EC-4CC1-B786-8BED09428FC5): 2
LogDevObjectVersion:   Dev-AnimPhys (29E575DD-E0A3-4627-9D10-D276232CDCEA): 16
LogDevObjectVersion:   Dev-ReflectionCapture (6B266CEC-1EC7-4B8F-A30B-E4D90942FC07): 1
LogDevObjectVersion:   Dev-Automation (0DF73D61-A23F-47EA-B727-89E90C41499A): 1
LogInit: Compiled (64-bit): Apr 27 2018 02:06:57
LogInit: Compiled with Visual C++: 19.00.24215.01
LogInit: Build Configuration: Development
LogInit: Branch Name: ++UE4+Release-4.19
LogInit: Command Line:  
LogInit: Base Directory: C:/Program Files/Epic Games/UE_4.19/Engine/Binaries/Win64/
LogInit: Installed Engine Build: 1
LogStreaming: Display: Took  0.000s to delete old logs.
LogInit: Presizing for max 8388607 objects, including 0 objects not considered by GC, pre-allocating 0 bytes for permanent pool.
LogInit: Object subsystem initialized
[2018.11.21-15.22.00:118][  0]LogInit: Selected Device Profile: [Windows]
[2018.11.21-15.22.00:118][  0]LogInit: Applying CVar settings loaded from the selected device profile: [Windows]
[2018.11.21-15.22.00:180][  0]LogInit: Computer: DESKTOP-G9AEHUG
[2018.11.21-15.22.00:180][  0]LogInit: User: natj1
[2018.11.21-15.22.00:180][  0]LogInit: CPU Page size=4096, Cores=6
[2018.11.21-15.22.00:180][  0]LogInit: High frequency timer resolution =3.119140 MHz
[2018.11.21-15.22.00:181][  0]LogMemory: Memory total: Physical=16.0GB (16GB approx)
[2018.11.21-15.22.00:181][  0]LogMemory: Platform Memory Stats for Windows
[2018.11.21-15.22.00:181][  0]LogMemory: Process Physical Memory: 274.69 MB used, 274.69 MB peak
[2018.11.21-15.22.00:181][  0]LogMemory: Process Virtual Memory: 271.55 MB used, 271.55 MB peak
[2018.11.21-15.22.00:181][  0]LogMemory: Physical Memory: 7076.95 MB used,  9258.46 MB free, 16335.41 MB total
[2018.11.21-15.22.00:181][  0]LogMemory: Virtual Memory: 4815.95 MB used,  9258.46 MB free, 134217728.00 MB total
[2018.11.21-15.22.00:529][  0]LogInit: Using OS detected language (en-US).
[2018.11.21-15.22.00:529][  0]LogInit: Using OS detected locale (en-GB).
[2018.11.21-15.22.00:831][  0]LogTextLocalizationManager: No specific localization for 'en-US' exists, so the 'en' localization will be used.
[2018.11.21-15.22.01:886][  0]LogStreaming: Display: Took  1.356s to EndInitTextLocalization.
[2018.11.21-15.22.01:886][  0]LogInit: Setting process to per monitor DPI aware
[2018.11.21-15.22.02:048][  0]LogSlate: New Slate User Created.  User Index 0, Is Virtual User: 0
[2018.11.21-15.22.02:048][  0]LogSlate: Slate User Registered.  User Index 0, Is Virtual User: 0
[2018.11.21-15.22.08:370][  0]LogD3D11RHI: D3D11 adapters:
[2018.11.21-15.22.08:787][  0]LogD3D11RHI:    0. 'Radeon RX 580 Series' (Feature Level 11_0)
[2018.11.21-15.22.08:787][  0]LogD3D11RHI:       8137/0/8167 MB DedicatedVideo/DedicatedSystem/SharedSystem, Outputs:2, VendorId:0x1002
[2018.11.21-15.22.08:792][  0]LogD3D11RHI:    1. 'Microsoft Basic Render Driver' (Feature Level 11_0)
[2018.11.21-15.22.08:792][  0]LogD3D11RHI:       0/0/8167 MB DedicatedVideo/DedicatedSystem/SharedSystem, Outputs:0, VendorId:0x1414
[2018.11.21-15.22.08:792][  0]LogD3D11RHI: Chosen D3D11 Adapter: 0
[2018.11.21-15.22.08:810][  0]LogD3D11RHI: Creating new Direct3DDevice
[2018.11.21-15.22.08:810][  0]LogD3D11RHI:     GPU DeviceId: 0x67df (for the marketing name, search the web for "GPU Device Id")
[2018.11.21-15.22.08:810][  0]LogWindows: EnumDisplayDevices:
[2018.11.21-15.22.08:811][  0]LogWindows:    0. 'Radeon RX 580 Series' (P:0 D:1)
[2018.11.21-15.22.08:811][  0]LogWindows:    1. 'Radeon RX 580 Series' (P:1 D:1)
[2018.11.21-15.22.08:811][  0]LogWindows:    2. 'Radeon RX 580 Series' (P:0 D:0)
[2018.11.21-15.22.08:812][  0]LogWindows:    3. 'Radeon RX 580 Series' (P:0 D:0)
[2018.11.21-15.22.08:812][  0]LogWindows:    4. 'Radeon RX 580 Series' (P:0 D:0)
[2018.11.21-15.22.08:812][  0]LogWindows:    5. 'Radeon RX 580 Series' (P:0 D:0)
[2018.11.21-15.22.08:813][  0]LogWindows:    6. 'Radeon RX 580 Series' (P:0 D:0)
[2018.11.21-15.22.08:813][  0]LogWindows: DebugString: GetVideoDriverDetailsInvalid PrimaryIsNotTheChoosenAdapter GetVideoDriverDetailsInvalid PrimaryIsNotTheChoosenAdapter GetVideoDriverDetailsInvalid PrimaryIsNotTheChoosenAdapter GetVideoDriverDetailsInvalid PrimaryIsNotTheChoosenAdapter GetVideoDriverDetailsInvalid PrimaryIsNotTheChoosenAdapter GetVideoDriverDetailsInvalid PrimaryIsNotTheChoosenAdapter GetVideoDriverDetailsInvalid PrimaryIsNotTheChoosenAdapter FoundDriverCount:0 
[2018.11.21-15.22.08:813][  0]LogD3D11RHI:     Adapter Name: Radeon RX 580 Series
[2018.11.21-15.22.08:813][  0]LogD3D11RHI:   Driver Version: Unknown (internal:Unknown, unified:Unknown)
[2018.11.21-15.22.08:813][  0]LogD3D11RHI:      Driver Date: Unknown
[2018.11.21-15.22.08:813][  0]LogRHI: Texture pool is 5695 MB (70% of 8137 MB)
[2018.11.21-15.22.08:967][  0]LogD3D11RHI: Async texture creation enabled
[2018.11.21-15.22.08:983][  0]LogD3D11RHI: GPU Timing Frequency: 25.000000 (Debug: 2 1)
[2018.11.21-15.22.08:985][  0]LogShaderCompilers: Guid format shader working directory is -14 characters bigger than the processId version (../../../../../../Users/natj1/Documents/GitHub/MCompProject/Intermediate/Shaders/WorkingDirectory/15656/).
[2018.11.21-15.22.08:985][  0]LogShaderCompilers: Cleaned the shader compiler working directory 'C:/Users/natj1/AppData/Local/Temp/UnrealShaderWorkingDir/DF86DBAC438C6A5C3D1DD793F6BA70E2/'.
[2018.11.21-15.22.10:102][  0]LogTemp: Display: Loaded TP AllDesktopTargetPlatform
[2018.11.21-15.22.10:125][  0]LogTemp: Display: Loaded TP MacClientTargetPlatform
[2018.11.21-15.22.10:145][  0]LogTemp: Display: Loaded TP MacNoEditorTargetPlatform
[2018.11.21-15.22.10:182][  0]LogTemp: Display: Loaded TP MacServerTargetPlatform
[2018.11.21-15.22.10:254][  0]LogTemp: Display: Loaded TP MacTargetPlatform
[2018.11.21-15.22.10:298][  0]LogTemp: Display: Loaded TP WindowsClientTargetPlatform
[2018.11.21-15.22.10:335][  0]LogTemp: Display: Loaded TP WindowsNoEditorTargetPlatform
[2018.11.21-15.22.10:356][  0]LogTemp: Display: Loaded TP WindowsServerTargetPlatform
[2018.11.21-15.22.10:366][  0]LogTemp: Display: Loaded TP WindowsTargetPlatform
[2018.11.21-15.22.10:415][  0]LogTemp: Display: Loaded TP Android_ASTCTargetPlatform
[2018.11.21-15.22.10:438][  0]LogTemp: Display: Loaded TP Android_ATCTargetPlatform
[2018.11.21-15.22.10:455][  0]LogTemp: Display: Loaded TP Android_DXTTargetPlatform
[2018.11.21-15.22.10:471][  0]LogTemp: Display: Loaded TP Android_ETC1aTargetPlatform
[2018.11.21-15.22.10:490][  0]LogTemp: Display: Loaded TP Android_ETC1TargetPlatform
[2018.11.21-15.22.10:510][  0]LogTemp: Display: Loaded TP Android_ETC2TargetPlatform
[2018.11.21-15.22.10:562][  0]LogTemp: Display: Loaded TP Android_MultiTargetPlatform
[2018.11.21-15.22.10:563][  0]LogTemp: Display: Loaded TP Android_PVRTCTargetPlatform
[2018.11.21-15.22.10:665][  0]LogTemp: Display: Loaded TP AndroidTargetPlatform
[2018.11.21-15.22.10:666][  0]LogTemp: Display: Loaded TP HTML5TargetPlatform
[2018.11.21-15.22.10:827][  0]LogTemp: Display: Loaded TP IOSTargetPlatform
[2018.11.21-15.22.10:846][  0]LogTemp: Display: Loaded TP TVOSTargetPlatform
[2018.11.21-15.22.10:866][  0]LogTemp: Display: Loaded TP LinuxClientTargetPlatform
[2018.11.21-15.22.10:884][  0]LogTemp: Display: Loaded TP LinuxNoEditorTargetPlatform
[2018.11.21-15.22.10:933][  0]LogTemp: Display: Loaded TP LinuxServerTargetPlatform
[2018.11.21-15.22.10:982][  0]LogTemp: Display: Loaded TP LinuxTargetPlatform
[2018.11.21-15.22.10:982][  0]LogTargetPlatformManager: Display: Building Assets For Windows
[2018.11.21-15.22.11:695][  0]LogXGEController: Cleaning working directory: C:/Users/natj1/AppData/Local/Temp/UnrealXGEWorkingDir/
[2018.11.21-15.22.11:696][  0]LogXGEController: Cannot use XGE Controller as Incredibuild is not installed on this machine.
[2018.11.21-15.22.11:696][  0]LogShaderCompilers: Cannot use XGE Shader Compiler as Incredibuild is not installed on this machine.
[2018.11.21-15.22.11:696][  0]LogShaderCompilers: Display: Using Local Shader Compiler.
[2018.11.21-15.22.18:250][  0]LogDerivedDataCache: Display: Max Cache Size: 512 MB
[2018.11.21-15.22.19:455][  0]LogDerivedDataCache: Loaded boot cache 1.20s 74MB C:/Users/natj1/AppData/Local/UnrealEngine/4.19/DerivedDataCache/Boot.ddc.
[2018.11.21-15.22.19:455][  0]LogDerivedDataCache: Display: Loaded Boot cache: C:/Users/natj1/AppData/Local/UnrealEngine/4.19/DerivedDataCache/Boot.ddc
[2018.11.21-15.22.19:456][  0]LogDerivedDataCache: FDerivedDataBackendGraph:  Pak pak cache file ../../../../../../Users/natj1/Documents/GitHub/MCompProject/DerivedDataCache/DDC.ddp not found, will not use a pak cache.
[2018.11.21-15.22.19:456][  0]LogDerivedDataCache: Unable to find inner node Pak for hierarchical cache Hierarchy.
[2018.11.21-15.22.19:456][  0]LogDerivedDataCache: FDerivedDataBackendGraph:  CompressedPak pak cache file ../../../../../../Users/natj1/Documents/GitHub/MCompProject/DerivedDataCache/Compressed.ddp not found, will not use a pak cache.
[2018.11.21-15.22.19:456][  0]LogDerivedDataCache: Unable to find inner node CompressedPak for hierarchical cache Hierarchy.
[2018.11.21-15.22.19:553][  0]LogDerivedDataCache: Display: Pak cache opened for reading ../../../Engine/DerivedDataCache/Compressed.ddp.
[2018.11.21-15.22.19:567][  0]LogDerivedDataCache: Using Local data cache path C:/Users/natj1/AppData/Local/UnrealEngine/Common/DerivedDataCache: Writable
[2018.11.21-15.22.19:567][  0]LogDerivedDataCache: Shared data cache path not found in *engine.ini, will not use an Shared cache.
[2018.11.21-15.22.19:567][  0]LogDerivedDataCache: Unable to find inner node Shared for hierarchical cache Hierarchy.
[2018.11.21-15.22.19:584][  0]LogMaterial: Verifying Global Shaders for PCD3D_SM5
[2018.11.21-15.22.19:584][  0]LogSlate: Using Freetype 2.6.0
[2018.11.21-15.22.19:634][  0]LogSlate: SlateFontCache - WITH_FREETYPE: 1, WITH_HARFBUZZ: 1
[2018.11.21-15.22.19:634][  0]LogSlate: SlateFontCache - WITH_FREETYPE: 1, WITH_HARFBUZZ: 1
[2018.11.21-15.22.23:317][  0]LogAssetRegistry: FAssetRegistry took 0.0380 seconds to start up
[2018.11.21-15.22.23:850][  0]LogInit: Selected Device Profile: [Windows]
[2018.11.21-15.22.25:585][  0]LogSimplygon: Simplygon DLL not present - disabling.
[2018.11.21-15.22.25:633][  0]LogMeshReduction: Using SimplygonSwarm for distributed automatic mesh merging
[2018.11.21-15.22.25:633][  0]LogMeshReduction: Using QuadricMeshReduction for automatic static mesh reduction
[2018.11.21-15.22.25:633][  0]LogMeshReduction: No automatic skeletal mesh reduction module available
[2018.11.21-15.22.25:634][  0]LogMeshReduction: No automatic mesh merging module available
[2018.11.21-15.22.25:634][  0]LogMeshMerging: No automatic mesh merging module available
[2018.11.21-15.22.25:794][  0]LogNetVersion: MCompProject , NetCL: 3944462, EngineNetVer: 2, GameNetVer: 0 (Checksum: 693527995)
[2018.11.21-15.22.33:619][  0]LogPackageLocalizationCache: Processed 9 localized package path(s) for 2 prioritized culture(s) in 0.127143 seconds
[2018.11.21-15.22.33:629][  0]LogUObjectArray: 36728 objects as part of root set at end of initial load.
[2018.11.21-15.22.33:629][  0]LogUObjectAllocator: 7314304 out of 0 bytes used by permanent object pool.
[2018.11.21-15.22.33:629][  0]LogUObjectArray: CloseDisregardForGC: 0/0 objects in disregard for GC pool
[2018.11.21-15.24.03:442][  0]LogTcpMessaging: Initializing TcpMessaging bridge
[2018.11.21-15.24.03:579][  0]LogUdpMessaging: Initializing bridge on interface 0.0.0.0:0 to multicast group 230.0.0.1:6666.
[2018.11.21-15.24.09:645][  0]SourceControl: Source control is disabled
[2018.11.21-15.24.09:645][  0]SourceControl: Source control is disabled
[2018.11.21-15.24.09:696][  0]SourceControl: Source control is disabled
[2018.11.21-15.24.09:742][  0]SourceControl: Source control is disabled
[2018.11.21-15.24.11:934][  0]LogAndroidPermission: UAndroidPermissionCallbackProxy::GetInstance
[2018.11.21-15.24.14:723][  0]LogOcInput: OculusInput pre-init called
[2018.11.21-15.24.15:396][  0]LogEngine: Initializing Engine...
[2018.11.21-15.24.15:397][  0]LogHMD: Failed to initialize OpenVR with code 110
[2018.11.21-15.24.15:399][  0]LogStats: UGameplayTagsManager::ConstructGameplayTagTree: Construct from data asset -  0.000 s
[2018.11.21-15.24.15:399][  0]LogStats: UGameplayTagsManager::ConstructGameplayTagTree: GameplayTagTreeChangedEvent.Broadcast -  0.000 s
[2018.11.21-15.24.15:815][  0]LogAIModule: Creating AISystem for world Untitled
[2018.11.21-15.24.15:860][  0]LogInit: XAudio2 using 'Speakers (Realtek High Definition Audio)' : 2 channels at 48 kHz using 32 bits per sample (channel mask 0x3)
[2018.11.21-15.24.15:922][  0]LogInit: FAudioDevice initialized.
[2018.11.21-15.24.19:295][  0]LogDerivedDataCache: Saved boot cache 3.37s 74MB C:/Users/natj1/AppData/Local/UnrealEngine/4.19/DerivedDataCache/Boot.ddc.
[2018.11.21-15.24.19:330][  0]LogInit: Texture streaming: Enabled
[2018.11.21-15.24.23:830][  0]LogEngineSessionManager: EngineSessionManager initialized
[2018.11.21-15.24.25:789][  0]LogInit: Transaction tracking system initialized
[2018.11.21-15.24.27:088][  0]BlueprintLog: New page: Editor Load
[2018.11.21-15.24.30:151][  0]LocalizationService: Localization service is disabled
[2018.11.21-15.24.31:963][  0]LogConsoleResponse: Display: 
[2018.11.21-15.24.38:287][  0]LogCook: Display: Max memory allowance for cook 16384mb min free memory 0mb
[2018.11.21-15.24.38:287][  0]LogCook: Display: Mobile HDR setting 1
[2018.11.21-15.24.38:288][  0]LogGameplayTags: Display: UGameplayTagsManager::DoneAddingNativeTags. DelegateIsBound: 0
[2018.11.21-15.24.38:288][  0]LogStats: UGameplayTagsManager::ConstructGameplayTagTree: Construct from data asset -  0.000 s
[2018.11.21-15.24.38:288][  0]LogStats: UGameplayTagsManager::ConstructGameplayTagTree: GameplayTagTreeChangedEvent.Broadcast -  0.000 s
[2018.11.21-15.24.40:035][  0]LogFileCache: Scanning file cache for directory 'C:/Users/natj1/Documents/GitHub/MCompProject/Content/' took 0.04s
[2018.11.21-15.24.46:643][  0]SourceControl: Source control is disabled
[2018.11.21-15.24.46:644][  0]Cmd: MAP LOAD FILE="../../../../../../Users/natj1/Documents/GitHub/MCompProject/Content/TopDownBP/Maps/TopDownExampleMap.umap" TEMPLATE=0 SHOWPROGRESS=1 FEATURELEVEL=3
[2018.11.21-15.24.46:644][  0]LightingResults: New page: Lighting Build
[2018.11.21-15.24.46:678][  0]MapCheck: New page: Map Check
[2018.11.21-15.24.46:679][  0]LightingResults: New page: Lighting Build
[2018.11.21-15.24.46:838][  0]LogUObjectGlobals: Created PersistentFrame Addr=0x000002ad33f99a80, Size=64, Default__ThirdPerson_AnimBP_C Function /Game/Mannequin/Animations/ThirdPerson_AnimBP.ThirdPerson_AnimBP_C:ExecuteUbergraph_ThirdPerson_AnimBP
[2018.11.21-15.24.46:850][  0]LogUObjectGlobals: Destroyed PersistentFrame Addr=0x000002ad33f99a80, Size=64
[2018.11.21-15.24.46:850][  0]LogUObjectGlobals: Created PersistentFrame Addr=0x000002ad33f99b00, Size=64, Default__ThirdPerson_AnimBP_C Function /Engine/Transient.REINST_ThirdPerson_AnimBP_C_0:ExecuteUbergraph_ThirdPerson_AnimBP
[2018.11.21-15.24.46:859][  0]LogUObjectGlobals: Created PersistentFrame Addr=0x000002ad1a6709a0, Size=72, Default__ThirdPerson_AnimBP_C Function /Game/Mannequin/Animations/ThirdPerson_AnimBP.ThirdPerson_AnimBP_C:ExecuteUbergraph_ThirdPerson_AnimBP
[2018.11.21-15.24.46:880][  0]LogUObjectGlobals: Created PersistentFrame Addr=0x000002ad19ec0800, Size=1312, Default__TopDownCharacter_C Function /Game/TopDownCharacter.TopDownCharacter_C:ExecuteUbergraph_TopDownCharacter
[2018.11.21-15.24.46:881][  0]LogUObjectGlobals: Created PersistentFrame Addr=0x000002ad19ebbaf8, Size=56, Default__MasterInteratable_C Function /Game/ell/MasterInteratable.MasterInteratable_C:ExecuteUbergraph_MasterInteratable
[2018.11.21-15.24.47:042][  0]LogUObjectGlobals: Created PersistentFrame Addr=0x000002ad19ddbd80, Size=600, Default__MasterRoom_C Function /Game/Rooms/MasterRoom/MasterRoom.MasterRoom_C:ExecuteUbergraph_MasterRoom
[2018.11.21-15.24.47:521][  0]LogUObjectGlobals: Created PersistentFrame Addr=0x000002ad19dd8b80, Size=600, Default__Pong-room_C Function /Game/Rooms/MasterRoom/MasterRoom.MasterRoom_C:ExecuteUbergraph_MasterRoom
[2018.11.21-15.24.47:523][  0]LogUObjectGlobals: Created PersistentFrame Addr=0x000002ad19eb5fa0, Size=112, Default__TopDownGameMode_C Function /Game/TopDownGameMode.TopDownGameMode_C:ExecuteUbergraph_TopDownGameMode
[2018.11.21-15.24.47:527][  0]LogUObjectGlobals: Created PersistentFrame Addr=0x000002ad19e41600, Size=896, Default__PongEnemy_C Function /Game/Rooms/Pong_room/Pong_room/PongEnemy.PongEnemy_C:ExecuteUbergraph_PongEnemy
[2018.11.21-15.24.47:546][  0]LogUObjectGlobals: Created PersistentFrame Addr=0x000002ad19d6b000, Size=472, Default__BluePongBall_C Function /Game/Rooms/Pong_room/Pong_room/BluePongBall.BluePongBall_C:ExecuteUbergraph_BluePongBall
[2018.11.21-15.24.47:555][  0]LogUObjectGlobals: Created PersistentFrame Addr=0x000002ad19d90400, Size=712, Default__RedPongBall_C Function /Game/Rooms/Pong_room/Pong_room/RedPongBall.RedPongBall_C:ExecuteUbergraph_RedPongBall
[2018.11.21-15.24.47:648][  0]LogUObjectGlobals: Created PersistentFrame Addr=0x000002ad19ebb890, Size=56, Default__MainMenu_C Function /Game/MainMenu/MainMenu.MainMenu_C:ExecuteUbergraph_MainMenu
[2018.11.21-15.24.47:668][  0]LogUObjectGlobals: Created PersistentFrame Addr=0x000002ad1aae9400, Size=992, Default__TopDownController_C Function /Game/TopDownController.TopDownController_C:ExecuteUbergraph_TopDownController
[2018.11.21-15.24.47:676][  0]LogUObjectGlobals: Created PersistentFrame Addr=0x000002ad1ec0a700, Size=600, Default__Pong-room_C Function /Game/Rooms/MasterRoom/MasterRoom.MasterRoom_C:ExecuteUbergraph_MasterRoom
[2018.11.21-15.24.47:723][  0]LogUObjectGlobals: Destroyed PersistentFrame Addr=0x000002ad19d6b000, Size=472
[2018.11.21-15.24.47:723][  0]LogUObjectGlobals: Created PersistentFrame Addr=0x000002ad1aa54c00, Size=472, Default__BluePongBall_C Function /Engine/Transient.REINST_BluePongBall_C_4:ExecuteUbergraph_BluePongBall
[2018.11.21-15.24.47:724][  0]LogUObjectGlobals: Destroyed PersistentFrame Addr=0x000002ad19ebbaf8, Size=56
[2018.11.21-15.24.47:724][  0]LogUObjectGlobals: Created PersistentFrame Addr=0x000002ad19ebbaf8, Size=56, Default__MasterInteratable_C Function /Engine/Transient.REINST_MasterInteratable_C_5:ExecuteUbergraph_MasterInteratable
[2018.11.21-15.24.47:725][  0]LogUObjectGlobals: Destroyed PersistentFrame Addr=0x000002ad19ddbd80, Size=600
[2018.11.21-15.24.47:725][  0]LogUObjectGlobals: Created PersistentFrame Addr=0x000002ad1e9efd80, Size=600, Default__MasterRoom_C Function /Engine/Transient.REINST_MasterRoom_C_6:ExecuteUbergraph_MasterRoom
[2018.11.21-15.24.47:726][  0]LogUObjectGlobals: Destroyed PersistentFrame Addr=0x000002ad19e41600, Size=896
[2018.11.21-15.24.47:726][  0]LogUObjectGlobals: Created PersistentFrame Addr=0x000002ad1eb20f00, Size=896, Default__PongEnemy_C Function /Engine/Transient.REINST_PongEnemy_C_7:ExecuteUbergraph_PongEnemy
[2018.11.21-15.24.47:726][  0]LogUObjectGlobals: Destroyed PersistentFrame Addr=0x000002ad19d90400, Size=712
[2018.11.21-15.24.47:726][  0]LogUObjectGlobals: Created PersistentFrame Addr=0x000002ad1e9f5900, Size=712, Default__RedPongBall_C Function /Engine/Transient.REINST_RedPongBall_C_8:ExecuteUbergraph_RedPongBall
[2018.11.21-15.24.47:727][  0]LogUObjectGlobals: Destroyed PersistentFrame Addr=0x000002ad1ec0a700, Size=600
[2018.11.21-15.24.47:727][  0]LogUObjectGlobals: Created PersistentFrame Addr=0x000002ad1e9ef880, Size=600, Default__Pong-room_C Function /Engine/Transient.REINST_MasterRoom_C_6:ExecuteUbergraph_MasterRoom
[2018.11.21-15.24.47:727][  0]LogUObjectGlobals: Destroyed PersistentFrame Addr=0x000002ad19ebb890, Size=56
[2018.11.21-15.24.47:727][  0]LogUObjectGlobals: Created PersistentFrame Addr=0x000002ad19ebb890, Size=56, Default__MainMenu_C Function /Engine/Transient.REINST_MainMenu_C_0:ExecuteUbergraph_MainMenu
[2018.11.21-15.24.47:728][  0]LogUObjectGlobals: Destroyed PersistentFrame Addr=0x000002ad19ec0800, Size=1312
[2018.11.21-15.24.47:728][  0]LogUObjectGlobals: Created PersistentFrame Addr=0x000002ad7a36f200, Size=1312, Default__TopDownCharacter_C Function /Engine/Transient.REINST_TopDownCharacter_C_10:ExecuteUbergraph_TopDownCharacter
[2018.11.21-15.24.47:728][  0]LogUObjectGlobals: Destroyed PersistentFrame Addr=0x000002ad1aae9400, Size=992
[2018.11.21-15.24.47:728][  0]LogUObjectGlobals: Created PersistentFrame Addr=0x000002ad1eb25800, Size=992, Default__TopDownController_C Function /Engine/Transient.REINST_TopDownController_C_11:ExecuteUbergraph_TopDownController
[2018.11.21-15.24.47:729][  0]LogUObjectGlobals: Destroyed PersistentFrame Addr=0x000002ad19eb5fa0, Size=112
[2018.11.21-15.24.47:729][  0]LogUObjectGlobals: Created PersistentFrame Addr=0x000002ad1eac97c0, Size=112, Default__TopDownGameMode_C Function /Engine/Transient.REINST_TopDownGameMode_C_12:ExecuteUbergraph_TopDownGameMode
[2018.11.21-15.24.47:795][  0]LogUObjectGlobals: Created PersistentFrame Addr=0x000002ad1e623200, Size=472, Default__BluePongBall_C Function /Game/Rooms/Pong_room/Pong_room/BluePongBall.BluePongBall_C:ExecuteUbergraph_BluePongBall
[2018.11.21-15.24.47:796][  0]LogUObjectGlobals: Created PersistentFrame Addr=0x000002ad1e7ba0b8, Size=56, Default__MasterInteratable_C Function /Game/ell/MasterInteratable.MasterInteratable_C:ExecuteUbergraph_MasterInteratable
[2018.11.21-15.24.47:801][  0]LogUObjectGlobals: Created PersistentFrame Addr=0x000002ad1e615080, Size=600, Default__MasterRoom_C Function /Game/Rooms/MasterRoom/MasterRoom.MasterRoom_C:ExecuteUbergraph_MasterRoom
[2018.11.21-15.24.47:805][  0]LogUObjectGlobals: Created PersistentFrame Addr=0x000002ad1e7bc480, Size=896, Default__PongEnemy_C Function /Game/Rooms/Pong_room/Pong_room/PongEnemy.PongEnemy_C:ExecuteUbergraph_PongEnemy
[2018.11.21-15.24.47:807][  0]LogUObjectGlobals: Created PersistentFrame Addr=0x000002ad1ebf6200, Size=712, Default__RedPongBall_C Function /Game/Rooms/Pong_room/Pong_room/RedPongBall.RedPongBall_C:ExecuteUbergraph_RedPongBall
[2018.11.21-15.24.47:808][  0]LogUObjectGlobals: Created PersistentFrame Addr=0x000002ad1e614180, Size=600, Default__Pong-room_C Function /Game/Rooms/MasterRoom/MasterRoom.MasterRoom_C:ExecuteUbergraph_MasterRoom
[2018.11.21-15.24.47:809][  0]LogUObjectGlobals: Created PersistentFrame Addr=0x000002ad1e50f4d8, Size=56, Default__MainMenu_C Function /Game/MainMenu/MainMenu.MainMenu_C:ExecuteUbergraph_MainMenu
[2018.11.21-15.24.47:813][  0]LogUObjectGlobals: Created PersistentFrame Addr=0x000002ad1e4d3200, Size=1312, Default__TopDownCharacter_C Function /Game/TopDownCharacter.TopDownCharacter_C:ExecuteUbergraph_TopDownCharacter
[2018.11.21-15.24.47:817][  0]LogUObjectGlobals: Created PersistentFrame Addr=0x000002ad1eb25000, Size=992, Default__TopDownController_C Function /Game/TopDownController.TopDownController_C:ExecuteUbergraph_TopDownController
[2018.11.21-15.24.47:818][  0]LogUObjectGlobals: Created PersistentFrame Addr=0x000002ad1e465c20, Size=112, Default__TopDownGameMode_C Function /Game/TopDownGameMode.TopDownGameMode_C:ExecuteUbergraph_TopDownGameMode
[2018.11.21-15.24.49:181][  0]LogSkeletalMesh: Skeletal Mesh found in DDC [102.307045ms] /Game/Mannequin/Character/Mesh/SK_Mannequin.SK_Mannequin
[2018.11.21-15.24.49:912][  0]LogAIModule: Creating AISystem for world TopDownExampleMap
[2018.11.21-15.24.50:015][  0]LogEditorServer: Finished looking for orphan Actors (0.000 secs)
[2018.11.21-15.24.50:034][  0]LogUObjectGlobals: Destroyed PersistentFrame Addr=0x000002ad33f99b00, Size=64
[2018.11.21-15.24.50:034][  0]LogUObjectGlobals: Destroyed PersistentFrame Addr=0x000002ad19ebbaf8, Size=56
[2018.11.21-15.24.50:034][  0]LogUObjectGlobals: Destroyed PersistentFrame Addr=0x000002ad1e9efd80, Size=600
[2018.11.21-15.24.50:034][  0]LogUObjectGlobals: Destroyed PersistentFrame Addr=0x000002ad1e9ef880, Size=600
[2018.11.21-15.24.50:034][  0]LogUObjectGlobals: Destroyed PersistentFrame Addr=0x000002ad1eac97c0, Size=112
[2018.11.21-15.24.50:034][  0]LogUObjectGlobals: Destroyed PersistentFrame Addr=0x000002ad1eb20f00, Size=896
[2018.11.21-15.24.50:034][  0]LogUObjectGlobals: Destroyed PersistentFrame Addr=0x000002ad1aa54c00, Size=472
[2018.11.21-15.24.50:034][  0]LogUObjectGlobals: Destroyed PersistentFrame Addr=0x000002ad1e9f5900, Size=712
[2018.11.21-15.24.50:034][  0]LogUObjectGlobals: Destroyed PersistentFrame Addr=0x000002ad19ebb890, Size=56
[2018.11.21-15.24.50:034][  0]LogUObjectGlobals: Destroyed PersistentFrame Addr=0x000002ad1eb25800, Size=992
[2018.11.21-15.24.50:037][  0]LogUObjectGlobals: Destroyed PersistentFrame Addr=0x000002ad7a36f200, Size=1312
[2018.11.21-15.24.50:039][  0]Cmd: MAP CHECKDEP NOCLEARLOG
[2018.11.21-15.24.50:115][  0]MapCheck: Map check complete: 0 Error(s), 0 Warning(s), took 76.641ms to complete.
[2018.11.21-15.24.50:116][  0]LogFileHelpers: Loading map 'TopDownExampleMap' took 3.472
[2018.11.21-15.24.52:376][  0]LogCollectionManager: Loaded 0 collections in 0.003524 seconds
[2018.11.21-15.24.52:525][  0]LogFileCache: Scanning file cache for directory 'C:/Users/natj1/Documents/GitHub/MCompProject/Saved/Collections/' took 0.01s
[2018.11.21-15.24.52:525][  0]LogFileCache: Scanning file cache for directory 'C:/Users/natj1/Documents/GitHub/MCompProject/Content/Developers/natj1/Collections/' took 0.01s
[2018.11.21-15.24.52:525][  0]LogFileCache: Scanning file cache for directory 'C:/Users/natj1/Documents/GitHub/MCompProject/Content/Collections/' took 0.01s
[2018.11.21-15.24.52:525][  0]LogCollectionManager: Rebuilt the GUID cache for 0 collections in 0.000000 seconds
[2018.11.21-15.24.52:552][  0]LogContentBrowser: Native class hierarchy populated in 0.0258 seconds. Added 2452 classes and 558 folders.
[2018.11.21-15.24.52:663][  0]LogContentBrowser: Native class hierarchy updated for 'WidgetCarousel' in 0.0006 seconds. Added 0 classes and 0 folders.
[2018.11.21-15.25.02:855][  0]LogContentBrowser: Native class hierarchy updated for 'AddContentDialog' in 0.0005 seconds. Added 0 classes and 0 folders.
[2018.11.21-15.25.02:907][  0]LogContentBrowser: Native class hierarchy updated for 'SceneOutliner' in 0.0006 seconds. Added 1 classes and 2 folders.
[2018.11.21-15.25.03:983][  0]LogSlate: Took 0.020189 seconds to synchronously load lazily loaded font '../../../Engine/Content/Slate/Fonts/Roboto-Regular.ttf' (155K)
[2018.11.21-15.25.04:021][  0]LogSlate: Took 0.033183 seconds to synchronously load lazily loaded font '../../../Engine/Content/Slate/Fonts/Roboto-Bold.ttf' (160K)
[2018.11.21-15.25.04:124][  0]LogSlate: Took 0.084419 seconds to synchronously load lazily loaded font '../../../Engine/Content/Editor/Slate/Fonts/FontAwesome.ttf' (139K)
[2018.11.21-15.25.04:865][  0]LogRenderer: Reallocating scene render targets to support 1096x576 Format 10 NumSamples 1 (Frame:1).
[2018.11.21-15.25.05:002][  0]LogSlate: Took 0.075438 seconds to synchronously load lazily loaded font '../../../Engine/Content/Slate/Fonts/Roboto-Light.ttf' (167K)
[2018.11.21-15.25.05:267][  0]LogContentBrowser: Native class hierarchy updated for 'HierarchicalLODOutliner' in 0.0005 seconds. Added 0 classes and 0 folders.
[2018.11.21-15.25.05:267][  0]LogLoad: (Engine Initialization) Total time: 206.89 seconds
[2018.11.21-15.25.05:267][  0]LogLoad: (Engine Initialization) Total Blueprint compile time: 0.00 seconds
[2018.11.21-15.25.05:341][  0]LogContentStreaming: Texture pool size now 1000 MB
[2018.11.21-15.25.08:718][212]LogAssetRegistry: Asset discovery search completed in 165.4246 seconds
[2018.11.21-15.25.08:720][212]LogCollectionManager: Rebuilt the object cache for 0 collections in 0.000001 seconds (found 0 objects)
[2018.11.21-15.25.08:720][212]LogCollectionManager: Fixed up redirectors for 0 collections in 0.000052 seconds (updated 0 objects)
[2018.11.21-15.32.15:696][936]LogSlate: FSceneViewport::OnFocusLost() reason 0
[2018.11.21-15.32.18:034][193]LogTemp: Repeating last play command: Selected Viewport
[2018.11.21-15.32.18:129][193]LogBlueprintUserMessages: Early PlayInEditor Detection: Level '/Game/TopDownBP/Maps/TopDownExampleMap.TopDownExampleMap:PersistentLevel' has LevelScriptBlueprint '/Game/TopDownBP/Maps/TopDownExampleMap.TopDownExampleMap:PersistentLevel.TopDownExampleMap' with GeneratedClass '/Game/TopDownBP/Maps/TopDownExampleMap.TopDownExampleMap_C' with ClassGeneratedBy '/Game/TopDownBP/Maps/TopDownExampleMap.TopDownExampleMap:PersistentLevel.TopDownExampleMap'
[2018.11.21-15.32.18:143][193]LogPlayLevel: PlayLevel: No blueprints needed recompiling
[2018.11.21-15.32.18:296][193]PIE: New page: PIE session: TopDownExampleMap (21 Nov 2018 15:32:18)
[2018.11.21-15.32.18:296][193]LogPlayLevel: Creating play world package: /Game/TopDownBP/Maps/UEDPIE_0_TopDownExampleMap
[2018.11.21-15.32.18:372][193]LogPlayLevel: PIE: StaticDuplicateObject took: (0.076058s)
[2018.11.21-15.32.18:373][193]LogAIModule: Creating AISystem for world TopDownExampleMap
[2018.11.21-15.32.18:374][193]LogPlayLevel: PIE: World Init took: (0.001538s)
[2018.11.21-15.32.18:374][193]LogPlayLevel: PIE: Created PIE world by copying editor world from /Game/TopDownBP/Maps/TopDownExampleMap.TopDownExampleMap to /Game/TopDownBP/Maps/UEDPIE_0_TopDownExampleMap.TopDownExampleMap (0.077978s)
[2018.11.21-15.32.18:452][193]LogInit: XAudio2 using 'Speakers (Realtek High Definition Audio)' : 2 channels at 48 kHz using 32 bits per sample (channel mask 0x3)
[2018.11.21-15.32.18:486][193]LogInit: FAudioDevice initialized.
[2018.11.21-15.32.18:558][193]LogLoad: Game class is 'TopDownGameMode_C'
[2018.11.21-15.32.18:584][193]LogWorld: Bringing World /Game/TopDownBP/Maps/UEDPIE_0_TopDownExampleMap.TopDownExampleMap up for play (max tick rate 0) at 2018.11.21-15.32.18
[2018.11.21-15.32.18:611][193]LogWorld: Bringing up level for play took: 0.040974
[2018.11.21-15.32.18:756][193]LogContentBrowser: Native class hierarchy updated for 'MovieSceneCapture' in 0.0007 seconds. Added 11 classes and 0 folders.
[2018.11.21-15.32.18:811][193]PIE: Play in editor start time for /Game/TopDownBP/Maps/UEDPIE_0_TopDownExampleMap -0.095
[2018.11.21-15.32.18:812][193]LogBlueprintUserMessages: Late PlayInEditor Detection: Level '/Game/TopDownBP/Maps/TopDownExampleMap.TopDownExampleMap:PersistentLevel' has LevelScriptBlueprint '/Game/TopDownBP/Maps/TopDownExampleMap.TopDownExampleMap:PersistentLevel.TopDownExampleMap' with GeneratedClass '/Game/TopDownBP/Maps/TopDownExampleMap.TopDownExampleMap_C' with ClassGeneratedBy '/Game/TopDownBP/Maps/TopDownExampleMap.TopDownExampleMap:PersistentLevel.TopDownExampleMap'
[2018.11.21-15.32.21:358][439]LogSlate: FSceneViewport::OnFocusLost() reason 0
[2018.11.21-15.32.25:008][838]LogBlueprintUserMessages: [ChildActor_GEN_VARIABLE_Enemy_C_CAT_0] stun
[2018.11.21-15.32.27:001][ 57]LogBlueprintUserMessages: [ChildActor_GEN_VARIABLE_Enemy_C_CAT_0] move
[2018.11.21-15.32.30:500][446]LogBlueprintUserMessages: [ChildActor_GEN_VARIABLE_Enemy_C_CAT_0] Hit
[2018.11.21-15.32.37:352][204]LogBlueprintUserMessages: [ChildActor_GEN_VARIABLE_Enemy_C_CAT_0] stun
[2018.11.21-15.32.39:355][425]LogBlueprintUserMessages: [ChildActor_GEN_VARIABLE_Enemy_C_CAT_0] move
[2018.11.21-15.32.42:005][715]LogBlueprintUserMessages: [ChildActor_GEN_VARIABLE_Enemy_C_CAT_0] Hit
[2018.11.21-15.32.47:616][308]LogBlueprintUserMessages: [ChildActor_GEN_VARIABLE_Enemy_C_CAT_0] Hit
[2018.11.21-15.32.47:616][308]LogBlueprintUserMessages: [ChildActor_GEN_VARIABLE_Enemy_C_CAT_0] Winner
[2018.11.21-15.32.50:281][593]LogBlueprintUserMessages: Early EndPlayMap Detection: Level '/Game/TopDownBP/Maps/TopDownExampleMap.TopDownExampleMap:PersistentLevel' has LevelScriptBlueprint '/Game/TopDownBP/Maps/TopDownExampleMap.TopDownExampleMap:PersistentLevel.TopDownExampleMap' with GeneratedClass '/Game/TopDownBP/Maps/TopDownExampleMap.TopDownExampleMap_C' with ClassGeneratedBy '/Game/TopDownBP/Maps/TopDownExampleMap.TopDownExampleMap:PersistentLevel.TopDownExampleMap'
[2018.11.21-15.32.50:340][593]LogBlueprintUserMessages: Late EndPlayMap Detection: Level '/Game/TopDownBP/Maps/TopDownExampleMap.TopDownExampleMap:PersistentLevel' has LevelScriptBlueprint '/Game/TopDownBP/Maps/TopDownExampleMap.TopDownExampleMap:PersistentLevel.TopDownExampleMap' with GeneratedClass '/Game/TopDownBP/Maps/TopDownExampleMap.TopDownExampleMap_C' with ClassGeneratedBy '/Game/TopDownBP/Maps/TopDownExampleMap.TopDownExampleMap:PersistentLevel.TopDownExampleMap'
[2018.11.21-15.33.56:170][643]LogSlate: FSceneViewport::OnFocusLost() reason 0
[2018.11.21-15.40.09:417][ 87]LogSlate: Took 0.000418 seconds to synchronously load lazily loaded font '../../../Engine/Content/Slate/Fonts/Roboto-Light.ttf' (167K)
[2018.11.21-15.40.10:367][ 87]LogContentBrowser: Native class hierarchy updated for 'BlueprintGraph' in 0.0016 seconds. Added 116 classes and 0 folders.
[2018.11.21-15.40.11:131][ 87]LogUObjectGlobals: Created PersistentFrame Addr=0x000002ad847259f0, Size=4, Default__SKEL_PROTO_BP_AnimBlueprint_0_C Function /Engine/Transient.SKEL_PROTO_BP_AnimBlueprint_0_C:ExecuteUbergraph_PROTO_BP_AnimBlueprint_0
[2018.11.21-15.40.11:132][ 87]LogUObjectGlobals: Created PersistentFrame Addr=0x000002ad847259e8, Size=4, Default__PROTO_BP_AnimBlueprint_0_C Function /Engine/Transient.PROTO_BP_AnimBlueprint_0_C:ExecuteUbergraph_PROTO_BP_AnimBlueprint_0
[2018.11.21-15.40.12:945][ 87]LogSlate: Took 0.139162 seconds to synchronously load lazily loaded font '../../../Engine/Content/Slate/Fonts/Roboto-BoldCondensed.ttf' (158K)
[2018.11.21-15.40.13:966][ 88]LogSlate: Took 0.015768 seconds to synchronously load lazily loaded font '../../../Engine/Content/Slate/Fonts/Roboto-Italic.ttf' (157K)
[2018.11.21-15.40.51:256][333]LogTemp: Repeating last play command: Selected Viewport
[2018.11.21-15.40.51:292][333]LogBlueprintUserMessages: Early PlayInEditor Detection: Level '/Game/TopDownBP/Maps/TopDownExampleMap.TopDownExampleMap:PersistentLevel' has LevelScriptBlueprint '/Game/TopDownBP/Maps/TopDownExampleMap.TopDownExampleMap:PersistentLevel.TopDownExampleMap' with GeneratedClass '/Game/TopDownBP/Maps/TopDownExampleMap.TopDownExampleMap_C' with ClassGeneratedBy '/Game/TopDownBP/Maps/TopDownExampleMap.TopDownExampleMap:PersistentLevel.TopDownExampleMap'
[2018.11.21-15.40.51:292][333]LogPlayLevel: PlayLevel: No blueprints needed recompiling
[2018.11.21-15.40.51:292][333]PIE: New page: PIE session: TopDownExampleMap (21 Nov 2018 15:40:51)
[2018.11.21-15.40.51:292][333]LogPlayLevel: Creating play world package: /Game/TopDownBP/Maps/UEDPIE_0_TopDownExampleMap
[2018.11.21-15.40.51:296][333]LogPlayLevel: PIE: StaticDuplicateObject took: (0.003441s)
[2018.11.21-15.40.51:296][333]LogAIModule: Creating AISystem for world TopDownExampleMap
[2018.11.21-15.40.51:297][333]LogPlayLevel: PIE: World Init took: (0.000873s)
[2018.11.21-15.40.51:297][333]LogPlayLevel: PIE: Created PIE world by copying editor world from /Game/TopDownBP/Maps/TopDownExampleMap.TopDownExampleMap to /Game/TopDownBP/Maps/UEDPIE_0_TopDownExampleMap.TopDownExampleMap (0.004437s)
[2018.11.21-15.40.51:347][333]LogInit: XAudio2 using 'Speakers (Realtek High Definition Audio)' : 2 channels at 48 kHz using 32 bits per sample (channel mask 0x3)
[2018.11.21-15.40.51:374][333]LogInit: FAudioDevice initialized.
[2018.11.21-15.40.51:427][333]LogLoad: Game class is 'TopDownGameMode_C'
[2018.11.21-15.40.51:431][333]LogWorld: Bringing World /Game/TopDownBP/Maps/UEDPIE_0_TopDownExampleMap.TopDownExampleMap up for play (max tick rate 0) at 2018.11.21-15.40.51
[2018.11.21-15.40.51:432][333]LogWorld: Bringing up level for play took: 0.003948
[2018.11.21-15.40.51:435][333]PIE: Play in editor start time for /Game/TopDownBP/Maps/UEDPIE_0_TopDownExampleMap 0.529
[2018.11.21-15.40.51:436][333]LogBlueprintUserMessages: Late PlayInEditor Detection: Level '/Game/TopDownBP/Maps/TopDownExampleMap.TopDownExampleMap:PersistentLevel' has LevelScriptBlueprint '/Game/TopDownBP/Maps/TopDownExampleMap.TopDownExampleMap:PersistentLevel.TopDownExampleMap' with GeneratedClass '/Game/TopDownBP/Maps/TopDownExampleMap.TopDownExampleMap_C' with ClassGeneratedBy '/Game/TopDownBP/Maps/TopDownExampleMap.TopDownExampleMap:PersistentLevel.TopDownExampleMap'
[2018.11.21-15.40.54:955][705]LogSlate: FSceneViewport::OnFocusLost() reason 0
[2018.11.21-15.41.07:894][158]LogBlueprintUserMessages: [ChildActor_GEN_VARIABLE_Enemy_C_CAT_0] stun
[2018.11.21-15.41.09:891][376]LogBlueprintUserMessages: [ChildActor_GEN_VARIABLE_Enemy_C_CAT_0] move
[2018.11.21-15.41.12:169][616]LogBlueprintUserMessages: [ChildActor_GEN_VARIABLE_Enemy_C_CAT_0] Hit
[2018.11.21-15.41.17:809][259]LogBlueprintUserMessages: [ChildActor_GEN_VARIABLE_Enemy_C_CAT_0] Hit
[2018.11.21-15.41.23:860][942]LogBlueprintUserMessages: [ChildActor_GEN_VARIABLE_Enemy_C_CAT_0] Hit
[2018.11.21-15.41.23:860][942]LogBlueprintUserMessages: [ChildActor_GEN_VARIABLE_Enemy_C_CAT_0] Winner
[2018.11.21-15.41.27:251][317]LogBlueprintUserMessages: Early EndPlayMap Detection: Level '/Game/TopDownBP/Maps/TopDownExampleMap.TopDownExampleMap:PersistentLevel' has LevelScriptBlueprint '/Game/TopDownBP/Maps/TopDownExampleMap.TopDownExampleMap:PersistentLevel.TopDownExampleMap' with GeneratedClass '/Game/TopDownBP/Maps/TopDownExampleMap.TopDownExampleMap_C' with ClassGeneratedBy '/Game/TopDownBP/Maps/TopDownExampleMap.TopDownExampleMap:PersistentLevel.TopDownExampleMap'
[2018.11.21-15.41.27:291][317]LogBlueprintUserMessages: Late EndPlayMap Detection: Level '/Game/TopDownBP/Maps/TopDownExampleMap.TopDownExampleMap:PersistentLevel' has LevelScriptBlueprint '/Game/TopDownBP/Maps/TopDownExampleMap.TopDownExampleMap:PersistentLevel.TopDownExampleMap' with GeneratedClass '/Game/TopDownBP/Maps/TopDownExampleMap.TopDownExampleMap_C' with ClassGeneratedBy '/Game/TopDownBP/Maps/TopDownExampleMap.TopDownExampleMap:PersistentLevel.TopDownExampleMap'
[2018.11.21-15.41.29:174][480]LogSlate: FSceneViewport::OnFocusLost() reason 0
[2018.11.21-15.52.43:165][399]LogUObjectGlobals: Created PersistentFrame Addr=0x000002ad913fd700, Size=4, Default__SKEL_PongEnemy_C Function /Game/Rooms/Pong_room/Pong_room/PongEnemy.SKEL_PongEnemy_C:ExecuteUbergraph_PongEnemy
[2018.11.21-15.52.49:269][764]BlueprintLog: New page: Compile PongEnemy
[2018.11.21-15.52.49:316][764]LogUObjectGlobals: Destroyed PersistentFrame Addr=0x000002ad913fd700, Size=4
[2018.11.21-15.52.49:316][764]LogUObjectGlobals: Created PersistentFrame Addr=0x000002ad2a980fd0, Size=4, Default__SKEL_PongEnemy_C Function /Engine/Transient.REINST_SKEL_PongEnemy_C_38:ExecuteUbergraph_PongEnemy
[2018.11.21-15.52.49:366][764]LogUObjectGlobals: Destroyed PersistentFrame Addr=0x000002ad1e7bc480, Size=896
[2018.11.21-15.52.49:366][764]LogUObjectGlobals: Created PersistentFrame Addr=0x000002ad8b8bd600, Size=896, Default__PongEnemy_C Function /Engine/Transient.REINST_PongEnemy_C_43:ExecuteUbergraph_PongEnemy
[2018.11.21-15.52.49:377][764]LogUObjectGlobals: Created PersistentFrame Addr=0x000002ad1e7bf580, Size=896, Default__PongEnemy_C Function /Game/Rooms/Pong_room/Pong_room/PongEnemy.PongEnemy_C:ExecuteUbergraph_PongEnemy
[2018.11.21-15.52.50:069][764]LogUObjectGlobals: Destroyed PersistentFrame Addr=0x000002ad2a980fd0, Size=4
[2018.11.21-15.53.34:760][734]LogUObjectGlobals: Destroyed PersistentFrame Addr=0x000002ad8b8bd600, Size=896
[2018.11.21-15.53.34:761][734]LogFileHelpers: Editor autosave (incl. sublevels) for '/Game/TopDownBP/Maps/TopDownExampleMap' took 0.016
[2018.11.21-15.53.34:835][734]OBJ SavePackage: Generating thumbnails for [1] asset(s) in package [/Game/Rooms/Pong_room/Pong_room/PongEnemy] ([1] browsable assets)...
[2018.11.21-15.53.34:872][734]OBJ SavePackage:     Rendered thumbnail for [Blueprint /Game/Rooms/Pong_room/Pong_room/PongEnemy.PongEnemy]
[2018.11.21-15.53.34:873][734]OBJ SavePackage: Finished generating thumbnails for package [/Game/Rooms/Pong_room/Pong_room/PongEnemy]
[2018.11.21-15.53.35:128][734]LogSavePackage: Save=177.92ms
[2018.11.21-15.53.35:128][734]LogSavePackage: Moving '../../../../../../Users/natj1/Documents/GitHub/MCompProject/Saved/PongEnemy_Auto185E143E74E88AA2DC263D694CA1FE914.tmp' to '../../../../../../Users/natj1/Documents/GitHub/MCompProject/Saved/Autosaves/Game/Rooms/Pong_room/Pong_room/PongEnemy_Auto1.uasset'
[2018.11.21-15.53.35:146][734]LogSavePackage: Display: Finished SavePackage ../../../../../../Users/natj1/Documents/GitHub/MCompProject/Saved/Autosaves/Game/Rooms/Pong_room/Pong_room/PongEnemy_Auto1.uasset
[2018.11.21-15.53.35:146][734]LogFileHelpers: Auto-saving content packages took 0.385
[2018.11.21-15.54.54:296][984]LogUObjectGlobals: Created PersistentFrame Addr=0x000002ad8ba54ab8, Size=4, Default__SKEL_PongEnemy_C Function /Game/Rooms/Pong_room/Pong_room/PongEnemy.SKEL_PongEnemy_C:ExecuteUbergraph_PongEnemy
[2018.11.21-15.55.37:732][214]BlueprintLog: New page: Compile PongEnemy
[2018.11.21-15.55.37:788][214]LogUObjectGlobals: Destroyed PersistentFrame Addr=0x000002ad8ba54ab8, Size=4
[2018.11.21-15.55.37:788][214]LogUObjectGlobals: Created PersistentFrame Addr=0x000002ad885db4b0, Size=4, Default__SKEL_PongEnemy_C Function /Engine/Transient.REINST_SKEL_PongEnemy_C_48:ExecuteUbergraph_PongEnemy
[2018.11.21-15.55.37:834][214]LogUObjectGlobals: Destroyed PersistentFrame Addr=0x000002ad1e7bf580, Size=896
[2018.11.21-15.55.37:834][214]LogUObjectGlobals: Created PersistentFrame Addr=0x000002ad8dace780, Size=896, Default__PongEnemy_C Function /Engine/Transient.REINST_PongEnemy_C_53:ExecuteUbergraph_PongEnemy
[2018.11.21-15.55.37:858][214]LogUObjectGlobals: Created PersistentFrame Addr=0x000002ad8dacd280, Size=896, Default__PongEnemy_C Function /Game/Rooms/Pong_room/Pong_room/PongEnemy.PongEnemy_C:ExecuteUbergraph_PongEnemy
[2018.11.21-15.55.38:262][214]LogUObjectGlobals: Destroyed PersistentFrame Addr=0x000002ad885db4b0, Size=4
[2018.11.21-15.57.51:356][211]BlueprintLog: New page: Compile PongEnemy
[2018.11.21-15.57.51:416][211]LogUObjectGlobals: Destroyed PersistentFrame Addr=0x000002ad8dacd280, Size=896
[2018.11.21-15.57.51:416][211]LogUObjectGlobals: Created PersistentFrame Addr=0x000002ad8dacd280, Size=896, PongEnemy_C_76 Function /Engine/Transient.REINST_PongEnemy_C_61:ExecuteUbergraph_PongEnemy
[2018.11.21-15.57.51:428][211]LogUObjectGlobals: Created PersistentFrame Addr=0x000002ad1e7bc100, Size=896, Default__PongEnemy_C Function /Game/Rooms/Pong_room/Pong_room/PongEnemy.PongEnemy_C:ExecuteUbergraph_PongEnemy
[2018.11.21-15.57.51:786][211]LogUObjectGlobals: Destroyed PersistentFrame Addr=0x000002ad8dace780, Size=896
[2018.11.21-15.59.07:589][928]BlueprintLog: New page: Compile PongEnemy
[2018.11.21-15.59.07:648][928]LogUObjectGlobals: Destroyed PersistentFrame Addr=0x000002ad1e7bc100, Size=896
[2018.11.21-15.59.07:648][928]LogUObjectGlobals: Created PersistentFrame Addr=0x000002ad8ca97200, Size=896, Default__PongEnemy_C Function /Engine/Transient.REINST_PongEnemy_C_69:ExecuteUbergraph_PongEnemy
[2018.11.21-15.59.07:665][928]LogUObjectGlobals: Created PersistentFrame Addr=0x000002ad8dacf900, Size=896, Default__PongEnemy_C Function /Game/Rooms/Pong_room/Pong_room/PongEnemy.PongEnemy_C:ExecuteUbergraph_PongEnemy
[2018.11.21-15.59.07:997][928]LogUObjectGlobals: Destroyed PersistentFrame Addr=0x000002ad8dacd280, Size=896
[2018.11.21-15.59.13:686][327]LogUObjectGlobals: Destroyed PersistentFrame Addr=0x000002ad8ca97200, Size=896
[2018.11.21-15.59.15:033][327]LogSlate: Window 'Save Content' being destroyed
[2018.11.21-15.59.15:141][327]Cmd: OBJ SAVEPACKAGE PACKAGE="/Game/Rooms/Pong_room/Pong_room/PongEnemy" FILE="../../../../../../Users/natj1/Documents/GitHub/MCompProject/Content/Rooms/Pong_room/Pong_room/PongEnemy.uasset" SILENT=true
[2018.11.21-15.59.15:301][327]LogSavePackage: Save=120.20ms
[2018.11.21-15.59.15:301][327]LogSavePackage: Moving '../../../../../../Users/natj1/Documents/GitHub/MCompProject/Saved/PongEnemyC0F442CC45B0D93C8EC1D9A2EDA0FCAC.tmp' to '../../../../../../Users/natj1/Documents/GitHub/MCompProject/Content/Rooms/Pong_room/Pong_room/PongEnemy.uasset'
[2018.11.21-15.59.15:307][327]LogSavePackage: Display: Finished SavePackage ../../../../../../Users/natj1/Documents/GitHub/MCompProject/Content/Rooms/Pong_room/Pong_room/PongEnemy.uasset
[2018.11.21-15.59.47:452][708]LogUObjectGlobals: Created PersistentFrame Addr=0x000002ad448e58f0, Size=36, Default__BP_MazeWallRotate_C Function /Game/Rooms/MazeRoomAssets/Blueprints/BP_MazeWallRotate.BP_MazeWallRotate_C:ExecuteUbergraph_BP_MazeWallRotate
[2018.11.21-15.59.47:456][708]LogUObjectGlobals: Destroyed PersistentFrame Addr=0x000002ad448e58f0, Size=36
[2018.11.21-15.59.47:456][708]LogUObjectGlobals: Created PersistentFrame Addr=0x000002ad448e58f0, Size=36, Default__BP_MazeWallRotate_C Function /Engine/Transient.REINST_BP_MazeWallRotate_C_71:ExecuteUbergraph_BP_MazeWallRotate
[2018.11.21-15.59.47:459][708]LogUObjectGlobals: Created PersistentFrame Addr=0x000002ad448e43d8, Size=36, Default__BP_MazeWallRotate_C Function /Game/Rooms/MazeRoomAssets/Blueprints/BP_MazeWallRotate.BP_MazeWallRotate_C:ExecuteUbergraph_BP_MazeWallRotate
[2018.11.21-15.59.47:466][708]LogUObjectGlobals: Created PersistentFrame Addr=0x000002ad4abcb900, Size=796, Default__BP_Maze1_C Function /Game/Rooms/MazeRoomAssets/Maze1/BP_Maze1.BP_Maze1_C:ExecuteUbergraph_BP_Maze1
[2018.11.21-15.59.47:471][708]LogUObjectGlobals: Created PersistentFrame Addr=0x000002ad8d1d2500, Size=680, Default__BP_Maze1Lever_C Function /Game/Rooms/MazeRoomAssets/Maze1/BP_Maze1Lever.BP_Maze1Lever_C:ExecuteUbergraph_BP_Maze1Lever
[2018.11.21-15.59.47:489][708]LogUObjectGlobals: Created PersistentFrame Addr=0x000002ad1e7a4560, Size=224, Default__BP_Maze1Objective_C Function /Game/Rooms/MazeRoomAssets/Maze1/BP_Maze1Objective.BP_Maze1Objective_C:ExecuteUbergraph_BP_Maze1Objective
[2018.11.21-15.59.47:525][708]LogUObjectGlobals: Destroyed PersistentFrame Addr=0x000002ad4abcb900, Size=796
[2018.11.21-15.59.47:525][708]LogUObjectGlobals: Created PersistentFrame Addr=0x000002ad2f6e3580, Size=796, Default__BP_Maze1_C Function /Engine/Transient.REINST_BP_Maze1_C_73:ExecuteUbergraph_BP_Maze1
[2018.11.21-15.59.47:526][708]LogUObjectGlobals: Destroyed PersistentFrame Addr=0x000002ad8d1d2500, Size=680
[2018.11.21-15.59.47:526][708]LogUObjectGlobals: Created PersistentFrame Addr=0x000002ad4ac27100, Size=680, Default__BP_Maze1Lever_C Function /Engine/Transient.REINST_BP_Maze1Lever_C_74:ExecuteUbergraph_BP_Maze1Lever
[2018.11.21-15.59.47:526][708]LogUObjectGlobals: Destroyed PersistentFrame Addr=0x000002ad1e7a4560, Size=224
[2018.11.21-15.59.47:526][708]LogUObjectGlobals: Created PersistentFrame Addr=0x000002ad91898d40, Size=224, Default__BP_Maze1Objective_C Function /Engine/Transient.REINST_BP_Maze1Objective_C_75:ExecuteUbergraph_BP_Maze1Objective
[2018.11.21-15.59.47:586][708]LogUObjectGlobals: Created PersistentFrame Addr=0x000002ad2f6e3c80, Size=796, Default__BP_Maze1_C Function /Game/Rooms/MazeRoomAssets/Maze1/BP_Maze1.BP_Maze1_C:ExecuteUbergraph_BP_Maze1
[2018.11.21-15.59.47:589][708]LogUObjectGlobals: Created PersistentFrame Addr=0x000002ad89cc7d00, Size=680, Default__BP_Maze1Lever_C Function /Game/Rooms/MazeRoomAssets/Maze1/BP_Maze1Lever.BP_Maze1Lever_C:ExecuteUbergraph_BP_Maze1Lever
[2018.11.21-15.59.47:590][708]LogUObjectGlobals: Created PersistentFrame Addr=0x000002ad93774800, Size=224, Default__BP_Maze1Objective_C Function /Game/Rooms/MazeRoomAssets/Maze1/BP_Maze1Objective.BP_Maze1Objective_C:ExecuteUbergraph_BP_Maze1Objective
[2018.11.21-15.59.47:607][708]LogUObjectGlobals: Created PersistentFrame Addr=0x000002ad86fc4600, Size=128, Default__BP_MazeSpawner_C Function /Game/Rooms/MazeRoomAssets/Blueprints/BP_MazeSpawner.BP_MazeSpawner_C:ExecuteUbergraph_BP_MazeSpawner
[2018.11.21-15.59.47:609][708]LogUObjectGlobals: Destroyed PersistentFrame Addr=0x000002ad86fc4600, Size=128
[2018.11.21-15.59.47:609][708]LogUObjectGlobals: Created PersistentFrame Addr=0x000002ad86fc4600, Size=128, Default__BP_MazeSpawner_C Function /Engine/Transient.REINST_BP_MazeSpawner_C_79:ExecuteUbergraph_BP_MazeSpawner
[2018.11.21-15.59.47:611][708]LogUObjectGlobals: Created PersistentFrame Addr=0x000002ad86fc6b00, Size=128, Default__BP_MazeSpawner_C Function /Game/Rooms/MazeRoomAssets/Blueprints/BP_MazeSpawner.BP_MazeSpawner_C:ExecuteUbergraph_BP_MazeSpawner
[2018.11.21-15.59.47:613][708]LogUObjectGlobals: Created PersistentFrame Addr=0x000002ad91c71300, Size=600, Default__MazeRoom_C Function /Game/Rooms/MasterRoom/MasterRoom.MasterRoom_C:ExecuteUbergraph_MasterRoom
[2018.11.21-15.59.47:616][708]LogUObjectGlobals: Destroyed PersistentFrame Addr=0x000002ad91c71300, Size=600
[2018.11.21-15.59.47:616][708]LogUObjectGlobals: Created PersistentFrame Addr=0x000002ad91c71300, Size=600, Default__MazeRoom_C Function /Game/Rooms/MasterRoom/MasterRoom.MasterRoom_C:ExecuteUbergraph_MasterRoom
[2018.11.21-15.59.47:617][708]LogUObjectGlobals: Created PersistentFrame Addr=0x000002ad91c71a80, Size=600, Default__MazeRoom_C Function /Game/Rooms/MasterRoom/MasterRoom.MasterRoom_C:ExecuteUbergraph_MasterRoom
[2018.11.21-15.59.54:458][377]LogUObjectGlobals: Created PersistentFrame Addr=0x000002ad87c96400, Size=1516, Default__BP_Maze3_C Function /Game/Rooms/MazeRoomAssets/Maze3/BP_Maze3.BP_Maze3_C:ExecuteUbergraph_BP_Maze3
[2018.11.21-15.59.54:464][377]LogUObjectGlobals: Created PersistentFrame Addr=0x000002ad98059000, Size=688, Default__BP_Maze3Lever_C Function /Game/Rooms/MazeRoomAssets/Maze3/BP_Maze3Lever.BP_Maze3Lever_C:ExecuteUbergraph_BP_Maze3Lever
[2018.11.21-15.59.54:492][377]LogLinker: Warning: Can't find file '/Game/TopDownBP/Blueprints/TopDownCharacter'
[2018.11.21-15.59.54:492][377]LogLinker: Warning: Can't find file for asset '/Game/TopDownBP/Blueprints/TopDownCharacter' while loading ../../../../../../Users/natj1/Documents/GitHub/MCompProject/Content/Rooms/MazeRoomAssets/Maze3/BP_Maze3Objective.uasset.
[2018.11.21-15.59.54:493][377]LoadErrors: Error: /Game/Rooms/MazeRoomAssets/Maze3/BP_Maze3Objective : Can't find file for asset. /Game/TopDownBP/Blueprints/TopDownCharacter
[2018.11.21-15.59.54:494][377]LogUObjectGlobals: Created PersistentFrame Addr=0x000002ad9ee26800, Size=248, Default__BP_Maze3Objective_C Function /Game/Rooms/MazeRoomAssets/Maze3/BP_Maze3Objective.BP_Maze3Objective_C:ExecuteUbergraph_BP_Maze3Objective
[2018.11.21-15.59.54:494][377]LogLinker: Warning: Can't find file '/Game/TopDownBP/Blueprints/TopDownCharacter'
[2018.11.21-15.59.54:494][377]LogLinker: Warning: Can't find file for asset '/Game/TopDownBP/Blueprints/TopDownCharacter' while loading ../../../../../../Users/natj1/Documents/GitHub/MCompProject/Content/Rooms/MazeRoomAssets/Maze3/BP_Maze3Objective.uasset.
[2018.11.21-15.59.54:496][377]LogLinker: Warning: Can't find file '/Game/TopDownBP/Blueprints/TopDownCharacter'
[2018.11.21-15.59.54:496][377]LogLinker: Warning: Can't find file for asset '/Game/TopDownBP/Blueprints/TopDownCharacter' while loading ../../../../../../Users/natj1/Documents/GitHub/MCompProject/Content/Rooms/MazeRoomAssets/Maze3/BP_Maze3Objective.uasset.
[2018.11.21-15.59.54:497][377]LogLinker: Warning: Can't find file '/Game/TopDownBP/Blueprints/TopDownCharacter'
[2018.11.21-15.59.54:497][377]LogLinker: Warning: Can't find file for asset '/Game/TopDownBP/Blueprints/TopDownCharacter' while loading ../../../../../../Users/natj1/Documents/GitHub/MCompProject/Content/Rooms/MazeRoomAssets/Maze3/BP_Maze3Objective.uasset.
[2018.11.21-15.59.54:497][377]LogLinker: Warning: Can't find file '/Game/TopDownBP/Blueprints/TopDownCharacter'
[2018.11.21-15.59.54:498][377]LoadErrors: Failed to load /Game/TopDownBP/Blueprints/TopDownCharacter.TopDownCharacter_C Referenced by K2Node_DynamicCast_1
[2018.11.21-15.59.54:498][377]LogLinker: Warning: Can't find file for asset '/Game/TopDownBP/Blueprints/TopDownCharacter' while loading ../../../../../../Users/natj1/Documents/GitHub/MCompProject/Content/Rooms/MazeRoomAssets/Maze3/BP_Maze3Objective.uasset.
[2018.11.21-15.59.54:498][377]LogLinker: Warning: Can't find file '/Game/TopDownBP/Blueprints/TopDownCharacter'
[2018.11.21-15.59.54:498][377]LogLinker: Warning: Can't find file for asset '/Game/TopDownBP/Blueprints/TopDownCharacter' while loading ../../../../../../Users/natj1/Documents/GitHub/MCompProject/Content/Rooms/MazeRoomAssets/Maze3/BP_Maze3Objective.uasset.
[2018.11.21-15.59.54:499][377]LogLinker: Warning: Can't find file '/Game/TopDownBP/Blueprints/TopDownCharacter'
[2018.11.21-15.59.54:499][377]LogLinker: Warning: Can't find file for asset '/Game/TopDownBP/Blueprints/TopDownCharacter' while loading ../../../../../../Users/natj1/Documents/GitHub/MCompProject/Content/Rooms/MazeRoomAssets/Maze3/BP_Maze3Objective.uasset.
[2018.11.21-15.59.54:500][377]LogLinker: Warning: Can't find file '/Game/TopDownBP/Blueprints/TopDownCharacter'
[2018.11.21-15.59.54:500][377]LogLinker: Warning: Can't find file for asset '/Game/TopDownBP/Blueprints/TopDownCharacter' while loading ../../../../../../Users/natj1/Documents/GitHub/MCompProject/Content/Rooms/MazeRoomAssets/Maze3/BP_Maze3Objective.uasset.
[2018.11.21-15.59.54:501][377]LogLinker: Warning: Can't find file '/Game/TopDownBP/Blueprints/TopDownCharacter'
[2018.11.21-15.59.54:501][377]LoadErrors: Failed to load /Game/TopDownBP/Blueprints/TopDownCharacter.TopDownCharacter_C Referenced by K2Node_DynamicCast_3
[2018.11.21-15.59.54:501][377]LogLinker: Warning: Can't find file for asset '/Game/TopDownBP/Blueprints/TopDownCharacter' while loading ../../../../../../Users/natj1/Documents/GitHub/MCompProject/Content/Rooms/MazeRoomAssets/Maze3/BP_Maze3Objective.uasset.
[2018.11.21-15.59.54:501][377]LogLinker: Warning: Can't find file '/Game/TopDownBP/Blueprints/TopDownCharacter'
[2018.11.21-15.59.54:501][377]LogLinker: Warning: Can't find file for asset '/Game/TopDownBP/Blueprints/TopDownCharacter' while loading ../../../../../../Users/natj1/Documents/GitHub/MCompProject/Content/Rooms/MazeRoomAssets/Maze3/BP_Maze3Objective.uasset.
[2018.11.21-15.59.54:502][377]LogLinker: Warning: Can't find file '/Game/TopDownBP/Blueprints/TopDownCharacter'
[2018.11.21-15.59.54:502][377]LoadErrors: Failed to load /Game/TopDownBP/Blueprints/TopDownCharacter.TopDownCharacter_C Referenced by K2Node_DynamicCast_4
[2018.11.21-15.59.54:502][377]LogLinker: Warning: Can't find file for asset '/Game/TopDownBP/Blueprints/TopDownCharacter' while loading ../../../../../../Users/natj1/Documents/GitHub/MCompProject/Content/Rooms/MazeRoomAssets/Maze3/BP_Maze3Objective.uasset.
[2018.11.21-15.59.54:502][377]LogLinker: Warning: Can't find file '/Game/TopDownBP/Blueprints/TopDownCharacter'
[2018.11.21-15.59.54:502][377]LogLinker: Warning: Can't find file for asset '/Game/TopDownBP/Blueprints/TopDownCharacter' while loading ../../../../../../Users/natj1/Documents/GitHub/MCompProject/Content/Rooms/MazeRoomAssets/Maze3/BP_Maze3Objective.uasset.
[2018.11.21-15.59.54:504][377]LogLinker: Warning: Can't find file '/Game/TopDownBP/Blueprints/TopDownCharacter'
[2018.11.21-15.59.54:504][377]LogLinker: Warning: Can't find file for asset '/Game/TopDownBP/Blueprints/TopDownCharacter' while loading ../../../../../../Users/natj1/Documents/GitHub/MCompProject/Content/Rooms/MazeRoomAssets/Maze3/BP_Maze3Objective.uasset.
[2018.11.21-15.59.54:506][377]LogLinker: Warning: Can't find file '/Game/TopDownBP/Blueprints/TopDownCharacter'
[2018.11.21-15.59.54:506][377]LogLinker: Warning: Can't find file for asset '/Game/TopDownBP/Blueprints/TopDownCharacter' while loading ../../../../../../Users/natj1/Documents/GitHub/MCompProject/Content/Rooms/MazeRoomAssets/Maze3/BP_Maze3Objective.uasset.
[2018.11.21-15.59.54:524][377]LogUObjectGlobals: Destroyed PersistentFrame Addr=0x000002ad87c96400, Size=1516
[2018.11.21-15.59.54:524][377]LogUObjectGlobals: Created PersistentFrame Addr=0x000002ad913e0f00, Size=1516, Default__BP_Maze3_C Function /Engine/Transient.REINST_BP_Maze3_C_83:ExecuteUbergraph_BP_Maze3
[2018.11.21-15.59.54:525][377]LogUObjectGlobals: Destroyed PersistentFrame Addr=0x000002ad98059000, Size=688
[2018.11.21-15.59.54:525][377]LogUObjectGlobals: Created PersistentFrame Addr=0x000002ad9ee32e00, Size=688, Default__BP_Maze3Lever_C Function /Engine/Transient.REINST_BP_Maze3Lever_C_84:ExecuteUbergraph_BP_Maze3Lever
[2018.11.21-15.59.54:525][377]LogUObjectGlobals: Destroyed PersistentFrame Addr=0x000002ad9ee26800, Size=248
[2018.11.21-15.59.54:525][377]LogUObjectGlobals: Created PersistentFrame Addr=0x000002ad9ee26800, Size=248, Default__BP_Maze3Objective_C Function /Engine/Transient.REINST_BP_Maze3Objective_C_85:ExecuteUbergraph_BP_Maze3Objective
[2018.11.21-15.59.54:540][377]LogBlueprint: Error: [Compiler BP_Maze3Lever] Can't connect pins  Object  and  Other Actor : This cast has an invalid target type (was the class deleted without a redirect?).
[2018.11.21-15.59.54:541][377]LogBlueprint: Error: [Compiler BP_Maze3Lever] Can't connect pins  Other Actor  and  Object : This cast has an invalid target type (was the class deleted without a redirect?).
[2018.11.21-15.59.54:541][377]LogBlueprint: Error: [Compiler BP_Maze3Lever] Can't connect pins  Object  and  Other Actor : This cast has an invalid target type (was the class deleted without a redirect?).
[2018.11.21-15.59.54:541][377]LogBlueprint: Error: [Compiler BP_Maze3Lever] Can't connect pins  Other Actor  and  Object : This cast has an invalid target type (was the class deleted without a redirect?).
[2018.11.21-15.59.54:543][377]LogBlueprint: Error: [Compiler BP_Maze3Objective] Can't connect pins  Object  and  Other Actor : This cast has an invalid target type (was the class deleted without a redirect?).
[2018.11.21-15.59.54:543][377]LogBlueprint: Error: [Compiler BP_Maze3Objective] Can't connect pins  Other Actor  and  Object : This cast has an invalid target type (was the class deleted without a redirect?).
[2018.11.21-15.59.54:548][377]LogUObjectGlobals: Created PersistentFrame Addr=0x000002ad9ee42b00, Size=1516, Default__BP_Maze3_C Function /Game/Rooms/MazeRoomAssets/Maze3/BP_Maze3.BP_Maze3_C:ExecuteUbergraph_BP_Maze3
[2018.11.21-15.59.54:551][377]LogUObjectGlobals: Created PersistentFrame Addr=0x000002ad9ef09f00, Size=672, Default__BP_Maze3Lever_C Function /Game/Rooms/MazeRoomAssets/Maze3/BP_Maze3Lever.BP_Maze3Lever_C:ExecuteUbergraph_BP_Maze3Lever
[2018.11.21-15.59.54:551][377]LogUObjectGlobals: Created PersistentFrame Addr=0x000002ad98069800, Size=240, Default__BP_Maze3Objective_C Function /Game/Rooms/MazeRoomAssets/Maze3/BP_Maze3Objective.BP_Maze3Objective_C:ExecuteUbergraph_BP_Maze3Objective
[2018.11.21-15.59.54:557][377]LogBlueprint: Warning: [Compiler BP_Maze3Lever] [2296.18] Compile of BP_Maze3Lever failed. 4 Fatal Issue(s) 0 Warning(s) [in 42 ms] (/Game/Rooms/MazeRoomAssets/Maze3/BP_Maze3Lever.BP_Maze3Lever)
[2018.11.21-15.59.54:557][377]LogBlueprint: Warning: [Compiler BP_Maze3Objective] [2296.18] Compile of BP_Maze3Objective failed. 2 Fatal Issue(s) 0 Warning(s) [in 42 ms] (/Game/Rooms/MazeRoomAssets/Maze3/BP_Maze3Objective.BP_Maze3Objective)
[2018.11.21-15.59.54:558][377]LogLinker: Warning: Can't find file '/Game/TopDownBP/Blueprints/TopDownCharacter'
[2018.11.21-15.59.54:558][377]LogLinker: Warning: Can't find file for asset '/Game/TopDownBP/Blueprints/TopDownCharacter' while loading ../../../../../../Users/natj1/Documents/GitHub/MCompProject/Content/Rooms/MazeRoomAssets/Maze3/BP_Maze3Lever.uasset.
[2018.11.21-15.59.54:558][377]LoadErrors: Error: /Game/Rooms/MazeRoomAssets/Maze3/BP_Maze3Lever : Can't find file for asset. /Game/TopDownBP/Blueprints/TopDownCharacter
[2018.11.21-15.59.54:562][377]LogLinker: Warning: Can't find file '/Game/TopDownBP/Blueprints/TopDownCharacter'
[2018.11.21-15.59.54:562][377]LogLinker: Warning: Can't find file for asset '/Game/TopDownBP/Blueprints/TopDownCharacter' while loading ../../../../../../Users/natj1/Documents/GitHub/MCompProject/Content/Rooms/MazeRoomAssets/Maze3/BP_Maze3Lever.uasset.
[2018.11.21-16.00.13:107][ 31]LogSlate: FSceneViewport::OnFocusLost() reason 2
[2018.11.21-16.00.17:699][492]LogSlate: FSceneViewport::OnFocusLost() reason 0
